2021-10-21 18:24:17,135 DEBUG (BaseJdbcLogger.java:159)- ==>  Preparing: select * from `user` where username = ? 
2021-10-21 18:24:17,173 DEBUG (BaseJdbcLogger.java:159)- ==> Parameters: wangfen(String)
2021-10-21 18:24:17,207 DEBUG (BaseJdbcLogger.java:159)- <==      Total: 1
2021-10-21 18:24:20,314 DEBUG (BaseJdbcLogger.java:159)- ==>  Preparing: SELECT id_access_api, `name`, display_name, `key_name`, `level`, `parent_id`, `router_path`, `seque`, `icon` FROM `access_api` WHERE id_access_api IN ( SELECT id_access_api FROM role_access WHERE id_role = ? ) ORDER BY `level`,seque 
2021-10-21 18:24:20,316 DEBUG (BaseJdbcLogger.java:159)- ==> Parameters: 2(Integer)
2021-10-21 18:24:20,335 DEBUG (BaseJdbcLogger.java:159)- <==      Total: 17
2021-10-21 18:24:20,603 DEBUG (BaseJdbcLogger.java:159)- ==>  Preparing: SELECT id_access_api, `name`, display_name, `key_name`, `level`, `parent_id`, `router_path`, `seque`, `icon` FROM `access_api` WHERE id_access_api IN ( SELECT id_access_api FROM role_access WHERE id_role = ? ) ORDER BY `level`,seque 
2021-10-21 18:24:20,604 DEBUG (BaseJdbcLogger.java:159)- ==> Parameters: 2(Integer)
2021-10-21 18:24:20,609 DEBUG (BaseJdbcLogger.java:159)- <==      Total: 17
2021-10-21 18:24:20,623 DEBUG (BaseJdbcLogger.java:159)- ==>  Preparing: select id_card_type, `name` from `card_type` 
2021-10-21 18:24:20,624 DEBUG (BaseJdbcLogger.java:159)- ==> Parameters: 
2021-10-21 18:24:20,625 DEBUG (BaseJdbcLogger.java:159)- <==      Total: 2
2021-10-21 18:24:20,627 DEBUG (BaseJdbcLogger.java:159)- ==>  Preparing: SELECT COUNT(1) FROM payment_form WHERE id_payment_form_state = 1 
2021-10-21 18:24:20,628 DEBUG (BaseJdbcLogger.java:159)- ==> Parameters: 
2021-10-21 18:24:20,632 DEBUG (BaseJdbcLogger.java:159)- ==>  Preparing: select count(1) from private_daily WHERE state = ? 
2021-10-21 18:24:20,633 DEBUG (BaseJdbcLogger.java:159)- <==      Total: 1
2021-10-21 18:24:20,633 DEBUG (BaseJdbcLogger.java:159)- ==> Parameters: 0(Integer)
2021-10-21 18:24:20,634 DEBUG (BaseJdbcLogger.java:159)- ==>  Preparing: SELECT COUNT(1) FROM payment_form WHERE id_payment_form NOT IN ( SELECT id_payment_form FROM payment_remittance WHERE id_payment_form IS NOT NULL ) 
2021-10-21 18:24:20,635 DEBUG (BaseJdbcLogger.java:159)- ==> Parameters: 
2021-10-21 18:24:20,635 DEBUG (BaseJdbcLogger.java:159)- <==      Total: 1
2021-10-21 18:24:20,636 DEBUG (BaseJdbcLogger.java:159)- ==>  Preparing: select count(1) from public_daily WHERE state = ? 
2021-10-21 18:24:20,636 DEBUG (BaseJdbcLogger.java:159)- ==> Parameters: 0(Integer)
2021-10-21 18:24:20,637 DEBUG (BaseJdbcLogger.java:159)- <==      Total: 1
2021-10-21 18:24:20,638 DEBUG (BaseJdbcLogger.java:159)- <==      Total: 1
2021-10-21 18:24:20,638 DEBUG (BaseJdbcLogger.java:159)- ==>  Preparing: select count(1) from private_daily WHERE state = ? 
2021-10-21 18:24:20,638 DEBUG (BaseJdbcLogger.java:159)- ==>  Preparing: SELECT id_remaining_sum_record, id_card_type, last_remaining_sum, create_time FROM `remaining_sum_record` WHERE id_card_type = ? and DATE_FORMAT(create_time, '%y-%m-%d') = DATE_FORMAT(NOW(), '%y-%m-%d') 
2021-10-21 18:24:20,639 DEBUG (BaseJdbcLogger.java:159)- ==> Parameters: 1(Integer)
2021-10-21 18:24:20,639 DEBUG (BaseJdbcLogger.java:159)- ==> Parameters: 1(Integer)
2021-10-21 18:24:20,640 DEBUG (BaseJdbcLogger.java:159)- <==      Total: 1
2021-10-21 18:24:20,640 DEBUG (BaseJdbcLogger.java:159)- <==      Total: 0
2021-10-21 18:24:20,641 DEBUG (BaseJdbcLogger.java:159)- ==>  Preparing: select count(1) from public_daily WHERE state = ? 
2021-10-21 18:24:20,641 DEBUG (BaseJdbcLogger.java:159)- ==>  Preparing: SELECT id_remaining_sum_record, id_card_type, last_remaining_sum, create_time FROM `remaining_sum_record` WHERE id_card_type = ? and DATE_FORMAT(create_time, '%y-%m-%d') = DATE_FORMAT(NOW(), '%y-%m-%d') 
2021-10-21 18:24:20,641 DEBUG (BaseJdbcLogger.java:159)- ==> Parameters: 2(Integer)
2021-10-21 18:24:20,641 DEBUG (BaseJdbcLogger.java:159)- ==> Parameters: 1(Integer)
2021-10-21 18:24:20,643 DEBUG (BaseJdbcLogger.java:159)- <==      Total: 0
2021-10-21 18:24:20,643 DEBUG (BaseJdbcLogger.java:159)- <==      Total: 1
2021-10-21 18:24:22,266 DEBUG (BaseJdbcLogger.java:159)- ==>  Preparing: select count(1) from `public_daily` where 1=1 
2021-10-21 18:24:22,267 DEBUG (BaseJdbcLogger.java:159)- ==> Parameters: 
2021-10-21 18:24:22,268 DEBUG (BaseJdbcLogger.java:159)- <==      Total: 1
2021-10-21 18:24:22,271 DEBUG (BaseJdbcLogger.java:159)- ==>  Preparing: select id_public_daily, collection_amount, pay_amount, service_charge, remaining_sum, state, create_time from `public_daily` where 1=1 ORDER BY create_time DESC limit ?,? 
2021-10-21 18:24:22,272 DEBUG (BaseJdbcLogger.java:159)- ==> Parameters: 0(Integer), 10(Integer)
2021-10-21 18:24:22,278 DEBUG (BaseJdbcLogger.java:159)- <==      Total: 10
2021-10-21 18:24:24,673 DEBUG (BaseJdbcLogger.java:159)- ==>  Preparing: select count(1) from `second_general_account_daily` where 1=1 
2021-10-21 18:24:24,674 DEBUG (BaseJdbcLogger.java:159)- ==> Parameters: 
2021-10-21 18:24:24,675 DEBUG (BaseJdbcLogger.java:159)- <==      Total: 1
2021-10-21 18:24:24,677 DEBUG (BaseJdbcLogger.java:159)- ==>  Preparing: select id_second_general_account_daily, collection_amount, pay_amount, service_charge, remaining_sum, state, create_time from `second_general_account_daily` where 1=1 ORDER BY create_time DESC limit ?,? 
2021-10-21 18:24:24,678 DEBUG (BaseJdbcLogger.java:159)- ==> Parameters: 0(Integer), 10(Integer)
2021-10-21 18:24:24,681 DEBUG (BaseJdbcLogger.java:159)- <==      Total: 2
2021-10-21 18:24:24,944 DEBUG (BaseJdbcLogger.java:159)- ==>  Preparing: select count(1) from `general_account_daily` where 1=1 
2021-10-21 18:24:24,945 DEBUG (BaseJdbcLogger.java:159)- ==> Parameters: 
2021-10-21 18:24:24,966 DEBUG (BaseJdbcLogger.java:159)- <==      Total: 1
2021-10-21 18:24:24,968 DEBUG (BaseJdbcLogger.java:159)- ==>  Preparing: select id_general_account_daily, collection_amount, pay_amount, service_charge, remaining_sum, state, create_time from `general_account_daily` where 1=1 ORDER BY create_time DESC limit ?,? 
2021-10-21 18:24:24,969 DEBUG (BaseJdbcLogger.java:159)- ==> Parameters: 0(Integer), 10(Integer)
2021-10-21 18:24:24,971 DEBUG (BaseJdbcLogger.java:159)- <==      Total: 2
2021-10-21 18:24:48,975 DEBUG (BaseJdbcLogger.java:159)- ==>  Preparing: SELECT id_access_api, `name`, display_name, `key_name`, `level`, `parent_id`, `router_path`, `seque`, `icon` FROM `access_api` WHERE id_access_api IN ( SELECT id_access_api FROM role_access WHERE id_role = ? ) ORDER BY `level`,seque 
2021-10-21 18:24:48,975 DEBUG (BaseJdbcLogger.java:159)- ==>  Preparing: SELECT id_access_api, `name`, display_name, `key_name`, `level`, `parent_id`, `router_path`, `seque`, `icon` FROM `access_api` WHERE id_access_api IN ( SELECT id_access_api FROM role_access WHERE id_role = ? ) ORDER BY `level`,seque 
2021-10-21 18:24:48,976 DEBUG (BaseJdbcLogger.java:159)- ==> Parameters: 2(Integer)
2021-10-21 18:24:48,976 DEBUG (BaseJdbcLogger.java:159)- ==> Parameters: 2(Integer)
2021-10-21 18:24:48,982 DEBUG (BaseJdbcLogger.java:159)- <==      Total: 17
2021-10-21 18:24:48,982 DEBUG (BaseJdbcLogger.java:159)- <==      Total: 17
2021-10-21 18:24:49,287 DEBUG (BaseJdbcLogger.java:159)- ==>  Preparing: select count(1) from `general_account_daily` where 1=1 
2021-10-21 18:24:49,288 DEBUG (BaseJdbcLogger.java:159)- ==> Parameters: 
2021-10-21 18:24:49,289 DEBUG (BaseJdbcLogger.java:159)- <==      Total: 1
2021-10-21 18:24:49,291 DEBUG (BaseJdbcLogger.java:159)- ==>  Preparing: select id_general_account_daily, collection_amount, pay_amount, service_charge, remaining_sum, state, create_time from `general_account_daily` where 1=1 ORDER BY create_time DESC limit ?,? 
2021-10-21 18:24:49,293 DEBUG (BaseJdbcLogger.java:159)- ==> Parameters: 0(Integer), 10(Integer)
2021-10-21 18:24:49,295 DEBUG (BaseJdbcLogger.java:159)- <==      Total: 3
2021-10-21 18:24:54,000 DEBUG (BaseJdbcLogger.java:159)- ==>  Preparing: SELECT pf.`reason_application` AS 'reasonApplication', pf.`amount`, pf.`payment_name` AS 'paymentName', pf.`payment_account` AS 'paymentAccount', pf.`code`, pf.`id_card_type` AS 'idCardType', pa.`amount` AS 'approvalAmount', pr.`id_payment_remittance` as 'idPaymentRemittance', pr.`id_payment_form` as 'idPaymentForm', pr.`amount` AS 'remittanceAmount', pr.`service_charge` AS 'serviceCharge', pfr.`id_pay_flow_record` as 'idPayFlowRecord', pfr.`remaining_sum` AS 'remainingSum', pfr.`id_flow_type` AS 'idFlowType', pfr.`id_pay_flow_record` AS 'idPayFlowRecord', pr.remark as 'remark', pr.`remittance_date` AS 'createTime' FROM pay_flow_record pfr LEFT JOIN payment_remittance pr ON pr.`id_payment_remittance` = pfr.`id_payment_remittance` LEFT JOIN payment_approval pa ON pa.`id_payment_form` = pr.`id_payment_form` LEFT JOIN payment_form pf ON pf.`id_payment_form` = pa.`id_payment_form` WHERE pr.`id_card_type` = ? AND DATE_FORMAT(pr.`remittance_date`, '%Y-%m-%d') = ? order by pr.create_time desc 
2021-10-21 18:24:54,001 DEBUG (BaseJdbcLogger.java:159)- ==> Parameters: 3(Integer), 2021-10-20(String)
2021-10-21 18:24:54,021 DEBUG (BaseJdbcLogger.java:159)- <==      Total: 0
2021-10-21 18:24:54,023 DEBUG (BaseJdbcLogger.java:159)- ==>  Preparing: SELECT cr.`id_collection_record` as 'idCollectionRecord', cr.`amount` AS 'collectionAmount', cr.`id_card_type` AS 'idCardType', ifr.`remaining_sum` AS 'remainingSum', ifr.`id_flow_type` AS 'idFlowType', ifr.`id_income_flow_record` AS 'idIncomeFlowRecord', cr.`remark`, cr.`collection_date` AS 'createTime' FROM income_flow_record ifr LEFT JOIN collection_record cr ON cr.`id_collection_record` = ifr.`id_collection_record` WHERE cr.`id_card_type` = ? AND DATE_FORMAT(cr.`collection_date`, '%Y-%m-%d') = ? order by cr.create_time desc 
2021-10-21 18:24:54,025 DEBUG (BaseJdbcLogger.java:159)- ==> Parameters: 3(Integer), 2021-10-20(String)
2021-10-21 18:24:54,035 DEBUG (BaseJdbcLogger.java:159)- <==      Total: 0
2021-10-21 18:24:56,234 DEBUG (BaseJdbcLogger.java:159)- ==>  Preparing: insert into approval_general_account_daily ( id_general_account_daily, id_result_type, id_user, create_time ) values( ?, ?, ?, ? ) 
2021-10-21 18:24:56,236 DEBUG (BaseJdbcLogger.java:159)- ==> Parameters: 5(Integer), 2(Integer), 7(Integer), 2021-10-21(String)
2021-10-21 18:24:56,239 DEBUG (BaseJdbcLogger.java:159)- <==    Updates: 1
2021-10-21 18:24:56,241 DEBUG (BaseJdbcLogger.java:159)- ==>  Preparing: update general_account_daily SET state = ? where id_general_account_daily = ? 
2021-10-21 18:24:56,242 DEBUG (BaseJdbcLogger.java:159)- ==> Parameters: 2(Integer), 5(Integer)
2021-10-21 18:24:56,244 DEBUG (BaseJdbcLogger.java:159)- <==    Updates: 1
2021-10-21 18:24:56,487 DEBUG (BaseJdbcLogger.java:159)- ==>  Preparing: select count(1) from `general_account_daily` where 1=1 
2021-10-21 18:24:56,487 DEBUG (BaseJdbcLogger.java:159)- ==> Parameters: 
2021-10-21 18:24:56,488 DEBUG (BaseJdbcLogger.java:159)- <==      Total: 1
2021-10-21 18:24:56,489 DEBUG (BaseJdbcLogger.java:159)- ==>  Preparing: select id_general_account_daily, collection_amount, pay_amount, service_charge, remaining_sum, state, create_time from `general_account_daily` where 1=1 ORDER BY create_time DESC limit ?,? 
2021-10-21 18:24:56,490 DEBUG (BaseJdbcLogger.java:159)- ==> Parameters: 0(Integer), 10(Integer)
2021-10-21 18:24:56,493 DEBUG (BaseJdbcLogger.java:159)- <==      Total: 3
2021-10-21 18:25:05,951 DEBUG (BaseJdbcLogger.java:159)- ==>  Preparing: SELECT id_access_api, `name`, display_name, `key_name`, `level`, `parent_id`, `router_path`, `seque`, `icon` FROM `access_api` WHERE id_access_api IN ( SELECT id_access_api FROM role_access WHERE id_role = ? ) ORDER BY `level`,seque 
2021-10-21 18:25:05,952 DEBUG (BaseJdbcLogger.java:159)- ==> Parameters: null
2021-10-21 18:25:05,952 DEBUG (BaseJdbcLogger.java:159)- ==>  Preparing: SELECT id_access_api, `name`, display_name, `key_name`, `level`, `parent_id`, `router_path`, `seque`, `icon` FROM `access_api` WHERE id_access_api IN ( SELECT id_access_api FROM role_access WHERE id_role = ? ) ORDER BY `level`,seque 
2021-10-21 18:25:05,953 DEBUG (BaseJdbcLogger.java:159)- ==> Parameters: null
2021-10-21 18:25:05,955 DEBUG (BaseJdbcLogger.java:159)- <==      Total: 0
2021-10-21 18:25:05,956 DEBUG (BaseJdbcLogger.java:159)- <==      Total: 0
2021-10-21 18:25:06,262 DEBUG (BaseJdbcLogger.java:159)- ==>  Preparing: select count(1) from `general_account_daily` where 1=1 
2021-10-21 18:25:06,263 DEBUG (BaseJdbcLogger.java:159)- ==> Parameters: 
2021-10-21 18:25:06,264 DEBUG (BaseJdbcLogger.java:159)- <==      Total: 1
2021-10-21 18:25:06,264 DEBUG (BaseJdbcLogger.java:159)- ==>  Preparing: select id_general_account_daily, collection_amount, pay_amount, service_charge, remaining_sum, state, create_time from `general_account_daily` where 1=1 ORDER BY create_time DESC limit ?,? 
2021-10-21 18:25:06,265 DEBUG (BaseJdbcLogger.java:159)- ==> Parameters: 0(Integer), 10(Integer)
2021-10-21 18:25:06,267 DEBUG (BaseJdbcLogger.java:159)- <==      Total: 3
2021-10-21 18:25:15,751 DEBUG (BaseJdbcLogger.java:159)- ==>  Preparing: select * from `user` where username = ? 
2021-10-21 18:25:15,752 DEBUG (BaseJdbcLogger.java:159)- ==> Parameters: weidanxia(String)
2021-10-21 18:25:15,754 DEBUG (BaseJdbcLogger.java:159)- <==      Total: 1
2021-10-21 18:25:17,638 DEBUG (BaseJdbcLogger.java:159)- ==>  Preparing: select id_card_type, `name` from `card_type` 
2021-10-21 18:25:17,638 DEBUG (BaseJdbcLogger.java:159)- ==>  Preparing: SELECT id_access_api, `name`, display_name, `key_name`, `level`, `parent_id`, `router_path`, `seque`, `icon` FROM `access_api` WHERE id_access_api IN ( SELECT id_access_api FROM role_access WHERE id_role = ? ) ORDER BY `level`,seque 
2021-10-21 18:25:17,639 DEBUG (BaseJdbcLogger.java:159)- ==> Parameters: 
2021-10-21 18:25:17,639 DEBUG (BaseJdbcLogger.java:159)- ==> Parameters: 3(Integer)
2021-10-21 18:25:17,641 DEBUG (BaseJdbcLogger.java:159)- <==      Total: 2
2021-10-21 18:25:17,643 DEBUG (BaseJdbcLogger.java:159)- ==>  Preparing: SELECT id_access_api, `name`, display_name, `key_name`, `level`, `parent_id`, `router_path`, `seque`, `icon` FROM `access_api` WHERE id_access_api IN ( SELECT id_access_api FROM role_access WHERE id_role = ? ) ORDER BY `level`,seque 
2021-10-21 18:25:17,645 DEBUG (BaseJdbcLogger.java:159)- <==      Total: 17
2021-10-21 18:25:17,646 DEBUG (BaseJdbcLogger.java:159)- ==> Parameters: 3(Integer)
2021-10-21 18:25:17,646 DEBUG (BaseJdbcLogger.java:159)- ==>  Preparing: SELECT COUNT(1) FROM payment_form WHERE id_payment_form_state = 1 
2021-10-21 18:25:17,647 DEBUG (BaseJdbcLogger.java:159)- ==>  Preparing: select count(1) from private_daily WHERE state = ? 
2021-10-21 18:25:17,648 DEBUG (BaseJdbcLogger.java:159)- ==> Parameters: 
2021-10-21 18:25:17,648 DEBUG (BaseJdbcLogger.java:159)- ==> Parameters: 2(Integer)
2021-10-21 18:25:17,650 DEBUG (BaseJdbcLogger.java:159)- <==      Total: 1
2021-10-21 18:25:17,651 DEBUG (BaseJdbcLogger.java:159)- <==      Total: 1
2021-10-21 18:25:17,651 DEBUG (BaseJdbcLogger.java:159)- ==>  Preparing: SELECT COUNT(1) FROM payment_form WHERE id_payment_form NOT IN ( SELECT id_payment_form FROM payment_remittance WHERE id_payment_form IS NOT NULL ) 
2021-10-21 18:25:17,652 DEBUG (BaseJdbcLogger.java:159)- ==> Parameters: 
2021-10-21 18:25:17,652 DEBUG (BaseJdbcLogger.java:159)- ==>  Preparing: select count(1) from public_daily WHERE state = ? 
2021-10-21 18:25:17,652 DEBUG (BaseJdbcLogger.java:159)- <==      Total: 17
2021-10-21 18:25:17,653 DEBUG (BaseJdbcLogger.java:159)- ==> Parameters: 2(Integer)
2021-10-21 18:25:17,654 DEBUG (BaseJdbcLogger.java:159)- <==      Total: 1
2021-10-21 18:25:17,654 DEBUG (BaseJdbcLogger.java:159)- <==      Total: 1
2021-10-21 18:25:17,655 DEBUG (BaseJdbcLogger.java:159)- ==>  Preparing: SELECT id_remaining_sum_record, id_card_type, last_remaining_sum, create_time FROM `remaining_sum_record` WHERE id_card_type = ? and DATE_FORMAT(create_time, '%y-%m-%d') = DATE_FORMAT(NOW(), '%y-%m-%d') 
2021-10-21 18:25:17,657 DEBUG (BaseJdbcLogger.java:159)- ==> Parameters: 1(Integer)
2021-10-21 18:25:17,658 DEBUG (BaseJdbcLogger.java:159)- <==      Total: 0
2021-10-21 18:25:17,659 DEBUG (BaseJdbcLogger.java:159)- ==>  Preparing: SELECT id_remaining_sum_record, id_card_type, last_remaining_sum, create_time FROM `remaining_sum_record` WHERE id_card_type = ? and DATE_FORMAT(create_time, '%y-%m-%d') = DATE_FORMAT(NOW(), '%y-%m-%d') 
2021-10-21 18:25:17,660 DEBUG (BaseJdbcLogger.java:159)- ==> Parameters: 2(Integer)
2021-10-21 18:25:17,661 DEBUG (BaseJdbcLogger.java:159)- <==      Total: 0
2021-10-21 18:25:26,838 DEBUG (BaseJdbcLogger.java:159)- ==>  Preparing: select count(1) from `public_daily` where 1=1 
2021-10-21 18:25:26,839 DEBUG (BaseJdbcLogger.java:159)- ==> Parameters: 
2021-10-21 18:25:26,840 DEBUG (BaseJdbcLogger.java:159)- <==      Total: 1
2021-10-21 18:25:26,842 DEBUG (BaseJdbcLogger.java:159)- ==>  Preparing: select id_public_daily, collection_amount, pay_amount, service_charge, remaining_sum, state, create_time from `public_daily` where 1=1 ORDER BY create_time DESC limit ?,? 
2021-10-21 18:25:26,843 DEBUG (BaseJdbcLogger.java:159)- ==> Parameters: 0(Integer), 10(Integer)
2021-10-21 18:25:26,849 DEBUG (BaseJdbcLogger.java:159)- <==      Total: 10
2021-10-21 18:25:28,179 DEBUG (BaseJdbcLogger.java:159)- ==>  Preparing: select count(1) from `general_account_daily` where 1=1 
2021-10-21 18:25:28,180 DEBUG (BaseJdbcLogger.java:159)- ==> Parameters: 
2021-10-21 18:25:28,181 DEBUG (BaseJdbcLogger.java:159)- <==      Total: 1
2021-10-21 18:25:28,183 DEBUG (BaseJdbcLogger.java:159)- ==>  Preparing: select id_general_account_daily, collection_amount, pay_amount, service_charge, remaining_sum, state, create_time from `general_account_daily` where 1=1 ORDER BY create_time DESC limit ?,? 
2021-10-21 18:25:28,183 DEBUG (BaseJdbcLogger.java:159)- ==> Parameters: 0(Integer), 10(Integer)
2021-10-21 18:25:28,186 DEBUG (BaseJdbcLogger.java:159)- <==      Total: 3
2021-10-21 18:25:33,631 DEBUG (BaseJdbcLogger.java:159)- ==>  Preparing: SELECT pf.`reason_application` AS 'reasonApplication', pf.`amount`, pf.`payment_name` AS 'paymentName', pf.`payment_account` AS 'paymentAccount', pf.`code`, pf.`id_card_type` AS 'idCardType', pa.`amount` AS 'approvalAmount', pr.`id_payment_remittance` as 'idPaymentRemittance', pr.`id_payment_form` as 'idPaymentForm', pr.`amount` AS 'remittanceAmount', pr.`service_charge` AS 'serviceCharge', pfr.`id_pay_flow_record` as 'idPayFlowRecord', pfr.`remaining_sum` AS 'remainingSum', pfr.`id_flow_type` AS 'idFlowType', pfr.`id_pay_flow_record` AS 'idPayFlowRecord', pr.remark as 'remark', pr.`remittance_date` AS 'createTime' FROM pay_flow_record pfr LEFT JOIN payment_remittance pr ON pr.`id_payment_remittance` = pfr.`id_payment_remittance` LEFT JOIN payment_approval pa ON pa.`id_payment_form` = pr.`id_payment_form` LEFT JOIN payment_form pf ON pf.`id_payment_form` = pa.`id_payment_form` WHERE pr.`id_card_type` = ? AND DATE_FORMAT(pr.`remittance_date`, '%Y-%m-%d') = ? order by pr.create_time desc 
2021-10-21 18:25:33,632 DEBUG (BaseJdbcLogger.java:159)- ==> Parameters: 3(Integer), 2021-10-20(String)
2021-10-21 18:25:33,649 DEBUG (BaseJdbcLogger.java:159)- <==      Total: 0
2021-10-21 18:25:33,650 DEBUG (BaseJdbcLogger.java:159)- ==>  Preparing: SELECT cr.`id_collection_record` as 'idCollectionRecord', cr.`amount` AS 'collectionAmount', cr.`id_card_type` AS 'idCardType', ifr.`remaining_sum` AS 'remainingSum', ifr.`id_flow_type` AS 'idFlowType', ifr.`id_income_flow_record` AS 'idIncomeFlowRecord', cr.`remark`, cr.`collection_date` AS 'createTime' FROM income_flow_record ifr LEFT JOIN collection_record cr ON cr.`id_collection_record` = ifr.`id_collection_record` WHERE cr.`id_card_type` = ? AND DATE_FORMAT(cr.`collection_date`, '%Y-%m-%d') = ? order by cr.create_time desc 
2021-10-21 18:25:33,652 DEBUG (BaseJdbcLogger.java:159)- ==> Parameters: 3(Integer), 2021-10-20(String)
2021-10-21 18:25:33,662 DEBUG (BaseJdbcLogger.java:159)- <==      Total: 0
2021-10-21 18:25:51,974 DEBUG (BaseJdbcLogger.java:159)- ==>  Preparing: insert into collection_record ( id_card_type, amount, collection_date, id_user, create_time ) values ( ?, ?, ?, ?, ? ) 
2021-10-21 18:25:51,976 DEBUG (BaseJdbcLogger.java:159)- ==> Parameters: 3(Integer), 250(String), 2021-10-20 00:00:00(String), 8(Integer), 2021-10-21 18:25:51(String)
2021-10-21 18:25:51,988 DEBUG (BaseJdbcLogger.java:159)- <==    Updates: 1
2021-10-21 18:25:51,989 DEBUG (BaseJdbcLogger.java:159)- ==>  Preparing: select id_config, id_card_type, `name`, config from `config` where `id_config` = ? 
2021-10-21 18:25:51,989 DEBUG (BaseJdbcLogger.java:159)- ==> Parameters: 3(Integer)
2021-10-21 18:25:51,991 DEBUG (BaseJdbcLogger.java:159)- <==      Total: 1
2021-10-21 18:25:52,089 DEBUG (BaseJdbcLogger.java:159)- ==>  Preparing: insert into `income_flow_record` ( id_collection_record, amount, remaining_sum, create_time ) values ( ?, ?, ?, ? ) 
2021-10-21 18:25:52,089 DEBUG (BaseJdbcLogger.java:159)- ==> Parameters: 55(Integer), 250(String), 10500(String), 2021-10-21 18:25:52(String)
2021-10-21 18:25:52,092 DEBUG (BaseJdbcLogger.java:159)- <==    Updates: 1
2021-10-21 18:25:52,107 DEBUG (BaseJdbcLogger.java:159)- ==>  Preparing: update `config` set `config` = ? where id_config = ? 
2021-10-21 18:25:52,108 DEBUG (BaseJdbcLogger.java:159)- ==> Parameters: {"accountName":"账户2","cardNum":"44050110147400000479","remainingSum":"10500","telephone":"13662459025"}(String), 3(Integer)
2021-10-21 18:25:52,111 DEBUG (BaseJdbcLogger.java:159)- <==    Updates: 1
2021-10-21 18:25:52,112 DEBUG (BaseJdbcLogger.java:159)- ==>  Preparing: select id_general_account_daily, collection_amount, pay_amount, service_charge, remaining_sum, state, create_time from general_account_daily where id_general_account_daily = ? 
2021-10-21 18:25:52,112 DEBUG (BaseJdbcLogger.java:159)- ==> Parameters: 5(Integer)
2021-10-21 18:25:52,113 DEBUG (BaseJdbcLogger.java:159)- <==      Total: 1
2021-10-21 18:25:52,115 DEBUG (BaseJdbcLogger.java:159)- ==>  Preparing: update general_account_daily SET collection_amount = ?, pay_amount = ?, service_charge = ?, remaining_sum = ?, state = ?, create_time = ? where id_general_account_daily = ? 
2021-10-21 18:25:52,116 DEBUG (BaseJdbcLogger.java:159)- ==> Parameters: 250.00(String), 0.00(String), 0.00(String), 10500.00(String), 2(Integer), 2021-10-20 18:24:37(String), 5(Integer)
2021-10-21 18:25:52,119 DEBUG (BaseJdbcLogger.java:159)- <==    Updates: 1
2021-10-21 18:25:52,215 DEBUG (BaseJdbcLogger.java:159)- ==>  Preparing: SELECT pf.`reason_application` AS 'reasonApplication', pf.`amount`, pf.`payment_name` AS 'paymentName', pf.`payment_account` AS 'paymentAccount', pf.`code`, pf.`id_card_type` AS 'idCardType', pa.`amount` AS 'approvalAmount', pr.`id_payment_remittance` as 'idPaymentRemittance', pr.`id_payment_form` as 'idPaymentForm', pr.`amount` AS 'remittanceAmount', pr.`service_charge` AS 'serviceCharge', pfr.`id_pay_flow_record` as 'idPayFlowRecord', pfr.`remaining_sum` AS 'remainingSum', pfr.`id_flow_type` AS 'idFlowType', pfr.`id_pay_flow_record` AS 'idPayFlowRecord', pr.remark as 'remark', pr.`remittance_date` AS 'createTime' FROM pay_flow_record pfr LEFT JOIN payment_remittance pr ON pr.`id_payment_remittance` = pfr.`id_payment_remittance` LEFT JOIN payment_approval pa ON pa.`id_payment_form` = pr.`id_payment_form` LEFT JOIN payment_form pf ON pf.`id_payment_form` = pa.`id_payment_form` WHERE pr.`id_card_type` = ? AND DATE_FORMAT(pr.`remittance_date`, '%Y-%m-%d') = ? order by pr.create_time desc 
2021-10-21 18:25:52,219 DEBUG (BaseJdbcLogger.java:159)- ==> Parameters: 3(Integer), 2021-10-20(String)
2021-10-21 18:25:52,227 DEBUG (BaseJdbcLogger.java:159)- <==      Total: 0
2021-10-21 18:25:52,228 DEBUG (BaseJdbcLogger.java:159)- ==>  Preparing: SELECT cr.`id_collection_record` as 'idCollectionRecord', cr.`amount` AS 'collectionAmount', cr.`id_card_type` AS 'idCardType', ifr.`remaining_sum` AS 'remainingSum', ifr.`id_flow_type` AS 'idFlowType', ifr.`id_income_flow_record` AS 'idIncomeFlowRecord', cr.`remark`, cr.`collection_date` AS 'createTime' FROM income_flow_record ifr LEFT JOIN collection_record cr ON cr.`id_collection_record` = ifr.`id_collection_record` WHERE cr.`id_card_type` = ? AND DATE_FORMAT(cr.`collection_date`, '%Y-%m-%d') = ? order by cr.create_time desc 
2021-10-21 18:25:52,229 DEBUG (BaseJdbcLogger.java:159)- ==> Parameters: 3(Integer), 2021-10-20(String)
2021-10-21 18:25:52,240 DEBUG (BaseJdbcLogger.java:159)- <==      Total: 1
2021-10-21 18:26:01,037 DEBUG (BaseJdbcLogger.java:159)- ==>  Preparing: update general_account_daily SET state = ? where id_general_account_daily = ? 
2021-10-21 18:26:01,038 DEBUG (BaseJdbcLogger.java:159)- ==> Parameters: 0(Integer), 5(Integer)
2021-10-21 18:26:01,048 DEBUG (BaseJdbcLogger.java:159)- <==    Updates: 1
2021-10-21 18:26:01,376 DEBUG (BaseJdbcLogger.java:159)- ==>  Preparing: select count(1) from `general_account_daily` where 1=1 
2021-10-21 18:26:01,377 DEBUG (BaseJdbcLogger.java:159)- ==> Parameters: 
2021-10-21 18:26:01,378 DEBUG (BaseJdbcLogger.java:159)- <==      Total: 1
2021-10-21 18:26:01,380 DEBUG (BaseJdbcLogger.java:159)- ==>  Preparing: select id_general_account_daily, collection_amount, pay_amount, service_charge, remaining_sum, state, create_time from `general_account_daily` where 1=1 ORDER BY create_time DESC limit ?,? 
2021-10-21 18:26:01,380 DEBUG (BaseJdbcLogger.java:159)- ==> Parameters: 0(Integer), 10(Integer)
2021-10-21 18:26:01,388 DEBUG (BaseJdbcLogger.java:159)- <==      Total: 3
2021-10-21 18:26:11,181 DEBUG (BaseJdbcLogger.java:159)- ==>  Preparing: SELECT id_access_api, `name`, display_name, `key_name`, `level`, `parent_id`, `router_path`, `seque`, `icon` FROM `access_api` WHERE id_access_api IN ( SELECT id_access_api FROM role_access WHERE id_role = ? ) ORDER BY `level`,seque 
2021-10-21 18:26:11,182 DEBUG (BaseJdbcLogger.java:159)- ==> Parameters: 2(Integer)
2021-10-21 18:26:11,183 DEBUG (BaseJdbcLogger.java:159)- ==>  Preparing: SELECT id_access_api, `name`, display_name, `key_name`, `level`, `parent_id`, `router_path`, `seque`, `icon` FROM `access_api` WHERE id_access_api IN ( SELECT id_access_api FROM role_access WHERE id_role = ? ) ORDER BY `level`,seque 
2021-10-21 18:26:11,183 DEBUG (BaseJdbcLogger.java:159)- ==>  Preparing: select count(1) from `general_account_daily` where 1=1 
2021-10-21 18:26:11,184 DEBUG (BaseJdbcLogger.java:159)- ==> Parameters: 2(Integer)
2021-10-21 18:26:11,184 DEBUG (BaseJdbcLogger.java:159)- ==> Parameters: 
2021-10-21 18:26:11,186 DEBUG (BaseJdbcLogger.java:159)- <==      Total: 1
2021-10-21 18:26:11,187 DEBUG (BaseJdbcLogger.java:159)- ==>  Preparing: select id_general_account_daily, collection_amount, pay_amount, service_charge, remaining_sum, state, create_time from `general_account_daily` where 1=1 ORDER BY create_time DESC limit ?,? 
2021-10-21 18:26:11,188 DEBUG (BaseJdbcLogger.java:159)- ==> Parameters: 0(Integer), 10(Integer)
2021-10-21 18:26:11,188 DEBUG (BaseJdbcLogger.java:159)- <==      Total: 17
2021-10-21 18:26:11,189 DEBUG (BaseJdbcLogger.java:159)- <==      Total: 17
2021-10-21 18:26:11,191 DEBUG (BaseJdbcLogger.java:159)- <==      Total: 3
2021-10-21 18:26:11,865 DEBUG (BaseJdbcLogger.java:159)- ==>  Preparing: select count(1) from `public_daily` where 1=1 
2021-10-21 18:26:11,866 DEBUG (BaseJdbcLogger.java:159)- ==> Parameters: 
2021-10-21 18:26:11,868 DEBUG (BaseJdbcLogger.java:159)- <==      Total: 1
2021-10-21 18:26:11,869 DEBUG (BaseJdbcLogger.java:159)- ==>  Preparing: select id_public_daily, collection_amount, pay_amount, service_charge, remaining_sum, state, create_time from `public_daily` where 1=1 ORDER BY create_time DESC limit ?,? 
2021-10-21 18:26:11,870 DEBUG (BaseJdbcLogger.java:159)- ==> Parameters: 0(Integer), 10(Integer)
2021-10-21 18:26:11,874 DEBUG (BaseJdbcLogger.java:159)- <==      Total: 10
2021-10-21 18:26:13,748 DEBUG (BaseJdbcLogger.java:159)- ==>  Preparing: select count(1) from `general_account_daily` where 1=1 
2021-10-21 18:26:13,749 DEBUG (BaseJdbcLogger.java:159)- ==> Parameters: 
2021-10-21 18:26:13,751 DEBUG (BaseJdbcLogger.java:159)- <==      Total: 1
2021-10-21 18:26:13,752 DEBUG (BaseJdbcLogger.java:159)- ==>  Preparing: select id_general_account_daily, collection_amount, pay_amount, service_charge, remaining_sum, state, create_time from `general_account_daily` where 1=1 ORDER BY create_time DESC limit ?,? 
2021-10-21 18:26:13,753 DEBUG (BaseJdbcLogger.java:159)- ==> Parameters: 0(Integer), 10(Integer)
2021-10-21 18:26:13,754 DEBUG (BaseJdbcLogger.java:159)- <==      Total: 3
2021-10-21 18:26:16,679 DEBUG (BaseJdbcLogger.java:159)- ==>  Preparing: SELECT pf.`reason_application` AS 'reasonApplication', pf.`amount`, pf.`payment_name` AS 'paymentName', pf.`payment_account` AS 'paymentAccount', pf.`code`, pf.`id_card_type` AS 'idCardType', pa.`amount` AS 'approvalAmount', pr.`id_payment_remittance` as 'idPaymentRemittance', pr.`id_payment_form` as 'idPaymentForm', pr.`amount` AS 'remittanceAmount', pr.`service_charge` AS 'serviceCharge', pfr.`id_pay_flow_record` as 'idPayFlowRecord', pfr.`remaining_sum` AS 'remainingSum', pfr.`id_flow_type` AS 'idFlowType', pfr.`id_pay_flow_record` AS 'idPayFlowRecord', pr.remark as 'remark', pr.`remittance_date` AS 'createTime' FROM pay_flow_record pfr LEFT JOIN payment_remittance pr ON pr.`id_payment_remittance` = pfr.`id_payment_remittance` LEFT JOIN payment_approval pa ON pa.`id_payment_form` = pr.`id_payment_form` LEFT JOIN payment_form pf ON pf.`id_payment_form` = pa.`id_payment_form` WHERE pr.`id_card_type` = ? AND DATE_FORMAT(pr.`remittance_date`, '%Y-%m-%d') = ? order by pr.create_time desc 
2021-10-21 18:26:16,681 DEBUG (BaseJdbcLogger.java:159)- ==> Parameters: 3(Integer), 2021-10-20(String)
2021-10-21 18:26:16,691 DEBUG (BaseJdbcLogger.java:159)- <==      Total: 0
2021-10-21 18:26:16,692 DEBUG (BaseJdbcLogger.java:159)- ==>  Preparing: SELECT cr.`id_collection_record` as 'idCollectionRecord', cr.`amount` AS 'collectionAmount', cr.`id_card_type` AS 'idCardType', ifr.`remaining_sum` AS 'remainingSum', ifr.`id_flow_type` AS 'idFlowType', ifr.`id_income_flow_record` AS 'idIncomeFlowRecord', cr.`remark`, cr.`collection_date` AS 'createTime' FROM income_flow_record ifr LEFT JOIN collection_record cr ON cr.`id_collection_record` = ifr.`id_collection_record` WHERE cr.`id_card_type` = ? AND DATE_FORMAT(cr.`collection_date`, '%Y-%m-%d') = ? order by cr.create_time desc 
2021-10-21 18:26:16,693 DEBUG (BaseJdbcLogger.java:159)- ==> Parameters: 3(Integer), 2021-10-20(String)
2021-10-21 18:26:16,703 DEBUG (BaseJdbcLogger.java:159)- <==      Total: 1
2021-10-21 18:26:17,599 DEBUG (BaseJdbcLogger.java:159)- ==>  Preparing: insert into approval_general_account_daily ( id_general_account_daily, id_result_type, id_user, create_time ) values( ?, ?, ?, ? ) 
2021-10-21 18:26:17,600 DEBUG (BaseJdbcLogger.java:159)- ==> Parameters: 5(Integer), 2(Integer), 7(Integer), 2021-10-21(String)
2021-10-21 18:26:17,611 DEBUG (BaseJdbcLogger.java:159)- <==    Updates: 1
2021-10-21 18:26:17,613 DEBUG (BaseJdbcLogger.java:159)- ==>  Preparing: update general_account_daily SET state = ? where id_general_account_daily = ? 
2021-10-21 18:26:17,614 DEBUG (BaseJdbcLogger.java:159)- ==> Parameters: 2(Integer), 5(Integer)
2021-10-21 18:26:17,617 DEBUG (BaseJdbcLogger.java:159)- <==    Updates: 1
2021-10-21 18:26:17,958 DEBUG (BaseJdbcLogger.java:159)- ==>  Preparing: select count(1) from `general_account_daily` where 1=1 
2021-10-21 18:26:17,959 DEBUG (BaseJdbcLogger.java:159)- ==> Parameters: 
2021-10-21 18:26:17,961 DEBUG (BaseJdbcLogger.java:159)- <==      Total: 1
2021-10-21 18:26:17,964 DEBUG (BaseJdbcLogger.java:159)- ==>  Preparing: select id_general_account_daily, collection_amount, pay_amount, service_charge, remaining_sum, state, create_time from `general_account_daily` where 1=1 ORDER BY create_time DESC limit ?,? 
2021-10-21 18:26:17,966 DEBUG (BaseJdbcLogger.java:159)- ==> Parameters: 0(Integer), 10(Integer)
2021-10-21 18:26:17,971 DEBUG (BaseJdbcLogger.java:159)- <==      Total: 3
2021-10-21 18:26:21,139 DEBUG (BaseJdbcLogger.java:159)- ==>  Preparing: SELECT id_access_api, `name`, display_name, `key_name`, `level`, `parent_id`, `router_path`, `seque`, `icon` FROM `access_api` WHERE id_access_api IN ( SELECT id_access_api FROM role_access WHERE id_role = ? ) ORDER BY `level`,seque 
2021-10-21 18:26:21,140 DEBUG (BaseJdbcLogger.java:159)- ==> Parameters: 3(Integer)
2021-10-21 18:26:21,144 DEBUG (BaseJdbcLogger.java:159)- <==      Total: 17
2021-10-21 18:26:21,443 DEBUG (BaseJdbcLogger.java:159)- ==>  Preparing: SELECT id_access_api, `name`, display_name, `key_name`, `level`, `parent_id`, `router_path`, `seque`, `icon` FROM `access_api` WHERE id_access_api IN ( SELECT id_access_api FROM role_access WHERE id_role = ? ) ORDER BY `level`,seque 
2021-10-21 18:26:21,443 DEBUG (BaseJdbcLogger.java:159)- ==>  Preparing: select count(1) from `general_account_daily` where 1=1 
2021-10-21 18:26:21,443 DEBUG (BaseJdbcLogger.java:159)- ==> Parameters: 
2021-10-21 18:26:21,443 DEBUG (BaseJdbcLogger.java:159)- ==> Parameters: 3(Integer)
2021-10-21 18:26:21,446 DEBUG (BaseJdbcLogger.java:159)- <==      Total: 1
2021-10-21 18:26:21,448 DEBUG (BaseJdbcLogger.java:159)- ==>  Preparing: select id_general_account_daily, collection_amount, pay_amount, service_charge, remaining_sum, state, create_time from `general_account_daily` where 1=1 ORDER BY create_time DESC limit ?,? 
2021-10-21 18:26:21,448 DEBUG (BaseJdbcLogger.java:159)- ==> Parameters: 0(Integer), 10(Integer)
2021-10-21 18:26:21,449 DEBUG (BaseJdbcLogger.java:159)- <==      Total: 17
2021-10-21 18:26:21,451 DEBUG (BaseJdbcLogger.java:159)- <==      Total: 3
2021-10-21 18:26:29,583 DEBUG (BaseJdbcLogger.java:159)- ==>  Preparing: SELECT pf.`reason_application` AS 'reasonApplication', pf.`amount`, pf.`payment_name` AS 'paymentName', pf.`payment_account` AS 'paymentAccount', pf.`code`, pr.`id_card_type` as 'idCardType', pa.`amount` AS 'approvalAmount', pr.`amount` AS 'remittanceAmount', pr.`service_charge` AS 'serviceCharge', pfr.`remaining_sum` AS 'remainingSum', pfr.`id_flow_type` AS 'idFlowType', pfr.`id_pay_flow_record` AS 'idPayFlowRecord', pr.`remark` AS 'remark', pr.`remittance_date` as 'remittanceDate', pr.`id_config` as 'idConfig', pr.`create_time` AS 'createTime' FROM pay_flow_record pfr LEFT JOIN payment_remittance pr ON pr.`id_payment_remittance` = pfr.`id_payment_remittance` LEFT JOIN payment_approval pa ON pa.`id_payment_form` = pr.`id_payment_form` LEFT JOIN payment_form pf ON pf.`id_payment_form` = pa.`id_payment_form` WHERE 1=1 ORDER BY pr.`remittance_date` DESC, pr.`id_payment_remittance` DESC 
2021-10-21 18:26:29,591 DEBUG (BaseJdbcLogger.java:159)- ==> Parameters: 
2021-10-21 18:26:29,654 DEBUG (BaseJdbcLogger.java:159)- <==      Total: 64
2021-10-21 18:26:29,656 DEBUG (BaseJdbcLogger.java:159)- ==>  Preparing: SELECT cr.`amount` as 'collectionAmount', cr.`id_card_type` as 'idCardType', cr.`id_config` as 'idConfig', ifr.`remaining_sum` AS 'remainingSum', ifr.`id_flow_type` AS 'idFlowType', ifr.`id_income_flow_record` AS 'idIncomeFlowRecord', cr.`remark` as 'remark', cr.`collection_date` as 'collectionDate', cr.`create_time` AS 'createTime' FROM income_flow_record ifr LEFT JOIN collection_record cr ON cr.`id_collection_record` = ifr.`id_collection_record` WHERE 1=1 ORDER BY cr.`collection_date` DESC, cr.`id_collection_record` DESC 
2021-10-21 18:26:29,656 DEBUG (BaseJdbcLogger.java:159)- ==> Parameters: 
2021-10-21 18:26:29,673 DEBUG (BaseJdbcLogger.java:159)- <==      Total: 37
2021-10-21 18:26:31,190 DEBUG (BaseJdbcLogger.java:159)- ==>  Preparing: SELECT pf.`reason_application` AS 'reasonApplication', pf.`amount`, pf.`payment_name` AS 'paymentName', pf.`payment_account` AS 'paymentAccount', pf.`code`, pr.`id_card_type` as 'idCardType', pa.`amount` AS 'approvalAmount', pr.`amount` AS 'remittanceAmount', pr.`service_charge` AS 'serviceCharge', pfr.`remaining_sum` AS 'remainingSum', pfr.`id_flow_type` AS 'idFlowType', pfr.`id_pay_flow_record` AS 'idPayFlowRecord', pr.`remark` AS 'remark', pr.`remittance_date` as 'remittanceDate', pr.`id_config` as 'idConfig', pr.`create_time` AS 'createTime' FROM pay_flow_record pfr LEFT JOIN payment_remittance pr ON pr.`id_payment_remittance` = pfr.`id_payment_remittance` LEFT JOIN payment_approval pa ON pa.`id_payment_form` = pr.`id_payment_form` LEFT JOIN payment_form pf ON pf.`id_payment_form` = pa.`id_payment_form` WHERE 1=1 ORDER BY pr.`remittance_date` DESC, pr.`id_payment_remittance` DESC 
2021-10-21 18:26:31,191 DEBUG (BaseJdbcLogger.java:159)- ==> Parameters: 
2021-10-21 18:26:31,215 DEBUG (BaseJdbcLogger.java:159)- <==      Total: 64
2021-10-21 18:26:31,216 DEBUG (BaseJdbcLogger.java:159)- ==>  Preparing: SELECT cr.`amount` as 'collectionAmount', cr.`id_card_type` as 'idCardType', cr.`id_config` as 'idConfig', ifr.`remaining_sum` AS 'remainingSum', ifr.`id_flow_type` AS 'idFlowType', ifr.`id_income_flow_record` AS 'idIncomeFlowRecord', cr.`remark` as 'remark', cr.`collection_date` as 'collectionDate', cr.`create_time` AS 'createTime' FROM income_flow_record ifr LEFT JOIN collection_record cr ON cr.`id_collection_record` = ifr.`id_collection_record` WHERE 1=1 ORDER BY cr.`collection_date` DESC, cr.`id_collection_record` DESC 
2021-10-21 18:26:31,217 DEBUG (BaseJdbcLogger.java:159)- ==> Parameters: 
2021-10-21 18:26:31,231 DEBUG (BaseJdbcLogger.java:159)- <==      Total: 37
2021-10-21 18:27:02,600 DEBUG (BaseJdbcLogger.java:159)- ==>  Preparing: SELECT pf.`reason_application` AS 'reasonApplication', pf.`amount`, pf.`payment_name` AS 'paymentName', pf.`payment_account` AS 'paymentAccount', pf.`code`, pr.`id_card_type` as 'idCardType', pa.`amount` AS 'approvalAmount', pr.`amount` AS 'remittanceAmount', pr.`service_charge` AS 'serviceCharge', pfr.`remaining_sum` AS 'remainingSum', pfr.`id_flow_type` AS 'idFlowType', pfr.`id_pay_flow_record` AS 'idPayFlowRecord', pr.`remark` AS 'remark', pr.`remittance_date` as 'remittanceDate', pr.`id_config` as 'idConfig', pr.`create_time` AS 'createTime' FROM pay_flow_record pfr LEFT JOIN payment_remittance pr ON pr.`id_payment_remittance` = pfr.`id_payment_remittance` LEFT JOIN payment_approval pa ON pa.`id_payment_form` = pr.`id_payment_form` LEFT JOIN payment_form pf ON pf.`id_payment_form` = pa.`id_payment_form` WHERE 1=1 ORDER BY pr.`remittance_date` DESC, pr.`id_payment_remittance` DESC 
2021-10-21 18:27:02,601 DEBUG (BaseJdbcLogger.java:159)- ==> Parameters: 
2021-10-21 18:27:02,630 DEBUG (BaseJdbcLogger.java:159)- <==      Total: 64
2021-10-21 18:27:02,631 DEBUG (BaseJdbcLogger.java:159)- ==>  Preparing: SELECT cr.`amount` as 'collectionAmount', cr.`id_card_type` as 'idCardType', cr.`id_config` as 'idConfig', ifr.`remaining_sum` AS 'remainingSum', ifr.`id_flow_type` AS 'idFlowType', ifr.`id_income_flow_record` AS 'idIncomeFlowRecord', cr.`remark` as 'remark', cr.`collection_date` as 'collectionDate', cr.`create_time` AS 'createTime' FROM income_flow_record ifr LEFT JOIN collection_record cr ON cr.`id_collection_record` = ifr.`id_collection_record` WHERE 1=1 ORDER BY cr.`collection_date` DESC, cr.`id_collection_record` DESC 
2021-10-21 18:27:02,632 DEBUG (BaseJdbcLogger.java:159)- ==> Parameters: 
2021-10-21 18:27:02,645 DEBUG (BaseJdbcLogger.java:159)- <==      Total: 37
2021-10-21 18:27:02,916 DEBUG (BaseJdbcLogger.java:159)- ==>  Preparing: select count(1) from `public_daily` where 1=1 
2021-10-21 18:27:02,917 DEBUG (BaseJdbcLogger.java:159)- ==> Parameters: 
2021-10-21 18:27:02,918 DEBUG (BaseJdbcLogger.java:159)- <==      Total: 1
2021-10-21 18:27:02,919 DEBUG (BaseJdbcLogger.java:159)- ==>  Preparing: select id_public_daily, collection_amount, pay_amount, service_charge, remaining_sum, state, create_time from `public_daily` where 1=1 ORDER BY create_time DESC limit ?,? 
2021-10-21 18:27:02,920 DEBUG (BaseJdbcLogger.java:159)- ==> Parameters: 0(Integer), 10(Integer)
2021-10-21 18:27:02,923 DEBUG (BaseJdbcLogger.java:159)- <==      Total: 10
2021-10-21 18:27:04,066 DEBUG (BaseJdbcLogger.java:159)- ==>  Preparing: select id_config, id_card_type, `name`, config from `config` 
2021-10-21 18:27:04,067 DEBUG (BaseJdbcLogger.java:159)- ==> Parameters: 
2021-10-21 18:27:04,069 DEBUG (BaseJdbcLogger.java:159)- <==      Total: 5
2021-10-21 18:27:08,420 DEBUG (BaseJdbcLogger.java:159)- ==>  Preparing: select count(1) from `public_daily` where 1=1 
2021-10-21 18:27:08,421 DEBUG (BaseJdbcLogger.java:159)- ==> Parameters: 
2021-10-21 18:27:08,423 DEBUG (BaseJdbcLogger.java:159)- <==      Total: 1
2021-10-21 18:27:08,424 DEBUG (BaseJdbcLogger.java:159)- ==>  Preparing: select id_public_daily, collection_amount, pay_amount, service_charge, remaining_sum, state, create_time from `public_daily` where 1=1 ORDER BY create_time DESC limit ?,? 
2021-10-21 18:27:08,425 DEBUG (BaseJdbcLogger.java:159)- ==> Parameters: 0(Integer), 10(Integer)
2021-10-21 18:27:08,428 DEBUG (BaseJdbcLogger.java:159)- <==      Total: 10
2021-10-21 18:27:10,899 DEBUG (BaseJdbcLogger.java:159)- ==>  Preparing: select count(1) from `general_account_daily` where 1=1 
2021-10-21 18:27:10,900 DEBUG (BaseJdbcLogger.java:159)- ==> Parameters: 
2021-10-21 18:27:10,901 DEBUG (BaseJdbcLogger.java:159)- <==      Total: 1
2021-10-21 18:27:10,902 DEBUG (BaseJdbcLogger.java:159)- ==>  Preparing: select id_general_account_daily, collection_amount, pay_amount, service_charge, remaining_sum, state, create_time from `general_account_daily` where 1=1 ORDER BY create_time DESC limit ?,? 
2021-10-21 18:27:10,902 DEBUG (BaseJdbcLogger.java:159)- ==> Parameters: 0(Integer), 10(Integer)
2021-10-21 18:27:10,904 DEBUG (BaseJdbcLogger.java:159)- <==      Total: 3
2021-10-21 18:27:17,564 DEBUG (BaseJdbcLogger.java:159)- ==>  Preparing: SELECT id_access_api, `name`, display_name, `key_name`, `level`, `parent_id`, `router_path`, `seque`, `icon` FROM `access_api` WHERE id_access_api IN ( SELECT id_access_api FROM role_access WHERE id_role = ? ) ORDER BY `level`,seque 
2021-10-21 18:27:17,565 DEBUG (BaseJdbcLogger.java:159)- ==> Parameters: 3(Integer)
2021-10-21 18:27:17,568 DEBUG (BaseJdbcLogger.java:159)- <==      Total: 17
2021-10-21 18:27:17,869 DEBUG (BaseJdbcLogger.java:159)- ==>  Preparing: SELECT id_access_api, `name`, display_name, `key_name`, `level`, `parent_id`, `router_path`, `seque`, `icon` FROM `access_api` WHERE id_access_api IN ( SELECT id_access_api FROM role_access WHERE id_role = ? ) ORDER BY `level`,seque 
2021-10-21 18:27:17,870 DEBUG (BaseJdbcLogger.java:159)- ==>  Preparing: select count(1) from `general_account_daily` where 1=1 
2021-10-21 18:27:17,871 DEBUG (BaseJdbcLogger.java:159)- ==> Parameters: 
2021-10-21 18:27:17,871 DEBUG (BaseJdbcLogger.java:159)- ==> Parameters: 3(Integer)
2021-10-21 18:27:17,872 DEBUG (BaseJdbcLogger.java:159)- <==      Total: 1
2021-10-21 18:27:17,874 DEBUG (BaseJdbcLogger.java:159)- ==>  Preparing: select id_general_account_daily, collection_amount, pay_amount, service_charge, remaining_sum, state, create_time from `general_account_daily` where 1=1 ORDER BY create_time DESC limit ?,? 
2021-10-21 18:27:17,875 DEBUG (BaseJdbcLogger.java:159)- ==> Parameters: 0(Integer), 10(Integer)
2021-10-21 18:27:17,875 DEBUG (BaseJdbcLogger.java:159)- <==      Total: 17
2021-10-21 18:27:17,877 DEBUG (BaseJdbcLogger.java:159)- <==      Total: 3
2021-10-21 18:27:18,867 DEBUG (BaseJdbcLogger.java:159)- ==>  Preparing: SELECT pf.`reason_application` AS 'reasonApplication', pf.`amount`, pf.`payment_name` AS 'paymentName', pf.`payment_account` AS 'paymentAccount', pf.`code`, pf.`id_card_type` AS 'idCardType', pa.`amount` AS 'approvalAmount', pr.`id_payment_remittance` as 'idPaymentRemittance', pr.`id_payment_form` as 'idPaymentForm', pr.`amount` AS 'remittanceAmount', pr.`service_charge` AS 'serviceCharge', pfr.`id_pay_flow_record` as 'idPayFlowRecord', pfr.`remaining_sum` AS 'remainingSum', pfr.`id_flow_type` AS 'idFlowType', pfr.`id_pay_flow_record` AS 'idPayFlowRecord', pr.remark as 'remark', pr.`remittance_date` AS 'createTime' FROM pay_flow_record pfr LEFT JOIN payment_remittance pr ON pr.`id_payment_remittance` = pfr.`id_payment_remittance` LEFT JOIN payment_approval pa ON pa.`id_payment_form` = pr.`id_payment_form` LEFT JOIN payment_form pf ON pf.`id_payment_form` = pa.`id_payment_form` WHERE pr.`id_card_type` = ? AND DATE_FORMAT(pr.`remittance_date`, '%Y-%m-%d') = ? order by pr.create_time desc 
2021-10-21 18:27:18,868 DEBUG (BaseJdbcLogger.java:159)- ==> Parameters: 3(Integer), 2021-10-20(String)
2021-10-21 18:27:18,890 DEBUG (BaseJdbcLogger.java:159)- <==      Total: 0
2021-10-21 18:27:18,891 DEBUG (BaseJdbcLogger.java:159)- ==>  Preparing: SELECT cr.`id_collection_record` as 'idCollectionRecord', cr.`amount` AS 'collectionAmount', cr.`id_card_type` AS 'idCardType', ifr.`remaining_sum` AS 'remainingSum', ifr.`id_flow_type` AS 'idFlowType', ifr.`id_income_flow_record` AS 'idIncomeFlowRecord', cr.`remark`, cr.`collection_date` AS 'createTime' FROM income_flow_record ifr LEFT JOIN collection_record cr ON cr.`id_collection_record` = ifr.`id_collection_record` WHERE cr.`id_card_type` = ? AND DATE_FORMAT(cr.`collection_date`, '%Y-%m-%d') = ? order by cr.create_time desc 
2021-10-21 18:27:18,892 DEBUG (BaseJdbcLogger.java:159)- ==> Parameters: 3(Integer), 2021-10-20(String)
2021-10-21 18:27:18,901 DEBUG (BaseJdbcLogger.java:159)- <==      Total: 1
2021-10-21 18:27:38,213 DEBUG (BaseJdbcLogger.java:159)- ==>  Preparing: insert into payment_remittance ( id_card_type, amount, service_charge, remittance_date, id_user, create_time ) values ( ?, ?, ?, ?, ?, ? ) 
2021-10-21 18:27:38,215 DEBUG (BaseJdbcLogger.java:159)- ==> Parameters: 3(Integer), 300(String), 0(String), 2021-10-20 00:00:00(String), 8(Integer), 2021-10-21 18:27:38(String)
2021-10-21 18:27:38,227 DEBUG (BaseJdbcLogger.java:159)- <==    Updates: 1
2021-10-21 18:27:38,228 DEBUG (BaseJdbcLogger.java:159)- ==>  Preparing: select id_config, id_card_type, `name`, config from `config` where `id_config` = ? 
2021-10-21 18:27:38,228 DEBUG (BaseJdbcLogger.java:159)- ==> Parameters: 3(Integer)
2021-10-21 18:27:38,230 DEBUG (BaseJdbcLogger.java:159)- <==      Total: 1
2021-10-21 18:27:38,232 DEBUG (BaseJdbcLogger.java:159)- ==>  Preparing: insert into `pay_flow_record` ( id_payment_remittance, amount, remaining_sum, create_time ) values ( ?, ?, ?, ? ) 
2021-10-21 18:27:38,232 DEBUG (BaseJdbcLogger.java:159)- ==> Parameters: 67(Integer), 300(String), 10200(String), 2021-10-21 18:27:38(String)
2021-10-21 18:27:38,235 DEBUG (BaseJdbcLogger.java:159)- <==    Updates: 1
2021-10-21 18:27:38,237 DEBUG (BaseJdbcLogger.java:159)- ==>  Preparing: update `config` set `config` = ? where id_config = ? 
2021-10-21 18:27:38,237 DEBUG (BaseJdbcLogger.java:159)- ==> Parameters: {"accountName":"账户2","cardNum":"44050110147400000479","remainingSum":"10200","telephone":"13662459025"}(String), 3(Integer)
2021-10-21 18:27:38,240 DEBUG (BaseJdbcLogger.java:159)- <==    Updates: 1
2021-10-21 18:27:38,240 DEBUG (BaseJdbcLogger.java:159)- ==>  Preparing: select id_general_account_daily, collection_amount, pay_amount, service_charge, remaining_sum, state, create_time from general_account_daily where id_general_account_daily = ? 
2021-10-21 18:27:38,241 DEBUG (BaseJdbcLogger.java:159)- ==> Parameters: 5(Integer)
2021-10-21 18:27:38,242 DEBUG (BaseJdbcLogger.java:159)- <==      Total: 1
2021-10-21 18:27:38,243 DEBUG (BaseJdbcLogger.java:159)- ==>  Preparing: update general_account_daily SET collection_amount = ?, pay_amount = ?, service_charge = ?, remaining_sum = ?, state = ?, create_time = ? where id_general_account_daily = ? 
2021-10-21 18:27:38,243 DEBUG (BaseJdbcLogger.java:159)- ==> Parameters: 250.00(String), 300.00(String), 0.00(String), 10200.00(String), 2(Integer), 2021-10-20 18:24:37(String), 5(Integer)
2021-10-21 18:27:38,245 DEBUG (BaseJdbcLogger.java:159)- <==    Updates: 1
2021-10-21 18:27:38,469 DEBUG (BaseJdbcLogger.java:159)- ==>  Preparing: SELECT pf.`reason_application` AS 'reasonApplication', pf.`amount`, pf.`payment_name` AS 'paymentName', pf.`payment_account` AS 'paymentAccount', pf.`code`, pf.`id_card_type` AS 'idCardType', pa.`amount` AS 'approvalAmount', pr.`id_payment_remittance` as 'idPaymentRemittance', pr.`id_payment_form` as 'idPaymentForm', pr.`amount` AS 'remittanceAmount', pr.`service_charge` AS 'serviceCharge', pfr.`id_pay_flow_record` as 'idPayFlowRecord', pfr.`remaining_sum` AS 'remainingSum', pfr.`id_flow_type` AS 'idFlowType', pfr.`id_pay_flow_record` AS 'idPayFlowRecord', pr.remark as 'remark', pr.`remittance_date` AS 'createTime' FROM pay_flow_record pfr LEFT JOIN payment_remittance pr ON pr.`id_payment_remittance` = pfr.`id_payment_remittance` LEFT JOIN payment_approval pa ON pa.`id_payment_form` = pr.`id_payment_form` LEFT JOIN payment_form pf ON pf.`id_payment_form` = pa.`id_payment_form` WHERE pr.`id_card_type` = ? AND DATE_FORMAT(pr.`remittance_date`, '%Y-%m-%d') = ? order by pr.create_time desc 
2021-10-21 18:27:38,470 DEBUG (BaseJdbcLogger.java:159)- ==> Parameters: 3(Integer), 2021-10-20(String)
2021-10-21 18:27:38,480 DEBUG (BaseJdbcLogger.java:159)- <==      Total: 1
2021-10-21 18:27:38,481 DEBUG (BaseJdbcLogger.java:159)- ==>  Preparing: SELECT cr.`id_collection_record` as 'idCollectionRecord', cr.`amount` AS 'collectionAmount', cr.`id_card_type` AS 'idCardType', ifr.`remaining_sum` AS 'remainingSum', ifr.`id_flow_type` AS 'idFlowType', ifr.`id_income_flow_record` AS 'idIncomeFlowRecord', cr.`remark`, cr.`collection_date` AS 'createTime' FROM income_flow_record ifr LEFT JOIN collection_record cr ON cr.`id_collection_record` = ifr.`id_collection_record` WHERE cr.`id_card_type` = ? AND DATE_FORMAT(cr.`collection_date`, '%Y-%m-%d') = ? order by cr.create_time desc 
2021-10-21 18:27:38,482 DEBUG (BaseJdbcLogger.java:159)- ==> Parameters: 3(Integer), 2021-10-20(String)
2021-10-21 18:27:38,491 DEBUG (BaseJdbcLogger.java:159)- <==      Total: 1
2021-10-21 18:27:42,129 DEBUG (BaseJdbcLogger.java:159)- ==>  Preparing: update general_account_daily SET state = ? where id_general_account_daily = ? 
2021-10-21 18:27:42,130 DEBUG (BaseJdbcLogger.java:159)- ==> Parameters: 0(Integer), 5(Integer)
2021-10-21 18:27:42,134 DEBUG (BaseJdbcLogger.java:159)- <==    Updates: 1
2021-10-21 18:27:42,472 DEBUG (BaseJdbcLogger.java:159)- ==>  Preparing: select count(1) from `general_account_daily` where 1=1 
2021-10-21 18:27:42,473 DEBUG (BaseJdbcLogger.java:159)- ==> Parameters: 
2021-10-21 18:27:42,474 DEBUG (BaseJdbcLogger.java:159)- <==      Total: 1
2021-10-21 18:27:42,475 DEBUG (BaseJdbcLogger.java:159)- ==>  Preparing: select id_general_account_daily, collection_amount, pay_amount, service_charge, remaining_sum, state, create_time from `general_account_daily` where 1=1 ORDER BY create_time DESC limit ?,? 
2021-10-21 18:27:42,475 DEBUG (BaseJdbcLogger.java:159)- ==> Parameters: 0(Integer), 10(Integer)
2021-10-21 18:27:42,476 DEBUG (BaseJdbcLogger.java:159)- <==      Total: 3
2021-10-21 18:27:46,164 DEBUG (BaseJdbcLogger.java:159)- ==>  Preparing: SELECT id_access_api, `name`, display_name, `key_name`, `level`, `parent_id`, `router_path`, `seque`, `icon` FROM `access_api` WHERE id_access_api IN ( SELECT id_access_api FROM role_access WHERE id_role = ? ) ORDER BY `level`,seque 
2021-10-21 18:27:46,165 DEBUG (BaseJdbcLogger.java:159)- ==>  Preparing: SELECT id_access_api, `name`, display_name, `key_name`, `level`, `parent_id`, `router_path`, `seque`, `icon` FROM `access_api` WHERE id_access_api IN ( SELECT id_access_api FROM role_access WHERE id_role = ? ) ORDER BY `level`,seque 
2021-10-21 18:27:46,165 DEBUG (BaseJdbcLogger.java:159)- ==> Parameters: 2(Integer)
2021-10-21 18:27:46,165 DEBUG (BaseJdbcLogger.java:159)- ==> Parameters: 2(Integer)
2021-10-21 18:27:46,168 DEBUG (BaseJdbcLogger.java:159)- <==      Total: 17
2021-10-21 18:27:46,168 DEBUG (BaseJdbcLogger.java:159)- <==      Total: 17
2021-10-21 18:27:46,469 DEBUG (BaseJdbcLogger.java:159)- ==>  Preparing: select count(1) from `general_account_daily` where 1=1 
2021-10-21 18:27:46,469 DEBUG (BaseJdbcLogger.java:159)- ==> Parameters: 
2021-10-21 18:27:46,471 DEBUG (BaseJdbcLogger.java:159)- <==      Total: 1
2021-10-21 18:27:46,472 DEBUG (BaseJdbcLogger.java:159)- ==>  Preparing: select id_general_account_daily, collection_amount, pay_amount, service_charge, remaining_sum, state, create_time from `general_account_daily` where 1=1 ORDER BY create_time DESC limit ?,? 
2021-10-21 18:27:46,472 DEBUG (BaseJdbcLogger.java:159)- ==> Parameters: 0(Integer), 10(Integer)
2021-10-21 18:27:46,473 DEBUG (BaseJdbcLogger.java:159)- <==      Total: 3
2021-10-21 18:27:48,224 DEBUG (BaseJdbcLogger.java:159)- ==>  Preparing: SELECT pf.`reason_application` AS 'reasonApplication', pf.`amount`, pf.`payment_name` AS 'paymentName', pf.`payment_account` AS 'paymentAccount', pf.`code`, pf.`id_card_type` AS 'idCardType', pa.`amount` AS 'approvalAmount', pr.`id_payment_remittance` as 'idPaymentRemittance', pr.`id_payment_form` as 'idPaymentForm', pr.`amount` AS 'remittanceAmount', pr.`service_charge` AS 'serviceCharge', pfr.`id_pay_flow_record` as 'idPayFlowRecord', pfr.`remaining_sum` AS 'remainingSum', pfr.`id_flow_type` AS 'idFlowType', pfr.`id_pay_flow_record` AS 'idPayFlowRecord', pr.remark as 'remark', pr.`remittance_date` AS 'createTime' FROM pay_flow_record pfr LEFT JOIN payment_remittance pr ON pr.`id_payment_remittance` = pfr.`id_payment_remittance` LEFT JOIN payment_approval pa ON pa.`id_payment_form` = pr.`id_payment_form` LEFT JOIN payment_form pf ON pf.`id_payment_form` = pa.`id_payment_form` WHERE pr.`id_card_type` = ? AND DATE_FORMAT(pr.`remittance_date`, '%Y-%m-%d') = ? order by pr.create_time desc 
2021-10-21 18:27:48,225 DEBUG (BaseJdbcLogger.java:159)- ==> Parameters: 3(Integer), 2021-10-20(String)
2021-10-21 18:27:48,247 DEBUG (BaseJdbcLogger.java:159)- <==      Total: 1
2021-10-21 18:27:48,248 DEBUG (BaseJdbcLogger.java:159)- ==>  Preparing: SELECT cr.`id_collection_record` as 'idCollectionRecord', cr.`amount` AS 'collectionAmount', cr.`id_card_type` AS 'idCardType', ifr.`remaining_sum` AS 'remainingSum', ifr.`id_flow_type` AS 'idFlowType', ifr.`id_income_flow_record` AS 'idIncomeFlowRecord', cr.`remark`, cr.`collection_date` AS 'createTime' FROM income_flow_record ifr LEFT JOIN collection_record cr ON cr.`id_collection_record` = ifr.`id_collection_record` WHERE cr.`id_card_type` = ? AND DATE_FORMAT(cr.`collection_date`, '%Y-%m-%d') = ? order by cr.create_time desc 
2021-10-21 18:27:48,249 DEBUG (BaseJdbcLogger.java:159)- ==> Parameters: 3(Integer), 2021-10-20(String)
2021-10-21 18:27:48,258 DEBUG (BaseJdbcLogger.java:159)- <==      Total: 1
2021-10-21 18:27:52,113 DEBUG (BaseJdbcLogger.java:159)- ==>  Preparing: insert into approval_general_account_daily ( id_general_account_daily, id_result_type, id_user, create_time ) values( ?, ?, ?, ? ) 
2021-10-21 18:27:52,114 DEBUG (BaseJdbcLogger.java:159)- ==> Parameters: 5(Integer), 1(Integer), 7(Integer), 2021-10-21(String)
2021-10-21 18:27:52,117 DEBUG (BaseJdbcLogger.java:159)- <==    Updates: 1
2021-10-21 18:27:52,118 DEBUG (BaseJdbcLogger.java:159)- ==>  Preparing: update general_account_daily SET state = ? where id_general_account_daily = ? 
2021-10-21 18:27:52,119 DEBUG (BaseJdbcLogger.java:159)- ==> Parameters: 1(Integer), 5(Integer)
2021-10-21 18:27:52,121 DEBUG (BaseJdbcLogger.java:159)- <==    Updates: 1
2021-10-21 18:27:52,122 DEBUG (BaseJdbcLogger.java:159)- ==>  Preparing: select id_config, id_card_type, `name`, config from `config` where `id_config` = ? 
2021-10-21 18:27:52,122 DEBUG (BaseJdbcLogger.java:159)- ==> Parameters: 3(Integer)
2021-10-21 18:27:52,123 DEBUG (BaseJdbcLogger.java:159)- <==      Total: 1
2021-10-21 18:27:52,123 DEBUG (BaseJdbcLogger.java:159)- ==>  Preparing: select id_general_account_daily, collection_amount, pay_amount, service_charge, remaining_sum, state, create_time from general_account_daily where id_general_account_daily = ? 
2021-10-21 18:27:52,124 DEBUG (BaseJdbcLogger.java:159)- ==> Parameters: 5(Integer)
2021-10-21 18:27:52,125 DEBUG (BaseJdbcLogger.java:159)- <==      Total: 1
2021-10-21 18:27:53,545 DEBUG (BaseJdbcLogger.java:159)- ==>  Preparing: select count(1) from `general_account_daily` where 1=1 
2021-10-21 18:27:53,546 DEBUG (BaseJdbcLogger.java:159)- ==> Parameters: 
2021-10-21 18:27:53,547 DEBUG (BaseJdbcLogger.java:159)- <==      Total: 1
2021-10-21 18:27:53,548 DEBUG (BaseJdbcLogger.java:159)- ==>  Preparing: select id_general_account_daily, collection_amount, pay_amount, service_charge, remaining_sum, state, create_time from `general_account_daily` where 1=1 ORDER BY create_time DESC limit ?,? 
2021-10-21 18:27:53,549 DEBUG (BaseJdbcLogger.java:159)- ==> Parameters: 0(Integer), 10(Integer)
2021-10-21 18:27:53,550 DEBUG (BaseJdbcLogger.java:159)- <==      Total: 3
2021-10-21 18:27:56,010 DEBUG (BaseJdbcLogger.java:159)- ==>  Preparing: SELECT id_access_api, `name`, display_name, `key_name`, `level`, `parent_id`, `router_path`, `seque`, `icon` FROM `access_api` WHERE id_access_api IN ( SELECT id_access_api FROM role_access WHERE id_role = ? ) ORDER BY `level`,seque 
2021-10-21 18:27:56,011 DEBUG (BaseJdbcLogger.java:159)- ==> Parameters: 2(Integer)
2021-10-21 18:27:56,015 DEBUG (BaseJdbcLogger.java:159)- <==      Total: 17
2021-10-21 18:27:56,089 DEBUG (BaseJdbcLogger.java:159)- ==>  Preparing: SELECT id_access_api, `name`, display_name, `key_name`, `level`, `parent_id`, `router_path`, `seque`, `icon` FROM `access_api` WHERE id_access_api IN ( SELECT id_access_api FROM role_access WHERE id_role = ? ) ORDER BY `level`,seque 
2021-10-21 18:27:56,090 DEBUG (BaseJdbcLogger.java:159)- ==> Parameters: 2(Integer)
2021-10-21 18:27:56,181 DEBUG (BaseJdbcLogger.java:159)- <==      Total: 17
2021-10-21 18:27:56,342 DEBUG (BaseJdbcLogger.java:159)- ==>  Preparing: select count(1) from `general_account_daily` where 1=1 
2021-10-21 18:27:56,342 DEBUG (BaseJdbcLogger.java:159)- ==> Parameters: 
2021-10-21 18:27:56,344 DEBUG (BaseJdbcLogger.java:159)- <==      Total: 1
2021-10-21 18:27:56,345 DEBUG (BaseJdbcLogger.java:159)- ==>  Preparing: select id_general_account_daily, collection_amount, pay_amount, service_charge, remaining_sum, state, create_time from `general_account_daily` where 1=1 ORDER BY create_time DESC limit ?,? 
2021-10-21 18:27:56,345 DEBUG (BaseJdbcLogger.java:159)- ==> Parameters: 0(Integer), 10(Integer)
2021-10-21 18:27:56,347 DEBUG (BaseJdbcLogger.java:159)- <==      Total: 3
2021-10-21 18:28:34,266 DEBUG (BaseJdbcLogger.java:159)- ==>  Preparing: select count(1) from `public_daily` where 1=1 
2021-10-21 18:28:34,267 DEBUG (BaseJdbcLogger.java:159)- ==> Parameters: 
2021-10-21 18:28:34,268 DEBUG (BaseJdbcLogger.java:159)- <==      Total: 1
2021-10-21 18:28:34,269 DEBUG (BaseJdbcLogger.java:159)- ==>  Preparing: select id_public_daily, collection_amount, pay_amount, service_charge, remaining_sum, state, create_time from `public_daily` where 1=1 ORDER BY create_time DESC limit ?,? 
2021-10-21 18:28:34,270 DEBUG (BaseJdbcLogger.java:159)- ==> Parameters: 0(Integer), 10(Integer)
2021-10-21 18:28:34,272 DEBUG (BaseJdbcLogger.java:159)- <==      Total: 10
2021-10-21 18:28:36,781 DEBUG (BaseJdbcLogger.java:159)- ==>  Preparing: select count(1) from `general_account_daily` where 1=1 
2021-10-21 18:28:36,782 DEBUG (BaseJdbcLogger.java:159)- ==> Parameters: 
2021-10-21 18:28:36,783 DEBUG (BaseJdbcLogger.java:159)- <==      Total: 1
2021-10-21 18:28:36,784 DEBUG (BaseJdbcLogger.java:159)- ==>  Preparing: select id_general_account_daily, collection_amount, pay_amount, service_charge, remaining_sum, state, create_time from `general_account_daily` where 1=1 ORDER BY create_time DESC limit ?,? 
2021-10-21 18:28:36,784 DEBUG (BaseJdbcLogger.java:159)- ==> Parameters: 0(Integer), 10(Integer)
2021-10-21 18:28:36,786 DEBUG (BaseJdbcLogger.java:159)- <==      Total: 3
2021-10-21 18:28:37,577 DEBUG (BaseJdbcLogger.java:159)- ==>  Preparing: select count(1) from `second_general_account_daily` where 1=1 
2021-10-21 18:28:37,578 DEBUG (BaseJdbcLogger.java:159)- ==> Parameters: 
2021-10-21 18:28:37,579 DEBUG (BaseJdbcLogger.java:159)- <==      Total: 1
2021-10-21 18:28:37,580 DEBUG (BaseJdbcLogger.java:159)- ==>  Preparing: select id_second_general_account_daily, collection_amount, pay_amount, service_charge, remaining_sum, state, create_time from `second_general_account_daily` where 1=1 ORDER BY create_time DESC limit ?,? 
2021-10-21 18:28:37,581 DEBUG (BaseJdbcLogger.java:159)- ==> Parameters: 0(Integer), 10(Integer)
2021-10-21 18:28:37,583 DEBUG (BaseJdbcLogger.java:159)- <==      Total: 2
2021-10-21 18:28:38,588 DEBUG (BaseJdbcLogger.java:159)- ==>  Preparing: select count(1) from `pub_general_daily` where 1=1 
2021-10-21 18:28:38,589 DEBUG (BaseJdbcLogger.java:159)- ==> Parameters: 
2021-10-21 18:28:38,590 DEBUG (BaseJdbcLogger.java:159)- <==      Total: 1
2021-10-21 18:28:38,591 DEBUG (BaseJdbcLogger.java:159)- ==>  Preparing: select id_pub_general_daily, collection_amount, pay_amount, service_charge, remaining_sum, state, create_time from `pub_general_daily` where 1=1 ORDER BY create_time DESC limit ?,? 
2021-10-21 18:28:38,591 DEBUG (BaseJdbcLogger.java:159)- ==> Parameters: 0(Integer), 10(Integer)
2021-10-21 18:28:38,593 DEBUG (BaseJdbcLogger.java:159)- <==      Total: 2
2021-10-21 18:28:39,109 DEBUG (BaseJdbcLogger.java:159)- ==>  Preparing: select count(1) from `second_general_account_daily` where 1=1 
2021-10-21 18:28:39,110 DEBUG (BaseJdbcLogger.java:159)- ==> Parameters: 
2021-10-21 18:28:39,111 DEBUG (BaseJdbcLogger.java:159)- <==      Total: 1
2021-10-21 18:28:39,113 DEBUG (BaseJdbcLogger.java:159)- ==>  Preparing: select id_second_general_account_daily, collection_amount, pay_amount, service_charge, remaining_sum, state, create_time from `second_general_account_daily` where 1=1 ORDER BY create_time DESC limit ?,? 
2021-10-21 18:28:39,114 DEBUG (BaseJdbcLogger.java:159)- ==> Parameters: 0(Integer), 10(Integer)
2021-10-21 18:28:39,115 DEBUG (BaseJdbcLogger.java:159)- <==      Total: 2
2021-10-21 18:28:40,628 DEBUG (BaseJdbcLogger.java:159)- ==>  Preparing: SELECT pf.`reason_application` AS 'reasonApplication', pf.`amount`, pf.`payment_name` AS 'paymentName', pf.`payment_account` AS 'paymentAccount', pf.`code`, pf.`id_card_type` AS 'idCardType', pa.`amount` AS 'approvalAmount', pr.`id_payment_remittance` as 'idPaymentRemittance', pr.`id_payment_form` as 'idPaymentForm', pr.`amount` AS 'remittanceAmount', pr.`service_charge` AS 'serviceCharge', pfr.`id_pay_flow_record` as 'idPayFlowRecord', pfr.`remaining_sum` AS 'remainingSum', pfr.`id_flow_type` AS 'idFlowType', pfr.`id_pay_flow_record` AS 'idPayFlowRecord', pr.remark as 'remark', pr.`remittance_date` AS 'createTime' FROM pay_flow_record pfr LEFT JOIN payment_remittance pr ON pr.`id_payment_remittance` = pfr.`id_payment_remittance` LEFT JOIN payment_approval pa ON pa.`id_payment_form` = pr.`id_payment_form` LEFT JOIN payment_form pf ON pf.`id_payment_form` = pa.`id_payment_form` WHERE pr.`id_card_type` = ? AND DATE_FORMAT(pr.`remittance_date`, '%Y-%m-%d') = ? order by pr.create_time desc 
2021-10-21 18:28:40,629 DEBUG (BaseJdbcLogger.java:159)- ==> Parameters: 4(Integer), 2021-10-05(String)
2021-10-21 18:28:40,647 DEBUG (BaseJdbcLogger.java:159)- <==      Total: 0
2021-10-21 18:28:40,648 DEBUG (BaseJdbcLogger.java:159)- ==>  Preparing: SELECT cr.`id_collection_record` as 'idCollectionRecord', cr.`amount` AS 'collectionAmount', cr.`id_card_type` AS 'idCardType', ifr.`remaining_sum` AS 'remainingSum', ifr.`id_flow_type` AS 'idFlowType', ifr.`id_income_flow_record` AS 'idIncomeFlowRecord', cr.`remark`, cr.`collection_date` AS 'createTime' FROM income_flow_record ifr LEFT JOIN collection_record cr ON cr.`id_collection_record` = ifr.`id_collection_record` WHERE cr.`id_card_type` = ? AND DATE_FORMAT(cr.`collection_date`, '%Y-%m-%d') = ? order by cr.create_time desc 
2021-10-21 18:28:40,648 DEBUG (BaseJdbcLogger.java:159)- ==> Parameters: 4(Integer), 2021-10-05(String)
2021-10-21 18:28:40,655 DEBUG (BaseJdbcLogger.java:159)- <==      Total: 0
2021-10-21 18:28:42,557 DEBUG (BaseJdbcLogger.java:159)- ==>  Preparing: insert into approval_second_general_account_daily ( id_second_general_account_daily, id_result_type, id_user, create_time ) values( ?, ?, ?, ? ) 
2021-10-21 18:28:42,558 DEBUG (BaseJdbcLogger.java:159)- ==> Parameters: 2(Integer), 2(Integer), 7(Integer), 2021-10-21(String)
2021-10-21 18:28:42,561 DEBUG (BaseJdbcLogger.java:159)- <==    Updates: 1
2021-10-21 18:28:42,563 DEBUG (BaseJdbcLogger.java:159)- ==>  Preparing: update second_general_account_daily SET state = ? where id_second_general_account_daily = ? 
2021-10-21 18:28:42,564 DEBUG (BaseJdbcLogger.java:159)- ==> Parameters: 2(Integer), 2(Integer)
2021-10-21 18:28:42,567 DEBUG (BaseJdbcLogger.java:159)- <==    Updates: 1
2021-10-21 18:28:42,904 DEBUG (BaseJdbcLogger.java:159)- ==>  Preparing: select count(1) from `second_general_account_daily` where 1=1 
2021-10-21 18:28:42,905 DEBUG (BaseJdbcLogger.java:159)- ==> Parameters: 
2021-10-21 18:28:42,906 DEBUG (BaseJdbcLogger.java:159)- <==      Total: 1
2021-10-21 18:28:42,907 DEBUG (BaseJdbcLogger.java:159)- ==>  Preparing: select id_second_general_account_daily, collection_amount, pay_amount, service_charge, remaining_sum, state, create_time from `second_general_account_daily` where 1=1 ORDER BY create_time DESC limit ?,? 
2021-10-21 18:28:42,907 DEBUG (BaseJdbcLogger.java:159)- ==> Parameters: 0(Integer), 10(Integer)
2021-10-21 18:28:42,909 DEBUG (BaseJdbcLogger.java:159)- <==      Total: 2
2021-10-21 18:28:48,799 DEBUG (BaseJdbcLogger.java:159)- ==>  Preparing: select count(1) from `public_daily` where 1=1 
2021-10-21 18:28:48,800 DEBUG (BaseJdbcLogger.java:159)- ==> Parameters: 
2021-10-21 18:28:48,801 DEBUG (BaseJdbcLogger.java:159)- <==      Total: 1
2021-10-21 18:28:48,802 DEBUG (BaseJdbcLogger.java:159)- ==>  Preparing: select id_public_daily, collection_amount, pay_amount, service_charge, remaining_sum, state, create_time from `public_daily` where 1=1 ORDER BY create_time DESC limit ?,? 
2021-10-21 18:28:48,803 DEBUG (BaseJdbcLogger.java:159)- ==> Parameters: 0(Integer), 10(Integer)
2021-10-21 18:28:48,805 DEBUG (BaseJdbcLogger.java:159)- <==      Total: 10
2021-10-21 18:28:49,896 DEBUG (BaseJdbcLogger.java:159)- ==>  Preparing: select count(1) from `second_general_account_daily` where 1=1 
2021-10-21 18:28:49,897 DEBUG (BaseJdbcLogger.java:159)- ==> Parameters: 
2021-10-21 18:28:49,899 DEBUG (BaseJdbcLogger.java:159)- <==      Total: 1
2021-10-21 18:28:49,901 DEBUG (BaseJdbcLogger.java:159)- ==>  Preparing: select id_second_general_account_daily, collection_amount, pay_amount, service_charge, remaining_sum, state, create_time from `second_general_account_daily` where 1=1 ORDER BY create_time DESC limit ?,? 
2021-10-21 18:28:49,901 DEBUG (BaseJdbcLogger.java:159)- ==> Parameters: 0(Integer), 10(Integer)
2021-10-21 18:28:49,902 DEBUG (BaseJdbcLogger.java:159)- <==      Total: 2
2021-10-21 18:28:51,217 DEBUG (BaseJdbcLogger.java:159)- ==>  Preparing: SELECT pf.`reason_application` AS 'reasonApplication', pf.`amount`, pf.`payment_name` AS 'paymentName', pf.`payment_account` AS 'paymentAccount', pf.`code`, pf.`id_card_type` AS 'idCardType', pa.`amount` AS 'approvalAmount', pr.`id_payment_remittance` as 'idPaymentRemittance', pr.`id_payment_form` as 'idPaymentForm', pr.`amount` AS 'remittanceAmount', pr.`service_charge` AS 'serviceCharge', pfr.`id_pay_flow_record` as 'idPayFlowRecord', pfr.`remaining_sum` AS 'remainingSum', pfr.`id_flow_type` AS 'idFlowType', pfr.`id_pay_flow_record` AS 'idPayFlowRecord', pr.remark as 'remark', pr.`remittance_date` AS 'createTime' FROM pay_flow_record pfr LEFT JOIN payment_remittance pr ON pr.`id_payment_remittance` = pfr.`id_payment_remittance` LEFT JOIN payment_approval pa ON pa.`id_payment_form` = pr.`id_payment_form` LEFT JOIN payment_form pf ON pf.`id_payment_form` = pa.`id_payment_form` WHERE pr.`id_card_type` = ? AND DATE_FORMAT(pr.`remittance_date`, '%Y-%m-%d') = ? order by pr.create_time desc 
2021-10-21 18:28:51,217 DEBUG (BaseJdbcLogger.java:159)- ==> Parameters: 4(Integer), 2021-10-05(String)
2021-10-21 18:28:51,238 DEBUG (BaseJdbcLogger.java:159)- <==      Total: 0
2021-10-21 18:28:51,239 DEBUG (BaseJdbcLogger.java:159)- ==>  Preparing: SELECT cr.`id_collection_record` as 'idCollectionRecord', cr.`amount` AS 'collectionAmount', cr.`id_card_type` AS 'idCardType', ifr.`remaining_sum` AS 'remainingSum', ifr.`id_flow_type` AS 'idFlowType', ifr.`id_income_flow_record` AS 'idIncomeFlowRecord', cr.`remark`, cr.`collection_date` AS 'createTime' FROM income_flow_record ifr LEFT JOIN collection_record cr ON cr.`id_collection_record` = ifr.`id_collection_record` WHERE cr.`id_card_type` = ? AND DATE_FORMAT(cr.`collection_date`, '%Y-%m-%d') = ? order by cr.create_time desc 
2021-10-21 18:28:51,240 DEBUG (BaseJdbcLogger.java:159)- ==> Parameters: 4(Integer), 2021-10-05(String)
2021-10-21 18:28:51,249 DEBUG (BaseJdbcLogger.java:159)- <==      Total: 0
2021-10-21 18:29:07,884 DEBUG (BaseJdbcLogger.java:159)- ==>  Preparing: select count(1) from `public_daily` where 1=1 
2021-10-21 18:29:07,885 DEBUG (BaseJdbcLogger.java:159)- ==> Parameters: 
2021-10-21 18:29:07,886 DEBUG (BaseJdbcLogger.java:159)- <==      Total: 1
2021-10-21 18:29:07,887 DEBUG (BaseJdbcLogger.java:159)- ==>  Preparing: select id_public_daily, collection_amount, pay_amount, service_charge, remaining_sum, state, create_time from `public_daily` where 1=1 ORDER BY create_time DESC limit ?,? 
2021-10-21 18:29:07,887 DEBUG (BaseJdbcLogger.java:159)- ==> Parameters: 0(Integer), 10(Integer)
2021-10-21 18:29:07,890 DEBUG (BaseJdbcLogger.java:159)- <==      Total: 10
2021-10-21 18:29:52,608 DEBUG (BaseJdbcLogger.java:159)- ==>  Preparing: SELECT id_access_api, `name`, display_name, `key_name`, `level`, `parent_id`, `router_path`, `seque`, `icon` FROM `access_api` WHERE id_access_api IN ( SELECT id_access_api FROM role_access WHERE id_role = ? ) ORDER BY `level`,seque 
2021-10-21 18:29:52,609 DEBUG (BaseJdbcLogger.java:159)- ==> Parameters: 2(Integer)
2021-10-21 18:29:52,613 DEBUG (BaseJdbcLogger.java:159)- <==      Total: 17
2021-10-21 18:29:52,642 DEBUG (BaseJdbcLogger.java:159)- ==>  Preparing: SELECT id_access_api, `name`, display_name, `key_name`, `level`, `parent_id`, `router_path`, `seque`, `icon` FROM `access_api` WHERE id_access_api IN ( SELECT id_access_api FROM role_access WHERE id_role = ? ) ORDER BY `level`,seque 
2021-10-21 18:29:52,643 DEBUG (BaseJdbcLogger.java:159)- ==> Parameters: 2(Integer)
2021-10-21 18:29:52,646 DEBUG (BaseJdbcLogger.java:159)- ==>  Preparing: select count(1) from `second_general_account_daily` where 1=1 
2021-10-21 18:29:52,647 DEBUG (BaseJdbcLogger.java:159)- <==      Total: 17
2021-10-21 18:29:52,647 DEBUG (BaseJdbcLogger.java:159)- ==> Parameters: 
2021-10-21 18:29:52,648 DEBUG (BaseJdbcLogger.java:159)- <==      Total: 1
2021-10-21 18:29:52,649 DEBUG (BaseJdbcLogger.java:159)- ==>  Preparing: select id_second_general_account_daily, collection_amount, pay_amount, service_charge, remaining_sum, state, create_time from `second_general_account_daily` where 1=1 ORDER BY create_time DESC limit ?,? 
2021-10-21 18:29:52,650 DEBUG (BaseJdbcLogger.java:159)- ==> Parameters: 0(Integer), 10(Integer)
2021-10-21 18:29:52,652 DEBUG (BaseJdbcLogger.java:159)- <==      Total: 2
2021-10-21 18:29:53,866 DEBUG (BaseJdbcLogger.java:159)- ==>  Preparing: select id_config, id_card_type, `name`, config from `config` 
2021-10-21 18:29:53,867 DEBUG (BaseJdbcLogger.java:159)- ==> Parameters: 
2021-10-21 18:29:53,869 DEBUG (BaseJdbcLogger.java:159)- <==      Total: 5
2021-10-21 18:29:55,077 DEBUG (BaseJdbcLogger.java:159)- ==>  Preparing: select count(1) from `public_daily` where 1=1 
2021-10-21 18:29:55,078 DEBUG (BaseJdbcLogger.java:159)- ==> Parameters: 
2021-10-21 18:29:55,079 DEBUG (BaseJdbcLogger.java:159)- <==      Total: 1
2021-10-21 18:29:55,080 DEBUG (BaseJdbcLogger.java:159)- ==>  Preparing: select id_public_daily, collection_amount, pay_amount, service_charge, remaining_sum, state, create_time from `public_daily` where 1=1 ORDER BY create_time DESC limit ?,? 
2021-10-21 18:29:55,081 DEBUG (BaseJdbcLogger.java:159)- ==> Parameters: 0(Integer), 10(Integer)
2021-10-21 18:29:55,084 DEBUG (BaseJdbcLogger.java:159)- <==      Total: 10
2021-10-21 18:29:57,165 DEBUG (BaseJdbcLogger.java:159)- ==>  Preparing: select count(1) from `general_account_daily` where 1=1 
2021-10-21 18:29:57,167 DEBUG (BaseJdbcLogger.java:159)- ==> Parameters: 
2021-10-21 18:29:57,169 DEBUG (BaseJdbcLogger.java:159)- <==      Total: 1
2021-10-21 18:29:57,170 DEBUG (BaseJdbcLogger.java:159)- ==>  Preparing: select id_general_account_daily, collection_amount, pay_amount, service_charge, remaining_sum, state, create_time from `general_account_daily` where 1=1 ORDER BY create_time DESC limit ?,? 
2021-10-21 18:29:57,170 DEBUG (BaseJdbcLogger.java:159)- ==> Parameters: 0(Integer), 10(Integer)
2021-10-21 18:29:57,171 DEBUG (BaseJdbcLogger.java:159)- <==      Total: 3
2021-10-21 18:30:03,146 DEBUG (BaseJdbcLogger.java:159)- ==>  Preparing: select count(1) from `general_account_daily` where 1=1 
2021-10-21 18:30:03,148 DEBUG (BaseJdbcLogger.java:159)- ==> Parameters: 
2021-10-21 18:30:03,149 DEBUG (BaseJdbcLogger.java:159)- <==      Total: 1
2021-10-21 18:30:03,150 DEBUG (BaseJdbcLogger.java:159)- ==>  Preparing: select id_general_account_daily, collection_amount, pay_amount, service_charge, remaining_sum, state, create_time from `general_account_daily` where 1=1 ORDER BY create_time DESC limit ?,? 
2021-10-21 18:30:03,151 DEBUG (BaseJdbcLogger.java:159)- ==> Parameters: 0(Integer), 10(Integer)
2021-10-21 18:30:03,153 DEBUG (BaseJdbcLogger.java:159)- <==      Total: 3
2021-10-21 18:30:10,319 DEBUG (BaseJdbcLogger.java:159)- ==>  Preparing: SELECT pf.`reason_application` AS 'reasonApplication', pf.`amount`, pf.`payment_name` AS 'paymentName', pf.`payment_account` AS 'paymentAccount', pf.`code`, pf.`id_card_type` AS 'idCardType', pa.`amount` AS 'approvalAmount', pr.`id_payment_remittance` as 'idPaymentRemittance', pr.`id_payment_form` as 'idPaymentForm', pr.`amount` AS 'remittanceAmount', pr.`service_charge` AS 'serviceCharge', pfr.`id_pay_flow_record` as 'idPayFlowRecord', pfr.`remaining_sum` AS 'remainingSum', pfr.`id_flow_type` AS 'idFlowType', pfr.`id_pay_flow_record` AS 'idPayFlowRecord', pr.remark as 'remark', pr.`remittance_date` AS 'createTime' FROM pay_flow_record pfr LEFT JOIN payment_remittance pr ON pr.`id_payment_remittance` = pfr.`id_payment_remittance` LEFT JOIN payment_approval pa ON pa.`id_payment_form` = pr.`id_payment_form` LEFT JOIN payment_form pf ON pf.`id_payment_form` = pa.`id_payment_form` WHERE pr.`id_card_type` = ? AND DATE_FORMAT(pr.`remittance_date`, '%Y-%m-%d') = ? order by pr.create_time desc 
2021-10-21 18:30:10,320 DEBUG (BaseJdbcLogger.java:159)- ==> Parameters: 3(Integer), 2021-10-20(String)
2021-10-21 18:30:10,339 DEBUG (BaseJdbcLogger.java:159)- <==      Total: 1
2021-10-21 18:30:10,340 DEBUG (BaseJdbcLogger.java:159)- ==>  Preparing: SELECT cr.`id_collection_record` as 'idCollectionRecord', cr.`amount` AS 'collectionAmount', cr.`id_card_type` AS 'idCardType', ifr.`remaining_sum` AS 'remainingSum', ifr.`id_flow_type` AS 'idFlowType', ifr.`id_income_flow_record` AS 'idIncomeFlowRecord', cr.`remark`, cr.`collection_date` AS 'createTime' FROM income_flow_record ifr LEFT JOIN collection_record cr ON cr.`id_collection_record` = ifr.`id_collection_record` WHERE cr.`id_card_type` = ? AND DATE_FORMAT(cr.`collection_date`, '%Y-%m-%d') = ? order by cr.create_time desc 
2021-10-21 18:30:10,340 DEBUG (BaseJdbcLogger.java:159)- ==> Parameters: 3(Integer), 2021-10-20(String)
2021-10-21 18:30:10,347 DEBUG (BaseJdbcLogger.java:159)- <==      Total: 1
2021-10-21 18:30:24,087 DEBUG (BaseJdbcLogger.java:159)- ==>  Preparing: insert into collection_record ( id_card_type, amount, collection_date, id_user, create_time ) values ( ?, ?, ?, ?, ? ) 
2021-10-21 18:30:24,088 DEBUG (BaseJdbcLogger.java:159)- ==> Parameters: 3(Integer), 800(String), 2021-10-20 00:00:00(String), 8(Integer), 2021-10-21 18:30:24(String)
2021-10-21 18:30:24,101 DEBUG (BaseJdbcLogger.java:159)- <==    Updates: 1
2021-10-21 18:30:24,102 DEBUG (BaseJdbcLogger.java:159)- ==>  Preparing: select id_config, id_card_type, `name`, config from `config` where `id_config` = ? 
2021-10-21 18:30:24,102 DEBUG (BaseJdbcLogger.java:159)- ==> Parameters: 3(Integer)
2021-10-21 18:30:24,103 DEBUG (BaseJdbcLogger.java:159)- <==      Total: 1
2021-10-21 18:30:24,104 DEBUG (BaseJdbcLogger.java:159)- ==>  Preparing: insert into `income_flow_record` ( id_collection_record, amount, remaining_sum, create_time ) values ( ?, ?, ?, ? ) 
2021-10-21 18:30:24,105 DEBUG (BaseJdbcLogger.java:159)- ==> Parameters: 56(Integer), 800(String), 11000(String), 2021-10-21 18:30:24(String)
2021-10-21 18:30:24,107 DEBUG (BaseJdbcLogger.java:159)- <==    Updates: 1
2021-10-21 18:30:24,108 DEBUG (BaseJdbcLogger.java:159)- ==>  Preparing: update `config` set `config` = ? where id_config = ? 
2021-10-21 18:30:24,109 DEBUG (BaseJdbcLogger.java:159)- ==> Parameters: {"accountName":"账户2","cardNum":"44050110147400000479","remainingSum":"11000","telephone":"13662459025"}(String), 3(Integer)
2021-10-21 18:30:24,112 DEBUG (BaseJdbcLogger.java:159)- <==    Updates: 1
2021-10-21 18:30:24,113 DEBUG (BaseJdbcLogger.java:159)- ==>  Preparing: select id_general_account_daily, collection_amount, pay_amount, service_charge, remaining_sum, state, create_time from general_account_daily where id_general_account_daily = ? 
2021-10-21 18:30:24,114 DEBUG (BaseJdbcLogger.java:159)- ==> Parameters: 5(Integer)
2021-10-21 18:30:24,115 DEBUG (BaseJdbcLogger.java:159)- <==      Total: 1
2021-10-21 18:30:24,116 DEBUG (BaseJdbcLogger.java:159)- ==>  Preparing: update general_account_daily SET collection_amount = ?, pay_amount = ?, service_charge = ?, remaining_sum = ?, state = ?, create_time = ? where id_general_account_daily = ? 
2021-10-21 18:30:24,116 DEBUG (BaseJdbcLogger.java:159)- ==> Parameters: 1050.00(String), 300.00(String), 0.00(String), 11000.00(String), 2(Integer), 2021-10-20 18:24:37(String), 5(Integer)
2021-10-21 18:30:24,118 DEBUG (BaseJdbcLogger.java:159)- <==    Updates: 1
2021-10-21 18:30:24,453 DEBUG (BaseJdbcLogger.java:159)- ==>  Preparing: SELECT pf.`reason_application` AS 'reasonApplication', pf.`amount`, pf.`payment_name` AS 'paymentName', pf.`payment_account` AS 'paymentAccount', pf.`code`, pf.`id_card_type` AS 'idCardType', pa.`amount` AS 'approvalAmount', pr.`id_payment_remittance` as 'idPaymentRemittance', pr.`id_payment_form` as 'idPaymentForm', pr.`amount` AS 'remittanceAmount', pr.`service_charge` AS 'serviceCharge', pfr.`id_pay_flow_record` as 'idPayFlowRecord', pfr.`remaining_sum` AS 'remainingSum', pfr.`id_flow_type` AS 'idFlowType', pfr.`id_pay_flow_record` AS 'idPayFlowRecord', pr.remark as 'remark', pr.`remittance_date` AS 'createTime' FROM pay_flow_record pfr LEFT JOIN payment_remittance pr ON pr.`id_payment_remittance` = pfr.`id_payment_remittance` LEFT JOIN payment_approval pa ON pa.`id_payment_form` = pr.`id_payment_form` LEFT JOIN payment_form pf ON pf.`id_payment_form` = pa.`id_payment_form` WHERE pr.`id_card_type` = ? AND DATE_FORMAT(pr.`remittance_date`, '%Y-%m-%d') = ? order by pr.create_time desc 
2021-10-21 18:30:24,453 DEBUG (BaseJdbcLogger.java:159)- ==> Parameters: 3(Integer), 2021-10-20(String)
2021-10-21 18:30:24,471 DEBUG (BaseJdbcLogger.java:159)- <==      Total: 1
2021-10-21 18:30:24,471 DEBUG (BaseJdbcLogger.java:159)- ==>  Preparing: SELECT cr.`id_collection_record` as 'idCollectionRecord', cr.`amount` AS 'collectionAmount', cr.`id_card_type` AS 'idCardType', ifr.`remaining_sum` AS 'remainingSum', ifr.`id_flow_type` AS 'idFlowType', ifr.`id_income_flow_record` AS 'idIncomeFlowRecord', cr.`remark`, cr.`collection_date` AS 'createTime' FROM income_flow_record ifr LEFT JOIN collection_record cr ON cr.`id_collection_record` = ifr.`id_collection_record` WHERE cr.`id_card_type` = ? AND DATE_FORMAT(cr.`collection_date`, '%Y-%m-%d') = ? order by cr.create_time desc 
2021-10-21 18:30:24,472 DEBUG (BaseJdbcLogger.java:159)- ==> Parameters: 3(Integer), 2021-10-20(String)
2021-10-21 18:30:24,479 DEBUG (BaseJdbcLogger.java:159)- <==      Total: 2
2021-10-21 18:30:31,708 DEBUG (BaseJdbcLogger.java:159)- ==>  Preparing: update general_account_daily SET state = ? where id_general_account_daily = ? 
2021-10-21 18:30:31,708 DEBUG (BaseJdbcLogger.java:159)- ==> Parameters: 0(Integer), 5(Integer)
2021-10-21 18:30:31,712 DEBUG (BaseJdbcLogger.java:159)- <==    Updates: 1
2021-10-21 18:30:32,040 DEBUG (BaseJdbcLogger.java:159)- ==>  Preparing: select count(1) from `general_account_daily` where 1=1 
2021-10-21 18:30:32,040 DEBUG (BaseJdbcLogger.java:159)- ==> Parameters: 
2021-10-21 18:30:32,041 DEBUG (BaseJdbcLogger.java:159)- <==      Total: 1
2021-10-21 18:30:32,042 DEBUG (BaseJdbcLogger.java:159)- ==>  Preparing: select id_general_account_daily, collection_amount, pay_amount, service_charge, remaining_sum, state, create_time from `general_account_daily` where 1=1 ORDER BY create_time DESC limit ?,? 
2021-10-21 18:30:32,043 DEBUG (BaseJdbcLogger.java:159)- ==> Parameters: 0(Integer), 10(Integer)
2021-10-21 18:30:32,044 DEBUG (BaseJdbcLogger.java:159)- <==      Total: 3
2021-10-21 18:30:35,026 DEBUG (BaseJdbcLogger.java:159)- ==>  Preparing: select count(1) from `public_daily` where 1=1 
2021-10-21 18:30:35,027 DEBUG (BaseJdbcLogger.java:159)- ==> Parameters: 
2021-10-21 18:30:35,028 DEBUG (BaseJdbcLogger.java:159)- <==      Total: 1
2021-10-21 18:30:35,029 DEBUG (BaseJdbcLogger.java:159)- ==>  Preparing: select id_public_daily, collection_amount, pay_amount, service_charge, remaining_sum, state, create_time from `public_daily` where 1=1 ORDER BY create_time DESC limit ?,? 
2021-10-21 18:30:35,030 DEBUG (BaseJdbcLogger.java:159)- ==> Parameters: 0(Integer), 10(Integer)
2021-10-21 18:30:35,032 DEBUG (BaseJdbcLogger.java:159)- <==      Total: 10
2021-10-21 18:30:38,501 DEBUG (BaseJdbcLogger.java:159)- ==>  Preparing: select count(1) from `second_general_account_daily` where 1=1 
2021-10-21 18:30:38,502 DEBUG (BaseJdbcLogger.java:159)- ==> Parameters: 
2021-10-21 18:30:38,503 DEBUG (BaseJdbcLogger.java:159)- <==      Total: 1
2021-10-21 18:30:38,504 DEBUG (BaseJdbcLogger.java:159)- ==>  Preparing: select id_second_general_account_daily, collection_amount, pay_amount, service_charge, remaining_sum, state, create_time from `second_general_account_daily` where 1=1 ORDER BY create_time DESC limit ?,? 
2021-10-21 18:30:38,504 DEBUG (BaseJdbcLogger.java:159)- ==> Parameters: 0(Integer), 10(Integer)
2021-10-21 18:30:38,505 DEBUG (BaseJdbcLogger.java:159)- <==      Total: 2
2021-10-21 18:30:42,093 DEBUG (BaseJdbcLogger.java:159)- ==>  Preparing: select count(1) from `general_account_daily` where 1=1 
2021-10-21 18:30:42,094 DEBUG (BaseJdbcLogger.java:159)- ==> Parameters: 
2021-10-21 18:30:42,095 DEBUG (BaseJdbcLogger.java:159)- <==      Total: 1
2021-10-21 18:30:42,096 DEBUG (BaseJdbcLogger.java:159)- ==>  Preparing: select id_general_account_daily, collection_amount, pay_amount, service_charge, remaining_sum, state, create_time from `general_account_daily` where 1=1 ORDER BY create_time DESC limit ?,? 
2021-10-21 18:30:42,097 DEBUG (BaseJdbcLogger.java:159)- ==> Parameters: 0(Integer), 10(Integer)
2021-10-21 18:30:42,099 DEBUG (BaseJdbcLogger.java:159)- <==      Total: 3
2021-10-21 18:30:44,331 DEBUG (BaseJdbcLogger.java:159)- ==>  Preparing: select count(1) from `public_daily` where 1=1 
2021-10-21 18:30:44,332 DEBUG (BaseJdbcLogger.java:159)- ==> Parameters: 
2021-10-21 18:30:44,333 DEBUG (BaseJdbcLogger.java:159)- <==      Total: 1
2021-10-21 18:30:44,334 DEBUG (BaseJdbcLogger.java:159)- ==>  Preparing: select id_public_daily, collection_amount, pay_amount, service_charge, remaining_sum, state, create_time from `public_daily` where 1=1 ORDER BY create_time DESC limit ?,? 
2021-10-21 18:30:44,335 DEBUG (BaseJdbcLogger.java:159)- ==> Parameters: 0(Integer), 10(Integer)
2021-10-21 18:30:44,337 DEBUG (BaseJdbcLogger.java:159)- <==      Total: 10
2021-10-21 18:30:45,967 DEBUG (BaseJdbcLogger.java:159)- ==>  Preparing: select count(1) from `general_account_daily` where 1=1 
2021-10-21 18:30:45,969 DEBUG (BaseJdbcLogger.java:159)- ==> Parameters: 
2021-10-21 18:30:45,970 DEBUG (BaseJdbcLogger.java:159)- <==      Total: 1
2021-10-21 18:30:45,971 DEBUG (BaseJdbcLogger.java:159)- ==>  Preparing: select id_general_account_daily, collection_amount, pay_amount, service_charge, remaining_sum, state, create_time from `general_account_daily` where 1=1 ORDER BY create_time DESC limit ?,? 
2021-10-21 18:30:45,971 DEBUG (BaseJdbcLogger.java:159)- ==> Parameters: 0(Integer), 10(Integer)
2021-10-21 18:30:45,972 DEBUG (BaseJdbcLogger.java:159)- <==      Total: 3
2021-10-21 18:30:46,961 DEBUG (BaseJdbcLogger.java:159)- ==>  Preparing: select count(1) from `public_daily` where 1=1 
2021-10-21 18:30:46,962 DEBUG (BaseJdbcLogger.java:159)- ==> Parameters: 
2021-10-21 18:30:46,963 DEBUG (BaseJdbcLogger.java:159)- <==      Total: 1
2021-10-21 18:30:46,964 DEBUG (BaseJdbcLogger.java:159)- ==>  Preparing: select id_public_daily, collection_amount, pay_amount, service_charge, remaining_sum, state, create_time from `public_daily` where 1=1 ORDER BY create_time DESC limit ?,? 
2021-10-21 18:30:46,964 DEBUG (BaseJdbcLogger.java:159)- ==> Parameters: 0(Integer), 10(Integer)
2021-10-21 18:30:46,966 DEBUG (BaseJdbcLogger.java:159)- <==      Total: 10
2021-10-21 18:30:47,884 DEBUG (BaseJdbcLogger.java:159)- ==>  Preparing: select count(1) from `general_account_daily` where 1=1 
2021-10-21 18:30:47,885 DEBUG (BaseJdbcLogger.java:159)- ==> Parameters: 
2021-10-21 18:30:47,886 DEBUG (BaseJdbcLogger.java:159)- <==      Total: 1
2021-10-21 18:30:47,887 DEBUG (BaseJdbcLogger.java:159)- ==>  Preparing: select id_general_account_daily, collection_amount, pay_amount, service_charge, remaining_sum, state, create_time from `general_account_daily` where 1=1 ORDER BY create_time DESC limit ?,? 
2021-10-21 18:30:47,887 DEBUG (BaseJdbcLogger.java:159)- ==> Parameters: 0(Integer), 10(Integer)
2021-10-21 18:30:47,888 DEBUG (BaseJdbcLogger.java:159)- <==      Total: 3
2021-10-21 18:35:15,653 DEBUG (BaseJdbcLogger.java:159)- ==>  Preparing: SELECT id_access_api, `name`, display_name, `key_name`, `level`, `parent_id`, `router_path`, `seque`, `icon` FROM `access_api` WHERE id_access_api IN ( SELECT id_access_api FROM role_access WHERE id_role = ? ) ORDER BY `level`,seque 
2021-10-21 18:35:15,653 DEBUG (BaseJdbcLogger.java:159)- ==>  Preparing: SELECT id_access_api, `name`, display_name, `key_name`, `level`, `parent_id`, `router_path`, `seque`, `icon` FROM `access_api` WHERE id_access_api IN ( SELECT id_access_api FROM role_access WHERE id_role = ? ) ORDER BY `level`,seque 
2021-10-21 18:35:15,658 DEBUG (BaseJdbcLogger.java:159)- ==>  Preparing: select count(1) from `general_account_daily` where 1=1 
2021-10-21 18:35:15,700 DEBUG (BaseJdbcLogger.java:159)- ==> Parameters: 
2021-10-21 18:35:15,700 DEBUG (BaseJdbcLogger.java:159)- ==> Parameters: 3(Integer)
2021-10-21 18:35:15,700 DEBUG (BaseJdbcLogger.java:159)- ==> Parameters: 3(Integer)
2021-10-21 18:35:15,750 DEBUG (BaseJdbcLogger.java:159)- <==      Total: 1
2021-10-21 18:35:15,755 DEBUG (BaseJdbcLogger.java:159)- ==>  Preparing: select id_general_account_daily, collection_amount, pay_amount, service_charge, remaining_sum, state, create_time from `general_account_daily` where 1=1 ORDER BY create_time DESC limit ?,? 
2021-10-21 18:35:15,756 DEBUG (BaseJdbcLogger.java:159)- ==> Parameters: 0(Integer), 10(Integer)
2021-10-21 18:35:15,760 DEBUG (BaseJdbcLogger.java:159)- <==      Total: 17
2021-10-21 18:35:15,761 DEBUG (BaseJdbcLogger.java:159)- <==      Total: 17
2021-10-21 18:35:15,762 DEBUG (BaseJdbcLogger.java:159)- <==      Total: 3
2021-10-21 18:35:24,151 DEBUG (BaseJdbcLogger.java:159)- ==>  Preparing: SELECT id_access_api, `name`, display_name, `key_name`, `level`, `parent_id`, `router_path`, `seque`, `icon` FROM `access_api` WHERE id_access_api IN ( SELECT id_access_api FROM role_access WHERE id_role = ? ) ORDER BY `level`,seque 
2021-10-21 18:35:24,153 DEBUG (BaseJdbcLogger.java:159)- ==> Parameters: 2(Integer)
2021-10-21 18:35:24,155 DEBUG (BaseJdbcLogger.java:159)- ==>  Preparing: SELECT id_access_api, `name`, display_name, `key_name`, `level`, `parent_id`, `router_path`, `seque`, `icon` FROM `access_api` WHERE id_access_api IN ( SELECT id_access_api FROM role_access WHERE id_role = ? ) ORDER BY `level`,seque 
2021-10-21 18:35:24,157 DEBUG (BaseJdbcLogger.java:159)- ==>  Preparing: select count(1) from `general_account_daily` where 1=1 
2021-10-21 18:35:24,157 DEBUG (BaseJdbcLogger.java:159)- ==> Parameters: 2(Integer)
2021-10-21 18:35:24,158 DEBUG (BaseJdbcLogger.java:159)- ==> Parameters: 
2021-10-21 18:35:24,160 DEBUG (BaseJdbcLogger.java:159)- <==      Total: 1
2021-10-21 18:35:24,162 DEBUG (BaseJdbcLogger.java:159)- <==      Total: 17
2021-10-21 18:35:24,162 DEBUG (BaseJdbcLogger.java:159)- ==>  Preparing: select id_general_account_daily, collection_amount, pay_amount, service_charge, remaining_sum, state, create_time from `general_account_daily` where 1=1 ORDER BY create_time DESC limit ?,? 
2021-10-21 18:35:24,163 DEBUG (BaseJdbcLogger.java:159)- ==> Parameters: 0(Integer), 10(Integer)
2021-10-21 18:35:24,166 DEBUG (BaseJdbcLogger.java:159)- <==      Total: 17
2021-10-21 18:35:24,167 DEBUG (BaseJdbcLogger.java:159)- <==      Total: 3
2021-10-21 18:35:26,032 DEBUG (BaseJdbcLogger.java:159)- ==>  Preparing: SELECT pf.`reason_application` AS 'reasonApplication', pf.`amount`, pf.`payment_name` AS 'paymentName', pf.`payment_account` AS 'paymentAccount', pf.`code`, pf.`id_card_type` AS 'idCardType', pa.`amount` AS 'approvalAmount', pr.`id_payment_remittance` as 'idPaymentRemittance', pr.`id_payment_form` as 'idPaymentForm', pr.`amount` AS 'remittanceAmount', pr.`service_charge` AS 'serviceCharge', pfr.`id_pay_flow_record` as 'idPayFlowRecord', pfr.`remaining_sum` AS 'remainingSum', pfr.`id_flow_type` AS 'idFlowType', pfr.`id_pay_flow_record` AS 'idPayFlowRecord', pr.remark as 'remark', pr.`remittance_date` AS 'createTime' FROM pay_flow_record pfr LEFT JOIN payment_remittance pr ON pr.`id_payment_remittance` = pfr.`id_payment_remittance` LEFT JOIN payment_approval pa ON pa.`id_payment_form` = pr.`id_payment_form` LEFT JOIN payment_form pf ON pf.`id_payment_form` = pa.`id_payment_form` WHERE pr.`id_card_type` = ? AND DATE_FORMAT(pr.`remittance_date`, '%Y-%m-%d') = ? order by pr.create_time desc 
2021-10-21 18:35:26,034 DEBUG (BaseJdbcLogger.java:159)- ==> Parameters: 3(Integer), 2021-10-20(String)
2021-10-21 18:35:26,044 DEBUG (BaseJdbcLogger.java:159)- <==      Total: 1
2021-10-21 18:35:26,046 DEBUG (BaseJdbcLogger.java:159)- ==>  Preparing: SELECT cr.`id_collection_record` as 'idCollectionRecord', cr.`amount` AS 'collectionAmount', cr.`id_card_type` AS 'idCardType', ifr.`remaining_sum` AS 'remainingSum', ifr.`id_flow_type` AS 'idFlowType', ifr.`id_income_flow_record` AS 'idIncomeFlowRecord', cr.`remark`, cr.`collection_date` AS 'createTime' FROM income_flow_record ifr LEFT JOIN collection_record cr ON cr.`id_collection_record` = ifr.`id_collection_record` WHERE cr.`id_card_type` = ? AND DATE_FORMAT(cr.`collection_date`, '%Y-%m-%d') = ? order by cr.create_time desc 
2021-10-21 18:35:26,047 DEBUG (BaseJdbcLogger.java:159)- ==> Parameters: 3(Integer), 2021-10-20(String)
2021-10-21 18:35:26,058 DEBUG (BaseJdbcLogger.java:159)- <==      Total: 2
2021-10-21 18:35:29,233 DEBUG (BaseJdbcLogger.java:159)- ==>  Preparing: insert into approval_general_account_daily ( id_general_account_daily, id_result_type, id_user, create_time ) values( ?, ?, ?, ? ) 
2021-10-21 18:35:29,236 DEBUG (BaseJdbcLogger.java:159)- ==> Parameters: 5(Integer), 1(Integer), 7(Integer), 2021-10-21(String)
2021-10-21 18:35:29,247 DEBUG (BaseJdbcLogger.java:159)- <==    Updates: 1
2021-10-21 18:35:29,251 DEBUG (BaseJdbcLogger.java:159)- ==>  Preparing: update general_account_daily SET state = ? where id_general_account_daily = ? 
2021-10-21 18:35:29,251 DEBUG (BaseJdbcLogger.java:159)- ==> Parameters: 1(Integer), 5(Integer)
2021-10-21 18:35:29,254 DEBUG (BaseJdbcLogger.java:159)- <==    Updates: 1
2021-10-21 18:35:29,256 DEBUG (BaseJdbcLogger.java:159)- ==>  Preparing: select id_config, id_card_type, `name`, config from `config` where `id_config` = ? 
2021-10-21 18:35:29,256 DEBUG (BaseJdbcLogger.java:159)- ==> Parameters: 3(Integer)
2021-10-21 18:35:29,257 DEBUG (BaseJdbcLogger.java:159)- <==      Total: 1
2021-10-21 18:35:29,369 DEBUG (BaseJdbcLogger.java:159)- ==>  Preparing: select id_general_account_daily, collection_amount, pay_amount, service_charge, remaining_sum, state, create_time from general_account_daily where id_general_account_daily = ? 
2021-10-21 18:35:29,371 DEBUG (BaseJdbcLogger.java:159)- ==> Parameters: 5(Integer)
2021-10-21 18:35:29,372 DEBUG (BaseJdbcLogger.java:159)- <==      Total: 1
2021-10-21 18:35:29,710 DEBUG (BaseJdbcLogger.java:159)- ==>  Preparing: select count(1) from `general_account_daily` where 1=1 
2021-10-21 18:35:29,711 DEBUG (BaseJdbcLogger.java:159)- ==> Parameters: 
2021-10-21 18:35:29,712 DEBUG (BaseJdbcLogger.java:159)- <==      Total: 1
2021-10-21 18:35:29,713 DEBUG (BaseJdbcLogger.java:159)- ==>  Preparing: select id_general_account_daily, collection_amount, pay_amount, service_charge, remaining_sum, state, create_time from `general_account_daily` where 1=1 ORDER BY create_time DESC limit ?,? 
2021-10-21 18:35:29,714 DEBUG (BaseJdbcLogger.java:159)- ==> Parameters: 0(Integer), 10(Integer)
2021-10-21 18:35:29,717 DEBUG (BaseJdbcLogger.java:159)- <==      Total: 3
2021-10-21 18:35:39,459 DEBUG (BaseJdbcLogger.java:159)- ==>  Preparing: select count(1) from `public_daily` where 1=1 
2021-10-21 18:35:39,460 DEBUG (BaseJdbcLogger.java:159)- ==> Parameters: 
2021-10-21 18:35:39,461 DEBUG (BaseJdbcLogger.java:159)- <==      Total: 1
2021-10-21 18:35:39,463 DEBUG (BaseJdbcLogger.java:159)- ==>  Preparing: select id_public_daily, collection_amount, pay_amount, service_charge, remaining_sum, state, create_time from `public_daily` where 1=1 ORDER BY create_time DESC limit ?,? 
2021-10-21 18:35:39,464 DEBUG (BaseJdbcLogger.java:159)- ==> Parameters: 0(Integer), 10(Integer)
2021-10-21 18:35:39,468 DEBUG (BaseJdbcLogger.java:159)- <==      Total: 10
