2021-08-17 11:57:28,311 DEBUG (BaseJdbcLogger.java:159)- ==>  Preparing: select * from `user` where username = ? 
2021-08-17 11:57:28,383 DEBUG (BaseJdbcLogger.java:159)- ==> Parameters: zhangsan(String)
2021-08-17 11:57:28,437 DEBUG (BaseJdbcLogger.java:159)- <==      Total: 1
2021-08-17 11:57:51,001 DEBUG (BaseJdbcLogger.java:159)- ==>  Preparing: select * from `user` where username = ? 
2021-08-17 11:57:51,003 DEBUG (BaseJdbcLogger.java:159)- ==> Parameters: zhangsan(String)
2021-08-17 11:57:51,011 DEBUG (BaseJdbcLogger.java:159)- <==      Total: 1
2021-08-17 11:57:53,694 DEBUG (BaseJdbcLogger.java:159)- ==>  Preparing: SELECT COUNT(1) FROM payment_form WHERE id_payment_form_state = 1 
2021-08-17 11:57:53,696 DEBUG (BaseJdbcLogger.java:159)- ==> Parameters: 
2021-08-17 11:57:53,730 DEBUG (BaseJdbcLogger.java:159)- <==      Total: 1
2021-08-17 11:57:53,732 DEBUG (BaseJdbcLogger.java:159)- ==>  Preparing: SELECT COUNT(1) FROM payment_form WHERE id_payment_form NOT IN ( SELECT id_payment_form FROM payment_remittance ) 
2021-08-17 11:57:53,733 DEBUG (BaseJdbcLogger.java:159)- ==> Parameters: 
2021-08-17 11:57:53,737 DEBUG (BaseJdbcLogger.java:159)- <==      Total: 1
2021-08-17 11:57:53,739 DEBUG (BaseJdbcLogger.java:159)- ==>  Preparing: SELECT id_remaining_sum_record, last_remaining_sum, create_time FROM `remaining_sum_record` WHERE DATE_FORMAT(create_time, '%y-%m-%d') = DATE_FORMAT(NOW(), '%y-%m-%d') 
2021-08-17 11:57:53,740 DEBUG (BaseJdbcLogger.java:159)- ==> Parameters: 
2021-08-17 11:57:53,745 DEBUG (BaseJdbcLogger.java:159)- <==      Total: 0
2021-08-17 12:00:14,055 DEBUG (BaseJdbcLogger.java:159)- ==>  Preparing: SELECT count(1) FROM payment_form pf LEFT JOIN payment_approval pa ON pa.`id_payment_form` = pf.`id_payment_form` LEFT JOIN `user` u ON u.`id_user` = pf.`id_user` LEFT JOIN `user` ua ON ua.`id_user` = pa.`id_user` WHERE 1=1 
2021-08-17 12:00:14,056 DEBUG (BaseJdbcLogger.java:159)- ==> Parameters: 
2021-08-17 12:00:14,059 DEBUG (BaseJdbcLogger.java:159)- <==      Total: 1
2021-08-17 12:00:14,065 DEBUG (BaseJdbcLogger.java:159)- ==>  Preparing: SELECT pf.`id_payment_form` AS 'idPaymentForm', pf.`code`, pf.`reason_application` AS 'reasonApplication', pf.`amount`, pf.`payment_name` AS 'paymentName', pf.`payment_account` AS 'paymentAccount', pa.`amount` AS 'approvalAmount', ua.`real_name` AS 'approvalUser', pr.`amount` AS 'remittanceAmount', pr.`service_charge` AS 'serviceCharge', ur.`real_name` AS 'remittanceUser', pf.`id_payment_form_state` AS 'idPaymentFormState', pf.`create_time` AS 'createTime', pf.`id_user` AS 'idUser', u.`real_name` AS 'userName' FROM payment_form pf LEFT JOIN payment_approval pa ON pa.`id_payment_form` = pf.`id_payment_form` LEFT JOIN payment_remittance pr ON pr.`id_payment_form` = pf.`id_payment_form` LEFT JOIN `user` u ON u.`id_user` = pf.`id_user` LEFT JOIN `user` ua ON ua.`id_user` = pa.`id_user` LEFT JOIN `user` ur ON ur.`id_user` = pr.`id_user` WHERE 1=1 ORDER BY pf.`create_time` DESC LIMIT ?,? 
2021-08-17 12:00:14,067 DEBUG (BaseJdbcLogger.java:159)- ==> Parameters: 0(Integer), 10(Integer)
2021-08-17 12:00:14,084 DEBUG (BaseJdbcLogger.java:159)- <==      Total: 4
2021-08-17 13:42:22,788 DEBUG (BaseJdbcLogger.java:159)- ==>  Preparing: SELECT COUNT(1) FROM payment_form WHERE id_payment_form_state = 1 
2021-08-17 13:42:22,789 DEBUG (BaseJdbcLogger.java:159)- ==> Parameters: 
2021-08-17 13:42:22,791 DEBUG (BaseJdbcLogger.java:159)- <==      Total: 1
2021-08-17 13:42:22,793 DEBUG (BaseJdbcLogger.java:159)- ==>  Preparing: SELECT COUNT(1) FROM payment_form WHERE id_payment_form NOT IN ( SELECT id_payment_form FROM payment_remittance ) 
2021-08-17 13:42:22,794 DEBUG (BaseJdbcLogger.java:159)- ==> Parameters: 
2021-08-17 13:42:22,796 DEBUG (BaseJdbcLogger.java:159)- <==      Total: 1
2021-08-17 13:42:22,797 DEBUG (BaseJdbcLogger.java:159)- ==>  Preparing: SELECT id_remaining_sum_record, last_remaining_sum, create_time FROM `remaining_sum_record` WHERE DATE_FORMAT(create_time, '%y-%m-%d') = DATE_FORMAT(NOW(), '%y-%m-%d') 
2021-08-17 13:42:22,798 DEBUG (BaseJdbcLogger.java:159)- ==> Parameters: 
2021-08-17 13:42:22,800 DEBUG (BaseJdbcLogger.java:159)- <==      Total: 0
2021-08-17 14:52:58,665 DEBUG (BaseJdbcLogger.java:159)- ==>  Preparing: SELECT count(1) FROM collection_record cr LEFT JOIN `user` u ON u.`id_user` = cr.`id_user` where 1=1 
2021-08-17 14:52:58,700 DEBUG (BaseJdbcLogger.java:159)- ==> Parameters: 
2021-08-17 14:52:58,731 DEBUG (BaseJdbcLogger.java:159)- <==      Total: 1
2021-08-17 14:52:58,737 DEBUG (BaseJdbcLogger.java:159)- ==>  Preparing: SELECT cr.`id_collection_record` AS 'idCollectionRecord', cr.`amount`, cr.`collection_date` AS 'collectionDate', cr.`collection_account` AS 'collectionAccount', cr.`create_time` AS 'createTime', cr.`id_user` AS 'idUser', u.`real_name` AS 'userName' FROM collection_record cr LEFT JOIN `user` u ON u.`id_user` = cr.`id_user` where 1=1 ORDER BY cr.`collection_date` DESC LIMIT ?,? 
2021-08-17 14:52:58,739 DEBUG (BaseJdbcLogger.java:159)- ==> Parameters: 0(Integer), 10(Integer)
2021-08-17 14:52:58,746 DEBUG (BaseJdbcLogger.java:159)- <==      Total: 3
2021-08-17 14:53:19,849 DEBUG (BaseJdbcLogger.java:159)- ==>  Preparing: insert into collection_record ( amount, collection_date, collection_account, id_user, create_time ) values ( ?, ?, ?, ?, ? ) 
2021-08-17 14:53:19,851 DEBUG (BaseJdbcLogger.java:159)- ==> Parameters: 1000(String), 2021-08-17 00:00:00(String), 5719054936107020(String), 2(Integer), 2021-08-17 14:53:19(String)
2021-08-17 14:53:19,862 DEBUG (BaseJdbcLogger.java:159)- <==    Updates: 1
2021-08-17 14:53:19,873 DEBUG (BaseJdbcLogger.java:159)- ==>  Preparing: select id_config, config from `config` 
2021-08-17 14:53:19,873 DEBUG (BaseJdbcLogger.java:159)- ==> Parameters: 
2021-08-17 14:53:19,876 DEBUG (BaseJdbcLogger.java:159)- <==      Total: 1
2021-08-17 14:53:19,961 DEBUG (BaseJdbcLogger.java:159)- ==>  Preparing: insert into `income_flow_record` ( id_collection_record, amount, remaining_sum, create_time ) values ( ?, ?, ?, ? ) 
2021-08-17 14:53:19,962 DEBUG (BaseJdbcLogger.java:159)- ==> Parameters: 17(Integer), 1000(String), 6314.01(String), 2021-08-17 14:53:19(String)
2021-08-17 14:53:19,965 DEBUG (BaseJdbcLogger.java:159)- <==    Updates: 1
2021-08-17 14:53:19,995 DEBUG (BaseJdbcLogger.java:159)- ==>  Preparing: update `config` set `config` = ? where id_config = ? 
2021-08-17 14:53:19,996 DEBUG (BaseJdbcLogger.java:159)- ==> Parameters: {"cardNum":"5719054936107020","cyclical":false,"remainingSum":"6314.01","timeUnit":"day"}(String), 1(Integer)
2021-08-17 14:53:19,999 DEBUG (BaseJdbcLogger.java:159)- <==    Updates: 1
2021-08-17 14:53:20,345 DEBUG (BaseJdbcLogger.java:159)- ==>  Preparing: SELECT count(1) FROM collection_record cr LEFT JOIN `user` u ON u.`id_user` = cr.`id_user` where 1=1 
2021-08-17 14:53:20,346 DEBUG (BaseJdbcLogger.java:159)- ==> Parameters: 
2021-08-17 14:53:20,348 DEBUG (BaseJdbcLogger.java:159)- <==      Total: 1
2021-08-17 14:53:20,349 DEBUG (BaseJdbcLogger.java:159)- ==>  Preparing: SELECT cr.`id_collection_record` AS 'idCollectionRecord', cr.`amount`, cr.`collection_date` AS 'collectionDate', cr.`collection_account` AS 'collectionAccount', cr.`create_time` AS 'createTime', cr.`id_user` AS 'idUser', u.`real_name` AS 'userName' FROM collection_record cr LEFT JOIN `user` u ON u.`id_user` = cr.`id_user` where 1=1 ORDER BY cr.`collection_date` DESC LIMIT ?,? 
2021-08-17 14:53:20,350 DEBUG (BaseJdbcLogger.java:159)- ==> Parameters: 0(Integer), 10(Integer)
2021-08-17 14:53:20,356 DEBUG (BaseJdbcLogger.java:159)- <==      Total: 4
