2021-09-01 00:04:00,327 DEBUG (BaseJdbcLogger.java:159)- ==>  Preparing: SELECT pf.`code`, pf.`reason_application` AS 'reasonApplication', pf.`amount`, pf.`payment_name` AS 'paymentName', pf.`payment_account` AS 'paymentAccount', pa.`amount` AS 'approvalAmount', pa.`create_time` AS 'approvalCreateTime', pr.`amount` AS 'remittanceAmount', pr.`service_charge` AS 'serviceCharge', pr.`remittance_date` AS 'remittanceDate' FROM payment_form pf LEFT JOIN payment_approval pa ON pa.`id_payment_form` = pf.`id_payment_form` LEFT JOIN payment_remittance pr ON pr.`id_payment_form` = pf.`id_payment_form` WHERE pf.`id_card_type` = ? AND DATE_FORMAT(NOW(), '%Y%m%d') - DATE_FORMAT(pr.`remittance_date`, '%Y%m%d') = 1 
2021-09-01 00:04:00,376 DEBUG (BaseJdbcLogger.java:159)- ==> Parameters: 1(Integer)
2021-09-01 00:04:00,409 DEBUG (BaseJdbcLogger.java:159)- <==      Total: 0
2021-09-01 00:04:00,411 DEBUG (BaseJdbcLogger.java:159)- ==>  Preparing: SELECT amount as 'collectionAmount', collection_date as 'collectionDate' FROM `collection_record` WHERE id_card_type = ? AND DATE_FORMAT(NOW(), '%Y%m%d') - DATE_FORMAT(collection_date, '%Y%m%d') = 1 
2021-09-01 00:04:00,412 DEBUG (BaseJdbcLogger.java:159)- ==> Parameters: 1(Integer)
2021-09-01 00:04:00,413 DEBUG (BaseJdbcLogger.java:159)- <==      Total: 0
2021-09-01 00:04:00,413 DEBUG (BaseJdbcLogger.java:159)- ==>  Preparing: SELECT pf.`code`, pf.`reason_application` AS 'reasonApplication', pf.`amount`, pf.`payment_name` AS 'paymentName', pf.`payment_account` AS 'paymentAccount', pa.`amount` AS 'approvalAmount', pa.`create_time` AS 'approvalCreateTime', pr.`amount` AS 'remittanceAmount', pr.`service_charge` AS 'serviceCharge', pr.`remittance_date` AS 'remittanceDate' FROM payment_form pf LEFT JOIN payment_approval pa ON pa.`id_payment_form` = pf.`id_payment_form` LEFT JOIN payment_remittance pr ON pr.`id_payment_form` = pf.`id_payment_form` WHERE pf.`id_card_type` = ? AND DATE_FORMAT(NOW(), '%Y%m%d') - DATE_FORMAT(pr.`remittance_date`, '%Y%m%d') = 1 
2021-09-01 00:04:00,414 DEBUG (BaseJdbcLogger.java:159)- ==> Parameters: 2(Integer)
2021-09-01 00:04:00,415 DEBUG (BaseJdbcLogger.java:159)- <==      Total: 0
2021-09-01 00:04:00,416 DEBUG (BaseJdbcLogger.java:159)- ==>  Preparing: SELECT amount as 'collectionAmount', collection_date as 'collectionDate' FROM `collection_record` WHERE id_card_type = ? AND DATE_FORMAT(NOW(), '%Y%m%d') - DATE_FORMAT(collection_date, '%Y%m%d') = 1 
2021-09-01 00:04:00,416 DEBUG (BaseJdbcLogger.java:159)- ==> Parameters: 2(Integer)
2021-09-01 00:04:00,417 DEBUG (BaseJdbcLogger.java:159)- <==      Total: 0
2021-09-01 00:04:00,442 DEBUG (BaseJdbcLogger.java:159)- ==>  Preparing: insert into `public_daily` ( collection_amount, pay_amount, service_charge, create_time ) values ( ?, ?, ?, ? ) 
2021-09-01 00:04:00,444 DEBUG (BaseJdbcLogger.java:159)- ==> Parameters: 0.00(String), 0.00(String), 0.00(String), 2021-09-0(String)
2021-09-01 00:04:00,445 DEBUG (BaseJdbcLogger.java:159)- <==    Updates: 1
2021-09-01 00:04:00,446 DEBUG (BaseJdbcLogger.java:159)- ==>  Preparing: insert into `private_daily` ( collection_amount, pay_amount, service_charge, create_time ) values ( ?, ?, ?, ? ) 
2021-09-01 00:04:00,447 DEBUG (BaseJdbcLogger.java:159)- ==> Parameters: 0.00(String), 0.00(String), 0.00(String), 2021-09-0(String)
2021-09-01 00:04:00,448 DEBUG (BaseJdbcLogger.java:159)- <==    Updates: 1
2021-08-24 23:59:28,085 DEBUG (BaseJdbcLogger.java:159)- ==>  Preparing: SELECT COUNT(1) FROM payment_form WHERE id_payment_form_state = 1 
2021-08-24 23:59:28,085 DEBUG (BaseJdbcLogger.java:159)- ==>  Preparing: select id_card_type, `name` from `card_type` 
2021-08-24 23:59:28,136 DEBUG (BaseJdbcLogger.java:159)- ==> Parameters: 
2021-08-24 23:59:28,136 DEBUG (BaseJdbcLogger.java:159)- ==> Parameters: 
2021-08-24 23:59:28,171 DEBUG (BaseJdbcLogger.java:159)- <==      Total: 2
2021-08-24 23:59:28,171 DEBUG (BaseJdbcLogger.java:159)- <==      Total: 1
2021-08-24 23:59:28,173 DEBUG (BaseJdbcLogger.java:159)- ==>  Preparing: SELECT COUNT(1) FROM payment_form WHERE id_payment_form NOT IN ( SELECT id_payment_form FROM payment_remittance ) 
2021-08-24 23:59:28,173 DEBUG (BaseJdbcLogger.java:159)- ==> Parameters: 
2021-08-24 23:59:28,175 DEBUG (BaseJdbcLogger.java:159)- <==      Total: 1
2021-08-24 23:59:28,177 DEBUG (BaseJdbcLogger.java:159)- ==>  Preparing: SELECT id_remaining_sum_record, id_card_type, last_remaining_sum, create_time FROM `remaining_sum_record` WHERE id_card_type = ? and DATE_FORMAT(create_time, '%y-%m-%d') = DATE_FORMAT(NOW(), '%y-%m-%d') 
2021-08-24 23:59:28,178 DEBUG (BaseJdbcLogger.java:159)- ==> Parameters: 1(Integer)
2021-08-24 23:59:28,183 DEBUG (BaseJdbcLogger.java:159)- <==      Total: 1
2021-08-24 23:59:28,184 DEBUG (BaseJdbcLogger.java:159)- ==>  Preparing: SELECT id_remaining_sum_record, id_card_type, last_remaining_sum, create_time FROM `remaining_sum_record` WHERE id_card_type = ? and DATE_FORMAT(create_time, '%y-%m-%d') = DATE_FORMAT(NOW(), '%y-%m-%d') 
2021-08-24 23:59:28,184 DEBUG (BaseJdbcLogger.java:159)- ==> Parameters: 2(Integer)
2021-08-24 23:59:28,186 DEBUG (BaseJdbcLogger.java:159)- <==      Total: 1
2021-08-24 23:59:31,360 DEBUG (BaseJdbcLogger.java:159)- ==>  Preparing: select count(1) from `public_daily` where 1=1 
2021-08-24 23:59:31,361 DEBUG (BaseJdbcLogger.java:159)- ==> Parameters: 
2021-08-24 23:59:31,362 DEBUG (BaseJdbcLogger.java:159)- <==      Total: 1
2021-08-24 23:59:31,364 DEBUG (BaseJdbcLogger.java:159)- ==>  Preparing: select id_public_daily, collection_amount, pay_amount, service_charge, state, create_time from `public_daily` where 1=1 
2021-08-24 23:59:31,365 DEBUG (BaseJdbcLogger.java:159)- ==> Parameters: 
2021-08-24 23:59:31,366 DEBUG (BaseJdbcLogger.java:159)- <==      Total: 0
2021-08-24 23:59:33,050 DEBUG (BaseJdbcLogger.java:159)- ==>  Preparing: select id_card_type, `name` from `card_type` 
2021-08-24 23:59:33,052 DEBUG (BaseJdbcLogger.java:159)- ==> Parameters: 
2021-08-24 23:59:33,055 DEBUG (BaseJdbcLogger.java:159)- <==      Total: 2
2021-08-24 23:59:33,067 DEBUG (BaseJdbcLogger.java:159)- ==>  Preparing: SELECT count(1) FROM payment_form pf LEFT JOIN payment_approval pa ON pa.`id_payment_form` = pf.`id_payment_form` LEFT JOIN `user` u ON u.`id_user` = pf.`id_user` LEFT JOIN `user` ua ON ua.`id_user` = pa.`id_user` WHERE 1=1 
2021-08-24 23:59:33,068 DEBUG (BaseJdbcLogger.java:159)- ==> Parameters: 
2021-08-24 23:59:33,069 DEBUG (BaseJdbcLogger.java:159)- <==      Total: 1
2021-08-24 23:59:33,071 DEBUG (BaseJdbcLogger.java:159)- ==>  Preparing: SELECT pf.`id_payment_form` AS 'idPaymentForm', pf.`code`, pf.`reason_application` AS 'reasonApplication', pf.`amount`, pf.`payment_name` AS 'paymentName', pf.`payment_account` AS 'paymentAccount', pf.`id_payment_form_state` AS 'idPaymentFormState', pf.`create_time` AS 'createTime', pf.`id_user` AS 'idUser', pf.`id_card_type` as 'idCardType', pf.`state`, pa.`amount` AS 'approvalAmount', ua.`real_name` AS 'approvalUser', pr.`amount` AS 'remittanceAmount', pr.`service_charge` AS 'serviceCharge', ur.`real_name` AS 'remittanceUser', u.`real_name` AS 'userName' FROM payment_form pf LEFT JOIN payment_approval pa ON pa.`id_payment_form` = pf.`id_payment_form` LEFT JOIN payment_remittance pr ON pr.`id_payment_form` = pf.`id_payment_form` LEFT JOIN `user` u ON u.`id_user` = pf.`id_user` LEFT JOIN `user` ua ON ua.`id_user` = pa.`id_user` LEFT JOIN `user` ur ON ur.`id_user` = pr.`id_user` WHERE 1=1 ORDER BY pf.`create_time` DESC LIMIT ?,? 
2021-08-24 23:59:33,072 DEBUG (BaseJdbcLogger.java:159)- ==> Parameters: 0(Integer), 10(Integer)
2021-08-24 23:59:33,077 DEBUG (BaseJdbcLogger.java:159)- <==      Total: 3
2021-08-24 23:59:35,706 DEBUG (BaseJdbcLogger.java:159)- ==>  Preparing: select id_card_type, `name` from `card_type` 
2021-08-24 23:59:35,707 DEBUG (BaseJdbcLogger.java:159)- ==> Parameters: 
2021-08-24 23:59:35,709 DEBUG (BaseJdbcLogger.java:159)- <==      Total: 2
2021-08-24 23:59:36,015 DEBUG (BaseJdbcLogger.java:159)- ==>  Preparing: SELECT COUNT(1) FROM payment_form WHERE id_payment_form_state = 1 
2021-08-24 23:59:36,016 DEBUG (BaseJdbcLogger.java:159)- ==> Parameters: 
2021-08-24 23:59:36,018 DEBUG (BaseJdbcLogger.java:159)- <==      Total: 1
2021-08-24 23:59:36,019 DEBUG (BaseJdbcLogger.java:159)- ==>  Preparing: SELECT COUNT(1) FROM payment_form WHERE id_payment_form NOT IN ( SELECT id_payment_form FROM payment_remittance ) 
2021-08-24 23:59:36,019 DEBUG (BaseJdbcLogger.java:159)- ==> Parameters: 
2021-08-24 23:59:36,020 DEBUG (BaseJdbcLogger.java:159)- <==      Total: 1
2021-08-24 23:59:36,021 DEBUG (BaseJdbcLogger.java:159)- ==>  Preparing: SELECT id_remaining_sum_record, id_card_type, last_remaining_sum, create_time FROM `remaining_sum_record` WHERE id_card_type = ? and DATE_FORMAT(create_time, '%y-%m-%d') = DATE_FORMAT(NOW(), '%y-%m-%d') 
2021-08-24 23:59:36,022 DEBUG (BaseJdbcLogger.java:159)- ==> Parameters: 1(Integer)
2021-08-24 23:59:36,023 DEBUG (BaseJdbcLogger.java:159)- <==      Total: 1
2021-08-24 23:59:36,024 DEBUG (BaseJdbcLogger.java:159)- ==>  Preparing: SELECT id_remaining_sum_record, id_card_type, last_remaining_sum, create_time FROM `remaining_sum_record` WHERE id_card_type = ? and DATE_FORMAT(create_time, '%y-%m-%d') = DATE_FORMAT(NOW(), '%y-%m-%d') 
2021-08-24 23:59:36,025 DEBUG (BaseJdbcLogger.java:159)- ==> Parameters: 2(Integer)
2021-08-24 23:59:36,026 DEBUG (BaseJdbcLogger.java:159)- <==      Total: 1
