2021-10-18 08:31:27,172 DEBUG (BaseJdbcLogger.java:159)- ==>  Preparing: select * from `user` where username = ? 
2021-10-18 08:31:27,224 DEBUG (BaseJdbcLogger.java:159)- ==> Parameters: wangfen(String)
2021-10-18 08:31:27,280 DEBUG (BaseJdbcLogger.java:159)- <==      Total: 1
2021-10-18 08:31:30,606 DEBUG (BaseJdbcLogger.java:159)- ==>  Preparing: select id_card_type, `name` from `card_type` 
2021-10-18 08:31:30,608 DEBUG (BaseJdbcLogger.java:159)- ==> Parameters: 
2021-10-18 08:31:30,612 DEBUG (BaseJdbcLogger.java:159)- <==      Total: 4
2021-10-18 08:31:30,904 DEBUG (BaseJdbcLogger.java:159)- ==>  Preparing: SELECT COUNT(1) FROM payment_form WHERE id_payment_form_state = 1 
2021-10-18 08:31:30,905 DEBUG (BaseJdbcLogger.java:159)- ==> Parameters: 
2021-10-18 08:31:30,916 DEBUG (BaseJdbcLogger.java:159)- <==      Total: 1
2021-10-18 08:31:30,917 DEBUG (BaseJdbcLogger.java:159)- ==>  Preparing: SELECT COUNT(1) FROM payment_form WHERE id_payment_form NOT IN ( SELECT id_payment_form FROM payment_remittance WHERE id_payment_form IS NOT NULL ) 
2021-10-18 08:31:30,918 DEBUG (BaseJdbcLogger.java:159)- ==> Parameters: 
2021-10-18 08:31:30,920 DEBUG (BaseJdbcLogger.java:159)- <==      Total: 1
2021-10-18 08:31:30,921 DEBUG (BaseJdbcLogger.java:159)- ==>  Preparing: select count(1) from private_daily WHERE state = ? 
2021-10-18 08:31:30,922 DEBUG (BaseJdbcLogger.java:159)- ==> Parameters: 0(Integer)
2021-10-18 08:31:30,924 DEBUG (BaseJdbcLogger.java:159)- <==      Total: 1
2021-10-18 08:31:30,924 DEBUG (BaseJdbcLogger.java:159)- ==>  Preparing: SELECT id_remaining_sum_record, id_card_type, last_remaining_sum, create_time FROM `remaining_sum_record` WHERE id_card_type = ? and DATE_FORMAT(create_time, '%y-%m-%d') = DATE_FORMAT(NOW(), '%y-%m-%d') 
2021-10-18 08:31:30,925 DEBUG (BaseJdbcLogger.java:159)- ==>  Preparing: select count(1) from public_daily WHERE state = ? 
2021-10-18 08:31:30,925 DEBUG (BaseJdbcLogger.java:159)- ==> Parameters: 1(Integer)
2021-10-18 08:31:30,926 DEBUG (BaseJdbcLogger.java:159)- ==> Parameters: 0(Integer)
2021-10-18 08:31:30,927 DEBUG (BaseJdbcLogger.java:159)- <==      Total: 0
2021-10-18 08:31:30,928 DEBUG (BaseJdbcLogger.java:159)- <==      Total: 1
2021-10-18 08:31:30,928 DEBUG (BaseJdbcLogger.java:159)- ==>  Preparing: SELECT id_remaining_sum_record, id_card_type, last_remaining_sum, create_time FROM `remaining_sum_record` WHERE id_card_type = ? and DATE_FORMAT(create_time, '%y-%m-%d') = DATE_FORMAT(NOW(), '%y-%m-%d') 
2021-10-18 08:31:30,929 DEBUG (BaseJdbcLogger.java:159)- ==>  Preparing: select count(1) from private_daily WHERE state = ? 
2021-10-18 08:31:30,929 DEBUG (BaseJdbcLogger.java:159)- ==> Parameters: 2(Integer)
2021-10-18 08:31:30,929 DEBUG (BaseJdbcLogger.java:159)- ==> Parameters: 1(Integer)
2021-10-18 08:31:30,930 DEBUG (BaseJdbcLogger.java:159)- <==      Total: 1
2021-10-18 08:31:30,930 DEBUG (BaseJdbcLogger.java:159)- <==      Total: 0
2021-10-18 08:31:30,931 DEBUG (BaseJdbcLogger.java:159)- ==>  Preparing: select count(1) from public_daily WHERE state = ? 
2021-10-18 08:31:30,932 DEBUG (BaseJdbcLogger.java:159)- ==> Parameters: 1(Integer)
2021-10-18 08:31:30,933 DEBUG (BaseJdbcLogger.java:159)- <==      Total: 1
2021-10-18 08:31:40,304 DEBUG (BaseJdbcLogger.java:159)- ==>  Preparing: select count(1) from `public_daily` where 1=1 
2021-10-18 08:31:40,305 DEBUG (BaseJdbcLogger.java:159)- ==> Parameters: 
2021-10-18 08:31:40,306 DEBUG (BaseJdbcLogger.java:159)- <==      Total: 1
2021-10-18 08:31:40,310 DEBUG (BaseJdbcLogger.java:159)- ==>  Preparing: select id_public_daily, collection_amount, pay_amount, service_charge, remaining_sum, state, create_time from `public_daily` where 1=1 ORDER BY create_time DESC limit ?,? 
2021-10-18 08:31:40,311 DEBUG (BaseJdbcLogger.java:159)- ==> Parameters: 0(Integer), 10(Integer)
2021-10-18 08:31:40,318 DEBUG (BaseJdbcLogger.java:159)- <==      Total: 10
2021-10-18 08:31:42,734 DEBUG (BaseJdbcLogger.java:159)- ==>  Preparing: select count(1) from `general_account_daily` where 1=1 
2021-10-18 08:31:42,736 DEBUG (BaseJdbcLogger.java:159)- ==> Parameters: 
2021-10-18 08:31:42,738 DEBUG (BaseJdbcLogger.java:159)- <==      Total: 1
2021-10-18 08:31:42,739 DEBUG (BaseJdbcLogger.java:159)- ==>  Preparing: select id_general_account_daily, collection_amount, pay_amount, service_charge, remaining_sum, state, create_time from `general_account_daily` where 1=1 ORDER BY create_time DESC limit ?,? 
2021-10-18 08:31:42,740 DEBUG (BaseJdbcLogger.java:159)- ==> Parameters: 0(Integer), 10(Integer)
2021-10-18 08:31:42,743 DEBUG (BaseJdbcLogger.java:159)- <==      Total: 1
2021-10-18 08:31:45,100 DEBUG (BaseJdbcLogger.java:159)- ==>  Preparing: select count(1) from `second_general_account_daily` where 1=1 
2021-10-18 08:31:45,101 DEBUG (BaseJdbcLogger.java:159)- ==> Parameters: 
2021-10-18 08:31:45,103 DEBUG (BaseJdbcLogger.java:159)- <==      Total: 1
2021-10-18 08:31:45,106 DEBUG (BaseJdbcLogger.java:159)- ==>  Preparing: select id_second_general_account_daily, collection_amount, pay_amount, service_charge, remaining_sum, state, create_time from `second_general_account_daily` where 1=1 ORDER BY create_time DESC limit ?,? 
2021-10-18 08:31:45,109 DEBUG (BaseJdbcLogger.java:159)- ==> Parameters: 0(Integer), 10(Integer)
2021-10-18 08:31:45,114 DEBUG (BaseJdbcLogger.java:159)- <==      Total: 1
2021-10-18 08:31:46,242 DEBUG (BaseJdbcLogger.java:159)- ==>  Preparing: select count(1) from `general_account_daily` where 1=1 
2021-10-18 08:31:46,243 DEBUG (BaseJdbcLogger.java:159)- ==> Parameters: 
2021-10-18 08:31:46,244 DEBUG (BaseJdbcLogger.java:159)- <==      Total: 1
2021-10-18 08:31:46,245 DEBUG (BaseJdbcLogger.java:159)- ==>  Preparing: select id_general_account_daily, collection_amount, pay_amount, service_charge, remaining_sum, state, create_time from `general_account_daily` where 1=1 ORDER BY create_time DESC limit ?,? 
2021-10-18 08:31:46,246 DEBUG (BaseJdbcLogger.java:159)- ==> Parameters: 0(Integer), 10(Integer)
2021-10-18 08:31:46,247 DEBUG (BaseJdbcLogger.java:159)- <==      Total: 1
2021-10-18 08:31:47,207 DEBUG (BaseJdbcLogger.java:159)- ==>  Preparing: select count(1) from `second_general_account_daily` where 1=1 
2021-10-18 08:31:47,208 DEBUG (BaseJdbcLogger.java:159)- ==> Parameters: 
2021-10-18 08:31:47,210 DEBUG (BaseJdbcLogger.java:159)- <==      Total: 1
2021-10-18 08:31:47,212 DEBUG (BaseJdbcLogger.java:159)- ==>  Preparing: select id_second_general_account_daily, collection_amount, pay_amount, service_charge, remaining_sum, state, create_time from `second_general_account_daily` where 1=1 ORDER BY create_time DESC limit ?,? 
2021-10-18 08:31:47,213 DEBUG (BaseJdbcLogger.java:159)- ==> Parameters: 0(Integer), 10(Integer)
2021-10-18 08:31:47,215 DEBUG (BaseJdbcLogger.java:159)- <==      Total: 1
2021-10-18 08:31:51,955 DEBUG (BaseJdbcLogger.java:159)- ==>  Preparing: select id_config, `name`, config from `config` 
2021-10-18 08:31:51,956 DEBUG (BaseJdbcLogger.java:159)- ==> Parameters: 
2021-10-18 08:31:51,961 DEBUG (BaseJdbcLogger.java:159)- <==      Total: 4
2021-10-18 08:31:53,922 DEBUG (BaseJdbcLogger.java:159)- ==>  Preparing: select count(1) from `public_daily` where 1=1 
2021-10-18 08:31:53,923 DEBUG (BaseJdbcLogger.java:159)- ==> Parameters: 
2021-10-18 08:31:53,924 DEBUG (BaseJdbcLogger.java:159)- <==      Total: 1
2021-10-18 08:31:53,925 DEBUG (BaseJdbcLogger.java:159)- ==>  Preparing: select id_public_daily, collection_amount, pay_amount, service_charge, remaining_sum, state, create_time from `public_daily` where 1=1 ORDER BY create_time DESC limit ?,? 
2021-10-18 08:31:53,926 DEBUG (BaseJdbcLogger.java:159)- ==> Parameters: 0(Integer), 10(Integer)
2021-10-18 08:31:53,932 DEBUG (BaseJdbcLogger.java:159)- <==      Total: 10
2021-10-18 08:31:54,833 DEBUG (BaseJdbcLogger.java:159)- ==>  Preparing: select count(1) from `general_account_daily` where 1=1 
2021-10-18 08:31:54,834 DEBUG (BaseJdbcLogger.java:159)- ==> Parameters: 
2021-10-18 08:31:54,836 DEBUG (BaseJdbcLogger.java:159)- <==      Total: 1
2021-10-18 08:31:54,838 DEBUG (BaseJdbcLogger.java:159)- ==>  Preparing: select id_general_account_daily, collection_amount, pay_amount, service_charge, remaining_sum, state, create_time from `general_account_daily` where 1=1 ORDER BY create_time DESC limit ?,? 
2021-10-18 08:31:54,839 DEBUG (BaseJdbcLogger.java:159)- ==> Parameters: 0(Integer), 10(Integer)
2021-10-18 08:31:54,841 DEBUG (BaseJdbcLogger.java:159)- <==      Total: 1
2021-10-18 08:31:56,099 DEBUG (BaseJdbcLogger.java:159)- ==>  Preparing: select count(1) from `second_general_account_daily` where 1=1 
2021-10-18 08:31:56,100 DEBUG (BaseJdbcLogger.java:159)- ==> Parameters: 
2021-10-18 08:31:56,103 DEBUG (BaseJdbcLogger.java:159)- <==      Total: 1
2021-10-18 08:31:56,104 DEBUG (BaseJdbcLogger.java:159)- ==>  Preparing: select id_second_general_account_daily, collection_amount, pay_amount, service_charge, remaining_sum, state, create_time from `second_general_account_daily` where 1=1 ORDER BY create_time DESC limit ?,? 
2021-10-18 08:31:56,105 DEBUG (BaseJdbcLogger.java:159)- ==> Parameters: 0(Integer), 10(Integer)
2021-10-18 08:31:56,108 DEBUG (BaseJdbcLogger.java:159)- <==      Total: 1
2021-10-18 08:31:56,380 DEBUG (BaseJdbcLogger.java:159)- ==>  Preparing: select count(1) from `private_daily` where 1=1 
2021-10-18 08:31:56,381 DEBUG (BaseJdbcLogger.java:159)- ==> Parameters: 
2021-10-18 08:31:56,382 DEBUG (BaseJdbcLogger.java:159)- <==      Total: 1
2021-10-18 08:31:56,383 DEBUG (BaseJdbcLogger.java:159)- ==>  Preparing: select id_private_daily, collection_amount, pay_amount, service_charge, remaining_sum, state, create_time from `private_daily` where 1=1 ORDER BY create_time DESC limit ?,? 
2021-10-18 08:31:56,384 DEBUG (BaseJdbcLogger.java:159)- ==> Parameters: 0(Integer), 10(Integer)
2021-10-18 08:31:56,388 DEBUG (BaseJdbcLogger.java:159)- <==      Total: 10
2021-10-18 08:31:57,479 DEBUG (BaseJdbcLogger.java:159)- ==>  Preparing: select count(1) from `public_daily` where 1=1 
2021-10-18 08:31:57,480 DEBUG (BaseJdbcLogger.java:159)- ==> Parameters: 
2021-10-18 08:31:57,482 DEBUG (BaseJdbcLogger.java:159)- <==      Total: 1
2021-10-18 08:31:57,484 DEBUG (BaseJdbcLogger.java:159)- ==>  Preparing: select id_public_daily, collection_amount, pay_amount, service_charge, remaining_sum, state, create_time from `public_daily` where 1=1 ORDER BY create_time DESC limit ?,? 
2021-10-18 08:31:57,485 DEBUG (BaseJdbcLogger.java:159)- ==> Parameters: 0(Integer), 10(Integer)
2021-10-18 08:31:57,490 DEBUG (BaseJdbcLogger.java:159)- <==      Total: 10
2021-10-18 08:31:59,852 DEBUG (BaseJdbcLogger.java:159)- ==>  Preparing: SELECT pf.`reason_application` AS 'reasonApplication', pf.`amount`, pf.`payment_name` AS 'paymentName', pf.`payment_account` AS 'paymentAccount', pf.`code`, pr.`id_card_type` as 'idCardType', pa.`amount` AS 'approvalAmount', pr.`amount` AS 'remittanceAmount', pr.`service_charge` AS 'serviceCharge', pfr.`remaining_sum` AS 'remainingSum', pfr.`id_flow_type` AS 'idFlowType', pfr.`id_pay_flow_record` AS 'idPayFlowRecord', pr.`remark` AS 'remark', pr.`remittance_date` as 'remittanceDate', pr.`create_time` AS 'createTime' FROM pay_flow_record pfr LEFT JOIN payment_remittance pr ON pr.`id_payment_remittance` = pfr.`id_payment_remittance` LEFT JOIN payment_approval pa ON pa.`id_payment_form` = pr.`id_payment_form` LEFT JOIN payment_form pf ON pf.`id_payment_form` = pa.`id_payment_form` WHERE 1=1 ORDER BY pr.`remittance_date` DESC, pr.`id_payment_remittance` DESC 
2021-10-18 08:31:59,853 DEBUG (BaseJdbcLogger.java:159)- ==> Parameters: 
2021-10-18 08:31:59,894 DEBUG (BaseJdbcLogger.java:159)- <==      Total: 54
2021-10-18 08:31:59,896 DEBUG (BaseJdbcLogger.java:159)- ==>  Preparing: SELECT cr.`amount` as 'collectionAmount', cr.`id_card_type` as 'idCardType', ifr.`remaining_sum` AS 'remainingSum', ifr.`id_flow_type` AS 'idFlowType', ifr.`id_income_flow_record` AS 'idIncomeFlowRecord', cr.`remark` as 'remark', cr.`collection_date` as 'collectionDate', cr.`create_time` AS 'createTime' FROM income_flow_record ifr LEFT JOIN collection_record cr ON cr.`id_collection_record` = ifr.`id_collection_record` WHERE 1=1 ORDER BY cr.`collection_date` DESC, cr.`id_collection_record` DESC 
2021-10-18 08:31:59,897 DEBUG (BaseJdbcLogger.java:159)- ==> Parameters: 
2021-10-18 08:31:59,914 DEBUG (BaseJdbcLogger.java:159)- <==      Total: 25
2021-10-18 08:32:18,712 DEBUG (BaseJdbcLogger.java:159)- ==>  Preparing: SELECT pf.`reason_application` AS 'reasonApplication', pf.`amount`, pf.`payment_name` AS 'paymentName', pf.`payment_account` AS 'paymentAccount', pf.`code`, pr.`id_card_type` as 'idCardType', pa.`amount` AS 'approvalAmount', pr.`amount` AS 'remittanceAmount', pr.`service_charge` AS 'serviceCharge', pfr.`remaining_sum` AS 'remainingSum', pfr.`id_flow_type` AS 'idFlowType', pfr.`id_pay_flow_record` AS 'idPayFlowRecord', pr.`remark` AS 'remark', pr.`remittance_date` as 'remittanceDate', pr.`create_time` AS 'createTime' FROM pay_flow_record pfr LEFT JOIN payment_remittance pr ON pr.`id_payment_remittance` = pfr.`id_payment_remittance` LEFT JOIN payment_approval pa ON pa.`id_payment_form` = pr.`id_payment_form` LEFT JOIN payment_form pf ON pf.`id_payment_form` = pa.`id_payment_form` WHERE 1=1 ORDER BY pr.`remittance_date` DESC, pr.`id_payment_remittance` DESC 
2021-10-18 08:32:18,713 DEBUG (BaseJdbcLogger.java:159)- ==> Parameters: 
2021-10-18 08:32:18,750 DEBUG (BaseJdbcLogger.java:159)- <==      Total: 54
2021-10-18 08:32:18,751 DEBUG (BaseJdbcLogger.java:159)- ==>  Preparing: SELECT cr.`amount` as 'collectionAmount', cr.`id_card_type` as 'idCardType', ifr.`remaining_sum` AS 'remainingSum', ifr.`id_flow_type` AS 'idFlowType', ifr.`id_income_flow_record` AS 'idIncomeFlowRecord', cr.`remark` as 'remark', cr.`collection_date` as 'collectionDate', cr.`create_time` AS 'createTime' FROM income_flow_record ifr LEFT JOIN collection_record cr ON cr.`id_collection_record` = ifr.`id_collection_record` WHERE 1=1 ORDER BY cr.`collection_date` DESC, cr.`id_collection_record` DESC 
2021-10-18 08:32:18,752 DEBUG (BaseJdbcLogger.java:159)- ==> Parameters: 
2021-10-18 08:32:18,763 DEBUG (BaseJdbcLogger.java:159)- <==      Total: 25
2021-10-18 08:32:32,008 DEBUG (BaseJdbcLogger.java:159)- ==>  Preparing: select id_config, `name`, config from `config` 
2021-10-18 08:32:32,009 DEBUG (BaseJdbcLogger.java:159)- ==> Parameters: 
2021-10-18 08:32:32,011 DEBUG (BaseJdbcLogger.java:159)- <==      Total: 4
2021-10-18 08:32:44,197 DEBUG (BaseJdbcLogger.java:159)- ==>  Preparing: select count(1) from `public_daily` where 1=1 
2021-10-18 08:32:44,198 DEBUG (BaseJdbcLogger.java:159)- ==> Parameters: 
2021-10-18 08:32:44,199 DEBUG (BaseJdbcLogger.java:159)- <==      Total: 1
2021-10-18 08:32:44,200 DEBUG (BaseJdbcLogger.java:159)- ==>  Preparing: select id_public_daily, collection_amount, pay_amount, service_charge, remaining_sum, state, create_time from `public_daily` where 1=1 ORDER BY create_time DESC limit ?,? 
2021-10-18 08:32:44,201 DEBUG (BaseJdbcLogger.java:159)- ==> Parameters: 0(Integer), 10(Integer)
2021-10-18 08:32:44,204 DEBUG (BaseJdbcLogger.java:159)- <==      Total: 10
2021-10-18 08:32:47,172 DEBUG (BaseJdbcLogger.java:159)- ==>  Preparing: select count(1) from `general_account_daily` where 1=1 
2021-10-18 08:32:47,173 DEBUG (BaseJdbcLogger.java:159)- ==> Parameters: 
2021-10-18 08:32:47,174 DEBUG (BaseJdbcLogger.java:159)- <==      Total: 1
2021-10-18 08:32:47,176 DEBUG (BaseJdbcLogger.java:159)- ==>  Preparing: select id_general_account_daily, collection_amount, pay_amount, service_charge, remaining_sum, state, create_time from `general_account_daily` where 1=1 ORDER BY create_time DESC limit ?,? 
2021-10-18 08:32:47,177 DEBUG (BaseJdbcLogger.java:159)- ==> Parameters: 0(Integer), 10(Integer)
2021-10-18 08:32:47,178 DEBUG (BaseJdbcLogger.java:159)- <==      Total: 1
2021-10-18 08:32:48,727 DEBUG (BaseJdbcLogger.java:159)- ==>  Preparing: select count(1) from `second_general_account_daily` where 1=1 
2021-10-18 08:32:48,728 DEBUG (BaseJdbcLogger.java:159)- ==> Parameters: 
2021-10-18 08:32:48,729 DEBUG (BaseJdbcLogger.java:159)- <==      Total: 1
2021-10-18 08:32:48,730 DEBUG (BaseJdbcLogger.java:159)- ==>  Preparing: select id_second_general_account_daily, collection_amount, pay_amount, service_charge, remaining_sum, state, create_time from `second_general_account_daily` where 1=1 ORDER BY create_time DESC limit ?,? 
2021-10-18 08:32:48,731 DEBUG (BaseJdbcLogger.java:159)- ==> Parameters: 0(Integer), 10(Integer)
2021-10-18 08:32:48,733 DEBUG (BaseJdbcLogger.java:159)- <==      Total: 1
2021-10-18 08:32:51,065 DEBUG (BaseJdbcLogger.java:159)- ==>  Preparing: select count(1) from `general_account_daily` where 1=1 
2021-10-18 08:32:51,065 DEBUG (BaseJdbcLogger.java:159)- ==> Parameters: 
2021-10-18 08:32:51,066 DEBUG (BaseJdbcLogger.java:159)- <==      Total: 1
2021-10-18 08:32:51,067 DEBUG (BaseJdbcLogger.java:159)- ==>  Preparing: select id_general_account_daily, collection_amount, pay_amount, service_charge, remaining_sum, state, create_time from `general_account_daily` where 1=1 ORDER BY create_time DESC limit ?,? 
2021-10-18 08:32:51,068 DEBUG (BaseJdbcLogger.java:159)- ==> Parameters: 0(Integer), 10(Integer)
2021-10-18 08:32:51,069 DEBUG (BaseJdbcLogger.java:159)- <==      Total: 1
2021-10-18 08:32:51,332 DEBUG (BaseJdbcLogger.java:159)- ==>  Preparing: select count(1) from `second_general_account_daily` where 1=1 
2021-10-18 08:32:51,333 DEBUG (BaseJdbcLogger.java:159)- ==> Parameters: 
2021-10-18 08:32:51,334 DEBUG (BaseJdbcLogger.java:159)- <==      Total: 1
2021-10-18 08:32:51,335 DEBUG (BaseJdbcLogger.java:159)- ==>  Preparing: select id_second_general_account_daily, collection_amount, pay_amount, service_charge, remaining_sum, state, create_time from `second_general_account_daily` where 1=1 ORDER BY create_time DESC limit ?,? 
2021-10-18 08:32:51,336 DEBUG (BaseJdbcLogger.java:159)- ==> Parameters: 0(Integer), 10(Integer)
2021-10-18 08:32:51,337 DEBUG (BaseJdbcLogger.java:159)- <==      Total: 1
2021-10-18 08:32:51,798 DEBUG (BaseJdbcLogger.java:159)- ==>  Preparing: select id_config, `name`, config from `config` 
2021-10-18 08:32:51,799 DEBUG (BaseJdbcLogger.java:159)- ==> Parameters: 
2021-10-18 08:32:51,801 DEBUG (BaseJdbcLogger.java:159)- <==      Total: 4
2021-10-18 08:33:24,084 DEBUG (BaseJdbcLogger.java:159)- ==>  Preparing: select * from `user` where username = ? 
2021-10-18 08:33:24,085 DEBUG (BaseJdbcLogger.java:159)- ==> Parameters: xsg(String)
2021-10-18 08:33:24,087 DEBUG (BaseJdbcLogger.java:159)- <==      Total: 1
2021-10-18 08:33:25,798 DEBUG (BaseJdbcLogger.java:159)- ==>  Preparing: SELECT COUNT(1) FROM payment_form WHERE id_payment_form_state = 1 
2021-10-18 08:33:25,799 DEBUG (BaseJdbcLogger.java:159)- ==> Parameters: 
2021-10-18 08:33:25,800 DEBUG (BaseJdbcLogger.java:159)- <==      Total: 1
2021-10-18 08:33:25,801 DEBUG (BaseJdbcLogger.java:159)- ==>  Preparing: SELECT COUNT(1) FROM payment_form WHERE id_payment_form NOT IN ( SELECT id_payment_form FROM payment_remittance WHERE id_payment_form IS NOT NULL ) 
2021-10-18 08:33:25,802 DEBUG (BaseJdbcLogger.java:159)- ==> Parameters: 
2021-10-18 08:33:25,803 DEBUG (BaseJdbcLogger.java:159)- <==      Total: 1
2021-10-18 08:33:25,804 DEBUG (BaseJdbcLogger.java:159)- ==>  Preparing: SELECT id_remaining_sum_record, id_card_type, last_remaining_sum, create_time FROM `remaining_sum_record` WHERE id_card_type = ? and DATE_FORMAT(create_time, '%y-%m-%d') = DATE_FORMAT(NOW(), '%y-%m-%d') 
2021-10-18 08:33:25,804 DEBUG (BaseJdbcLogger.java:159)- ==> Parameters: 1(Integer)
2021-10-18 08:33:25,805 DEBUG (BaseJdbcLogger.java:159)- <==      Total: 0
2021-10-18 08:33:25,806 DEBUG (BaseJdbcLogger.java:159)- ==>  Preparing: SELECT id_remaining_sum_record, id_card_type, last_remaining_sum, create_time FROM `remaining_sum_record` WHERE id_card_type = ? and DATE_FORMAT(create_time, '%y-%m-%d') = DATE_FORMAT(NOW(), '%y-%m-%d') 
2021-10-18 08:33:25,807 DEBUG (BaseJdbcLogger.java:159)- ==> Parameters: 2(Integer)
2021-10-18 08:33:25,809 DEBUG (BaseJdbcLogger.java:159)- <==      Total: 0
2021-10-18 08:33:25,835 DEBUG (BaseJdbcLogger.java:159)- ==>  Preparing: select id_card_type, `name` from `card_type` 
2021-10-18 08:33:25,836 DEBUG (BaseJdbcLogger.java:159)- ==> Parameters: 
2021-10-18 08:33:25,837 DEBUG (BaseJdbcLogger.java:159)- <==      Total: 4
2021-10-18 08:33:27,635 DEBUG (BaseJdbcLogger.java:159)- ==>  Preparing: select count(1) from `public_report` where 1=1 
2021-10-18 08:33:27,636 DEBUG (BaseJdbcLogger.java:159)- ==> Parameters: 
2021-10-18 08:33:27,639 DEBUG (BaseJdbcLogger.java:159)- <==      Total: 1
2021-10-18 08:33:27,640 DEBUG (BaseJdbcLogger.java:159)- ==>  Preparing: select id_public_report, `year`, `month`, collection_amount, pay_amount, service_charge, create_time from `public_report` where 1=1 order by create_time desc limit ?,? 
2021-10-18 08:33:27,641 DEBUG (BaseJdbcLogger.java:159)- ==> Parameters: 0(Integer), 10(Integer)
2021-10-18 08:33:27,643 DEBUG (BaseJdbcLogger.java:159)- <==      Total: 1
2021-10-18 08:33:29,722 DEBUG (BaseJdbcLogger.java:159)- ==>  Preparing: select count(1) from `private_report` where 1=1 
2021-10-18 08:33:29,723 DEBUG (BaseJdbcLogger.java:159)- ==> Parameters: 
2021-10-18 08:33:29,734 DEBUG (BaseJdbcLogger.java:159)- <==      Total: 1
2021-10-18 08:33:29,736 DEBUG (BaseJdbcLogger.java:159)- ==>  Preparing: select id_private_report, `year`, `month`, collection_amount, pay_amount, service_charge, create_time from `private_report` where 1=1 order by create_time desc limit ?,? 
2021-10-18 08:33:29,737 DEBUG (BaseJdbcLogger.java:159)- ==> Parameters: 0(Integer), 10(Integer)
2021-10-18 08:33:29,738 DEBUG (BaseJdbcLogger.java:159)- <==      Total: 1
2021-10-18 08:33:30,125 DEBUG (BaseJdbcLogger.java:159)- ==>  Preparing: select count(1) from `public_report` where 1=1 
2021-10-18 08:33:30,126 DEBUG (BaseJdbcLogger.java:159)- ==> Parameters: 
2021-10-18 08:33:30,127 DEBUG (BaseJdbcLogger.java:159)- <==      Total: 1
2021-10-18 08:33:30,129 DEBUG (BaseJdbcLogger.java:159)- ==>  Preparing: select id_public_report, `year`, `month`, collection_amount, pay_amount, service_charge, create_time from `public_report` where 1=1 order by create_time desc limit ?,? 
2021-10-18 08:33:30,129 DEBUG (BaseJdbcLogger.java:159)- ==> Parameters: 0(Integer), 10(Integer)
2021-10-18 08:33:30,131 DEBUG (BaseJdbcLogger.java:159)- <==      Total: 1
2021-10-18 08:33:30,893 DEBUG (BaseJdbcLogger.java:159)- ==>  Preparing: SELECT pf.`reason_application` AS 'reasonApplication', pf.`amount`, pf.`payment_name` AS 'paymentName', pf.`payment_account` AS 'paymentAccount', pf.`code`, pr.`id_card_type` as 'idCardType', pa.`amount` AS 'approvalAmount', pr.`amount` AS 'remittanceAmount', pr.`service_charge` AS 'serviceCharge', pfr.`remaining_sum` AS 'remainingSum', pfr.`id_flow_type` AS 'idFlowType', pfr.`id_pay_flow_record` AS 'idPayFlowRecord', pr.`remark` AS 'remark', pr.`remittance_date` as 'remittanceDate', pr.`create_time` AS 'createTime' FROM pay_flow_record pfr LEFT JOIN payment_remittance pr ON pr.`id_payment_remittance` = pfr.`id_payment_remittance` LEFT JOIN payment_approval pa ON pa.`id_payment_form` = pr.`id_payment_form` LEFT JOIN payment_form pf ON pf.`id_payment_form` = pa.`id_payment_form` WHERE 1=1 ORDER BY pr.`remittance_date` DESC, pr.`id_payment_remittance` DESC 
2021-10-18 08:33:30,893 DEBUG (BaseJdbcLogger.java:159)- ==> Parameters: 
2021-10-18 08:33:30,923 DEBUG (BaseJdbcLogger.java:159)- <==      Total: 54
2021-10-18 08:33:30,924 DEBUG (BaseJdbcLogger.java:159)- ==>  Preparing: SELECT cr.`amount` as 'collectionAmount', cr.`id_card_type` as 'idCardType', ifr.`remaining_sum` AS 'remainingSum', ifr.`id_flow_type` AS 'idFlowType', ifr.`id_income_flow_record` AS 'idIncomeFlowRecord', cr.`remark` as 'remark', cr.`collection_date` as 'collectionDate', cr.`create_time` AS 'createTime' FROM income_flow_record ifr LEFT JOIN collection_record cr ON cr.`id_collection_record` = ifr.`id_collection_record` WHERE 1=1 ORDER BY cr.`collection_date` DESC, cr.`id_collection_record` DESC 
2021-10-18 08:33:30,924 DEBUG (BaseJdbcLogger.java:159)- ==> Parameters: 
2021-10-18 08:33:30,938 DEBUG (BaseJdbcLogger.java:159)- <==      Total: 25
2021-10-18 08:33:46,122 DEBUG (BaseJdbcLogger.java:159)- ==>  Preparing: SELECT pf.`reason_application` AS 'reasonApplication', pf.`amount`, pf.`payment_name` AS 'paymentName', pf.`payment_account` AS 'paymentAccount', pf.`code`, pr.`id_card_type` as 'idCardType', pa.`amount` AS 'approvalAmount', pr.`amount` AS 'remittanceAmount', pr.`service_charge` AS 'serviceCharge', pfr.`remaining_sum` AS 'remainingSum', pfr.`id_flow_type` AS 'idFlowType', pfr.`id_pay_flow_record` AS 'idPayFlowRecord', pr.`remark` AS 'remark', pr.`remittance_date` as 'remittanceDate', pr.`create_time` AS 'createTime' FROM pay_flow_record pfr LEFT JOIN payment_remittance pr ON pr.`id_payment_remittance` = pfr.`id_payment_remittance` LEFT JOIN payment_approval pa ON pa.`id_payment_form` = pr.`id_payment_form` LEFT JOIN payment_form pf ON pf.`id_payment_form` = pa.`id_payment_form` WHERE 1=1 ORDER BY pr.`remittance_date` DESC, pr.`id_payment_remittance` DESC 
2021-10-18 08:33:46,123 DEBUG (BaseJdbcLogger.java:159)- ==> Parameters: 
2021-10-18 08:33:46,140 DEBUG (BaseJdbcLogger.java:159)- <==      Total: 54
2021-10-18 08:33:46,141 DEBUG (BaseJdbcLogger.java:159)- ==>  Preparing: SELECT cr.`amount` as 'collectionAmount', cr.`id_card_type` as 'idCardType', ifr.`remaining_sum` AS 'remainingSum', ifr.`id_flow_type` AS 'idFlowType', ifr.`id_income_flow_record` AS 'idIncomeFlowRecord', cr.`remark` as 'remark', cr.`collection_date` as 'collectionDate', cr.`create_time` AS 'createTime' FROM income_flow_record ifr LEFT JOIN collection_record cr ON cr.`id_collection_record` = ifr.`id_collection_record` WHERE 1=1 ORDER BY cr.`collection_date` DESC, cr.`id_collection_record` DESC 
2021-10-18 08:33:46,142 DEBUG (BaseJdbcLogger.java:159)- ==> Parameters: 
2021-10-18 08:33:46,154 DEBUG (BaseJdbcLogger.java:159)- <==      Total: 25
2021-10-18 08:34:00,624 DEBUG (BaseJdbcLogger.java:159)- ==>  Preparing: SELECT pf.`reason_application` AS 'reasonApplication', pf.`amount`, pf.`payment_name` AS 'paymentName', pf.`payment_account` AS 'paymentAccount', pf.`code`, pr.`id_card_type` as 'idCardType', pa.`amount` AS 'approvalAmount', pr.`amount` AS 'remittanceAmount', pr.`service_charge` AS 'serviceCharge', pfr.`remaining_sum` AS 'remainingSum', pfr.`id_flow_type` AS 'idFlowType', pfr.`id_pay_flow_record` AS 'idPayFlowRecord', pr.`remark` AS 'remark', pr.`remittance_date` as 'remittanceDate', pr.`create_time` AS 'createTime' FROM pay_flow_record pfr LEFT JOIN payment_remittance pr ON pr.`id_payment_remittance` = pfr.`id_payment_remittance` LEFT JOIN payment_approval pa ON pa.`id_payment_form` = pr.`id_payment_form` LEFT JOIN payment_form pf ON pf.`id_payment_form` = pa.`id_payment_form` WHERE 1=1 ORDER BY pr.`remittance_date` DESC, pr.`id_payment_remittance` DESC 
2021-10-18 08:34:00,625 DEBUG (BaseJdbcLogger.java:159)- ==> Parameters: 
2021-10-18 08:34:00,649 DEBUG (BaseJdbcLogger.java:159)- <==      Total: 54
2021-10-18 08:34:00,650 DEBUG (BaseJdbcLogger.java:159)- ==>  Preparing: SELECT cr.`amount` as 'collectionAmount', cr.`id_card_type` as 'idCardType', ifr.`remaining_sum` AS 'remainingSum', ifr.`id_flow_type` AS 'idFlowType', ifr.`id_income_flow_record` AS 'idIncomeFlowRecord', cr.`remark` as 'remark', cr.`collection_date` as 'collectionDate', cr.`create_time` AS 'createTime' FROM income_flow_record ifr LEFT JOIN collection_record cr ON cr.`id_collection_record` = ifr.`id_collection_record` WHERE 1=1 ORDER BY cr.`collection_date` DESC, cr.`id_collection_record` DESC 
2021-10-18 08:34:00,651 DEBUG (BaseJdbcLogger.java:159)- ==> Parameters: 
2021-10-18 08:34:00,668 DEBUG (BaseJdbcLogger.java:159)- <==      Total: 25
2021-10-18 08:34:01,756 DEBUG (BaseJdbcLogger.java:159)- ==>  Preparing: SELECT pf.`reason_application` AS 'reasonApplication', pf.`amount`, pf.`payment_name` AS 'paymentName', pf.`payment_account` AS 'paymentAccount', pf.`code`, pr.`id_card_type` as 'idCardType', pa.`amount` AS 'approvalAmount', pr.`amount` AS 'remittanceAmount', pr.`service_charge` AS 'serviceCharge', pfr.`remaining_sum` AS 'remainingSum', pfr.`id_flow_type` AS 'idFlowType', pfr.`id_pay_flow_record` AS 'idPayFlowRecord', pr.`remark` AS 'remark', pr.`remittance_date` as 'remittanceDate', pr.`create_time` AS 'createTime' FROM pay_flow_record pfr LEFT JOIN payment_remittance pr ON pr.`id_payment_remittance` = pfr.`id_payment_remittance` LEFT JOIN payment_approval pa ON pa.`id_payment_form` = pr.`id_payment_form` LEFT JOIN payment_form pf ON pf.`id_payment_form` = pa.`id_payment_form` WHERE 1=1 ORDER BY pr.`remittance_date` DESC, pr.`id_payment_remittance` DESC 
2021-10-18 08:34:01,757 DEBUG (BaseJdbcLogger.java:159)- ==> Parameters: 
2021-10-18 08:34:01,781 DEBUG (BaseJdbcLogger.java:159)- <==      Total: 54
2021-10-18 08:34:01,782 DEBUG (BaseJdbcLogger.java:159)- ==>  Preparing: SELECT cr.`amount` as 'collectionAmount', cr.`id_card_type` as 'idCardType', ifr.`remaining_sum` AS 'remainingSum', ifr.`id_flow_type` AS 'idFlowType', ifr.`id_income_flow_record` AS 'idIncomeFlowRecord', cr.`remark` as 'remark', cr.`collection_date` as 'collectionDate', cr.`create_time` AS 'createTime' FROM income_flow_record ifr LEFT JOIN collection_record cr ON cr.`id_collection_record` = ifr.`id_collection_record` WHERE 1=1 ORDER BY cr.`collection_date` DESC, cr.`id_collection_record` DESC 
2021-10-18 08:34:01,782 DEBUG (BaseJdbcLogger.java:159)- ==> Parameters: 
2021-10-18 08:34:01,793 DEBUG (BaseJdbcLogger.java:159)- <==      Total: 25
2021-10-18 08:34:06,446 DEBUG (BaseJdbcLogger.java:159)- ==>  Preparing: select count(1) from `public_report` where 1=1 
2021-10-18 08:34:06,447 DEBUG (BaseJdbcLogger.java:159)- ==> Parameters: 
2021-10-18 08:34:06,449 DEBUG (BaseJdbcLogger.java:159)- <==      Total: 1
2021-10-18 08:34:06,450 DEBUG (BaseJdbcLogger.java:159)- ==>  Preparing: select id_public_report, `year`, `month`, collection_amount, pay_amount, service_charge, create_time from `public_report` where 1=1 order by create_time desc limit ?,? 
2021-10-18 08:34:06,450 DEBUG (BaseJdbcLogger.java:159)- ==> Parameters: 0(Integer), 10(Integer)
2021-10-18 08:34:06,452 DEBUG (BaseJdbcLogger.java:159)- <==      Total: 1
2021-10-18 08:34:09,719 DEBUG (BaseJdbcLogger.java:159)- ==>  Preparing: select count(1) from `public_daily` where 1=1 
2021-10-18 08:34:09,720 DEBUG (BaseJdbcLogger.java:159)- ==> Parameters: 
2021-10-18 08:34:09,721 DEBUG (BaseJdbcLogger.java:159)- <==      Total: 1
2021-10-18 08:34:09,722 DEBUG (BaseJdbcLogger.java:159)- ==>  Preparing: select id_public_daily, collection_amount, pay_amount, service_charge, remaining_sum, state, create_time from `public_daily` where 1=1 ORDER BY create_time DESC limit ?,? 
2021-10-18 08:34:09,723 DEBUG (BaseJdbcLogger.java:159)- ==> Parameters: 0(Integer), 10(Integer)
2021-10-18 08:34:09,725 DEBUG (BaseJdbcLogger.java:159)- <==      Total: 10
2021-10-18 08:34:11,031 DEBUG (BaseJdbcLogger.java:159)- ==>  Preparing: select count(1) from `second_general_account_daily` where 1=1 
2021-10-18 08:34:11,032 DEBUG (BaseJdbcLogger.java:159)- ==> Parameters: 
2021-10-18 08:34:11,033 DEBUG (BaseJdbcLogger.java:159)- <==      Total: 1
2021-10-18 08:34:11,034 DEBUG (BaseJdbcLogger.java:159)- ==>  Preparing: select id_second_general_account_daily, collection_amount, pay_amount, service_charge, remaining_sum, state, create_time from `second_general_account_daily` where 1=1 ORDER BY create_time DESC limit ?,? 
2021-10-18 08:34:11,035 DEBUG (BaseJdbcLogger.java:159)- ==> Parameters: 0(Integer), 10(Integer)
2021-10-18 08:34:11,036 DEBUG (BaseJdbcLogger.java:159)- <==      Total: 1
2021-10-18 08:34:11,294 DEBUG (BaseJdbcLogger.java:159)- ==>  Preparing: SELECT SUM(pr.amount) as 'amount', SUM(pr.service_charge) as 'serviceCharge' FROM `payment_remittance` pr LEFT JOIN payment_form pf ON pf.`id_payment_form` = pr.`id_payment_form` WHERE pr.id_card_type = ? AND YEAR(pr.remittance_date) = ? 
2021-10-18 08:34:11,295 DEBUG (BaseJdbcLogger.java:159)- ==> Parameters: 1(Integer), 2021(Integer)
2021-10-18 08:34:11,305 DEBUG (BaseJdbcLogger.java:159)- <==      Total: 1
2021-10-18 08:34:11,307 DEBUG (BaseJdbcLogger.java:159)- ==>  Preparing: SELECT SUM(amount) FROM `collection_record` WHERE id_card_type = ? AND YEAR(collection_date) = ? 
2021-10-18 08:34:11,308 DEBUG (BaseJdbcLogger.java:159)- ==> Parameters: 1(Integer), 2021(Integer)
2021-10-18 08:34:11,310 DEBUG (BaseJdbcLogger.java:159)- <==      Total: 1
2021-10-18 08:34:11,600 DEBUG (BaseJdbcLogger.java:159)- ==>  Preparing: select id_department, `department_name`, `sort` from `department` 
2021-10-18 08:34:11,601 DEBUG (BaseJdbcLogger.java:159)- ==> Parameters: 
2021-10-18 08:34:11,601 DEBUG (BaseJdbcLogger.java:159)- ==>  Preparing: select id_department, `department_name`, `sort` from `department` 
2021-10-18 08:34:11,602 DEBUG (BaseJdbcLogger.java:159)- ==> Parameters: 
2021-10-18 08:34:11,602 DEBUG (BaseJdbcLogger.java:159)- <==      Total: 8
2021-10-18 08:34:11,603 DEBUG (BaseJdbcLogger.java:159)- ==>  Preparing: SELECT id_collection_record, id_card_type, amount, collection_date, id_user, remark, create_time FROM `collection_record` WHERE id_card_type = ? AND YEAR(collection_date) = ? 
2021-10-18 08:34:11,603 DEBUG (BaseJdbcLogger.java:159)- ==> Parameters: 1(Integer), 2021(Integer)
2021-10-18 08:34:11,605 DEBUG (BaseJdbcLogger.java:159)- <==      Total: 8
2021-10-18 08:34:11,606 DEBUG (BaseJdbcLogger.java:159)- ==>  Preparing: SELECT d.`id_department` AS 'idDepartment', d.`department_name` AS 'departmentName', SUM(pr.`amount`) AS 'amount', SUM(pr.`service_charge`) AS 'serviceCharge' FROM payment_remittance pr LEFT JOIN payment_form pf ON pf.`id_payment_form` = pr.`id_payment_form` LEFT JOIN payment_approval pa ON pa.`id_payment_form` = pf.`id_payment_form` LEFT JOIN `user` u ON u.`id_user` = pf.`id_user` LEFT JOIN department d ON d.`id_department` = u.`id_department` WHERE pf.`id_card_type` = ? AND YEAR(pr.`remittance_date`) = ? GROUP BY u.`id_department` 
2021-10-18 08:34:11,607 DEBUG (BaseJdbcLogger.java:159)- ==> Parameters: 1(Integer), 2021(Integer)
2021-10-18 08:34:11,607 DEBUG (BaseJdbcLogger.java:159)- <==      Total: 13
2021-10-18 08:34:11,607 DEBUG (BaseJdbcLogger.java:159)- ==>  Preparing: SELECT u.`id_department` AS 'idDepartment', d.`department_name` AS 'departmentName', pr.`amount` AS 'remittanceAmount', pr.`service_charge` AS 'serviceCharge', pr.`remittance_date` AS 'remittanceDate' FROM payment_remittance pr LEFT JOIN payment_form pf ON pf.`id_payment_form` = pr.`id_payment_form` LEFT JOIN payment_approval pa ON pa.`id_payment_form` = pf.`id_payment_form` LEFT JOIN `user` u ON u.`id_user` = pf.`id_user` LEFT JOIN department d ON d.`id_department` = u.`id_department` WHERE pr.`id_card_type` = ? AND YEAR(pr.`remittance_date`) = ? 
2021-10-18 08:34:11,608 DEBUG (BaseJdbcLogger.java:159)- ==> Parameters: 1(Integer), 2021(Integer)
2021-10-18 08:34:11,609 DEBUG (BaseJdbcLogger.java:159)- <==      Total: 5
2021-10-18 08:34:11,612 DEBUG (BaseJdbcLogger.java:159)- <==      Total: 33
2021-10-18 08:34:14,278 DEBUG (BaseJdbcLogger.java:159)- ==>  Preparing: SELECT SUM(pr.amount) as 'amount', SUM(pr.service_charge) as 'serviceCharge' FROM `payment_remittance` pr LEFT JOIN payment_form pf ON pf.`id_payment_form` = pr.`id_payment_form` WHERE pr.id_card_type = ? AND YEAR(pr.remittance_date) = ? 
2021-10-18 08:34:14,279 DEBUG (BaseJdbcLogger.java:159)- ==>  Preparing: select id_department, `department_name`, `sort` from `department` 
2021-10-18 08:34:14,278 DEBUG (BaseJdbcLogger.java:159)- ==>  Preparing: select id_department, `department_name`, `sort` from `department` 
2021-10-18 08:34:14,279 DEBUG (BaseJdbcLogger.java:159)- ==> Parameters: 
2021-10-18 08:34:14,279 DEBUG (BaseJdbcLogger.java:159)- ==> Parameters: 2(Integer), 2021(Integer)
2021-10-18 08:34:14,280 DEBUG (BaseJdbcLogger.java:159)- ==> Parameters: 
2021-10-18 08:34:14,281 DEBUG (BaseJdbcLogger.java:159)- <==      Total: 1
2021-10-18 08:34:14,282 DEBUG (BaseJdbcLogger.java:159)- <==      Total: 8
2021-10-18 08:34:14,282 DEBUG (BaseJdbcLogger.java:159)- <==      Total: 8
2021-10-18 08:34:14,282 DEBUG (BaseJdbcLogger.java:159)- ==>  Preparing: SELECT id_collection_record, id_card_type, amount, collection_date, id_user, remark, create_time FROM `collection_record` WHERE id_card_type = ? AND YEAR(collection_date) = ? 
2021-10-18 08:34:14,282 DEBUG (BaseJdbcLogger.java:159)- ==>  Preparing: SELECT SUM(amount) FROM `collection_record` WHERE id_card_type = ? AND YEAR(collection_date) = ? 
2021-10-18 08:34:14,283 DEBUG (BaseJdbcLogger.java:159)- ==> Parameters: 2(Integer), 2021(Integer)
2021-10-18 08:34:14,283 DEBUG (BaseJdbcLogger.java:159)- ==> Parameters: 2(Integer), 2021(Integer)
2021-10-18 08:34:14,283 DEBUG (BaseJdbcLogger.java:159)- ==>  Preparing: SELECT u.`id_department` AS 'idDepartment', d.`department_name` AS 'departmentName', pr.`amount` AS 'remittanceAmount', pr.`service_charge` AS 'serviceCharge', pr.`remittance_date` AS 'remittanceDate' FROM payment_remittance pr LEFT JOIN payment_form pf ON pf.`id_payment_form` = pr.`id_payment_form` LEFT JOIN payment_approval pa ON pa.`id_payment_form` = pf.`id_payment_form` LEFT JOIN `user` u ON u.`id_user` = pf.`id_user` LEFT JOIN department d ON d.`id_department` = u.`id_department` WHERE pr.`id_card_type` = ? AND YEAR(pr.`remittance_date`) = ? 
2021-10-18 08:34:14,284 DEBUG (BaseJdbcLogger.java:159)- <==      Total: 1
2021-10-18 08:34:14,284 DEBUG (BaseJdbcLogger.java:159)- ==> Parameters: 2(Integer), 2021(Integer)
2021-10-18 08:34:14,285 DEBUG (BaseJdbcLogger.java:159)- ==>  Preparing: SELECT d.`id_department` AS 'idDepartment', d.`department_name` AS 'departmentName', SUM(pr.`amount`) AS 'amount', SUM(pr.`service_charge`) AS 'serviceCharge' FROM payment_remittance pr LEFT JOIN payment_form pf ON pf.`id_payment_form` = pr.`id_payment_form` LEFT JOIN payment_approval pa ON pa.`id_payment_form` = pf.`id_payment_form` LEFT JOIN `user` u ON u.`id_user` = pf.`id_user` LEFT JOIN department d ON d.`id_department` = u.`id_department` WHERE pf.`id_card_type` = ? AND YEAR(pr.`remittance_date`) = ? GROUP BY u.`id_department` 
2021-10-18 08:34:14,286 DEBUG (BaseJdbcLogger.java:159)- ==> Parameters: 2(Integer), 2021(Integer)
2021-10-18 08:34:14,289 DEBUG (BaseJdbcLogger.java:159)- <==      Total: 3
2021-10-18 08:34:14,289 DEBUG (BaseJdbcLogger.java:159)- <==      Total: 17
2021-10-18 08:34:14,290 DEBUG (BaseJdbcLogger.java:159)- <==      Total: 8
2021-10-18 08:34:25,336 DEBUG (BaseJdbcLogger.java:159)- ==>  Preparing: SELECT SUM(pr.amount) as 'amount', SUM(pr.service_charge) as 'serviceCharge' FROM `payment_remittance` pr LEFT JOIN payment_form pf ON pf.`id_payment_form` = pr.`id_payment_form` WHERE pr.id_card_type = ? AND YEAR(pr.remittance_date) = ? 
2021-10-18 08:34:25,338 DEBUG (BaseJdbcLogger.java:159)- ==> Parameters: 2(Integer), 2021(Integer)
2021-10-18 08:34:25,340 DEBUG (BaseJdbcLogger.java:159)- <==      Total: 1
2021-10-18 08:34:25,341 DEBUG (BaseJdbcLogger.java:159)- ==>  Preparing: SELECT SUM(amount) FROM `collection_record` WHERE id_card_type = ? AND YEAR(collection_date) = ? 
2021-10-18 08:34:25,341 DEBUG (BaseJdbcLogger.java:159)- ==>  Preparing: select id_department, `department_name`, `sort` from `department` 
2021-10-18 08:34:25,342 DEBUG (BaseJdbcLogger.java:159)- ==> Parameters: 2(Integer), 2021(Integer)
2021-10-18 08:34:25,342 DEBUG (BaseJdbcLogger.java:159)- ==> Parameters: 
2021-10-18 08:34:25,343 DEBUG (BaseJdbcLogger.java:159)- <==      Total: 8
2021-10-18 08:34:25,343 DEBUG (BaseJdbcLogger.java:159)- <==      Total: 1
2021-10-18 08:34:25,344 DEBUG (BaseJdbcLogger.java:159)- ==>  Preparing: SELECT d.`id_department` AS 'idDepartment', d.`department_name` AS 'departmentName', SUM(pr.`amount`) AS 'amount', SUM(pr.`service_charge`) AS 'serviceCharge' FROM payment_remittance pr LEFT JOIN payment_form pf ON pf.`id_payment_form` = pr.`id_payment_form` LEFT JOIN payment_approval pa ON pa.`id_payment_form` = pf.`id_payment_form` LEFT JOIN `user` u ON u.`id_user` = pf.`id_user` LEFT JOIN department d ON d.`id_department` = u.`id_department` WHERE pf.`id_card_type` = ? AND YEAR(pr.`remittance_date`) = ? GROUP BY u.`id_department` 
2021-10-18 08:34:25,345 DEBUG (BaseJdbcLogger.java:159)- ==> Parameters: 2(Integer), 2021(Integer)
2021-10-18 08:34:25,348 DEBUG (BaseJdbcLogger.java:159)- <==      Total: 3
2021-10-18 08:34:25,648 DEBUG (BaseJdbcLogger.java:159)- ==>  Preparing: select id_department, `department_name`, `sort` from `department` 
2021-10-18 08:34:25,649 DEBUG (BaseJdbcLogger.java:159)- ==>  Preparing: SELECT id_collection_record, id_card_type, amount, collection_date, id_user, remark, create_time FROM `collection_record` WHERE id_card_type = ? AND YEAR(collection_date) = ? 
2021-10-18 08:34:25,649 DEBUG (BaseJdbcLogger.java:159)- ==> Parameters: 
2021-10-18 08:34:25,649 DEBUG (BaseJdbcLogger.java:159)- ==> Parameters: 2(Integer), 2021(Integer)
2021-10-18 08:34:25,651 DEBUG (BaseJdbcLogger.java:159)- <==      Total: 8
2021-10-18 08:34:25,652 DEBUG (BaseJdbcLogger.java:159)- ==>  Preparing: SELECT u.`id_department` AS 'idDepartment', d.`department_name` AS 'departmentName', pr.`amount` AS 'remittanceAmount', pr.`service_charge` AS 'serviceCharge', pr.`remittance_date` AS 'remittanceDate' FROM payment_remittance pr LEFT JOIN payment_form pf ON pf.`id_payment_form` = pr.`id_payment_form` LEFT JOIN payment_approval pa ON pa.`id_payment_form` = pf.`id_payment_form` LEFT JOIN `user` u ON u.`id_user` = pf.`id_user` LEFT JOIN department d ON d.`id_department` = u.`id_department` WHERE pr.`id_card_type` = ? AND YEAR(pr.`remittance_date`) = ? 
2021-10-18 08:34:25,653 DEBUG (BaseJdbcLogger.java:159)- <==      Total: 8
2021-10-18 08:34:25,653 DEBUG (BaseJdbcLogger.java:159)- ==> Parameters: 2(Integer), 2021(Integer)
2021-10-18 08:34:25,664 DEBUG (BaseJdbcLogger.java:159)- <==      Total: 17
2021-10-18 08:34:58,614 DEBUG (BaseJdbcLogger.java:159)- ==>  Preparing: select count(1) from `public_daily` where 1=1 
2021-10-18 08:34:58,615 DEBUG (BaseJdbcLogger.java:159)- ==> Parameters: 
2021-10-18 08:34:58,617 DEBUG (BaseJdbcLogger.java:159)- <==      Total: 1
2021-10-18 08:34:58,618 DEBUG (BaseJdbcLogger.java:159)- ==>  Preparing: select id_public_daily, collection_amount, pay_amount, service_charge, remaining_sum, state, create_time from `public_daily` where 1=1 ORDER BY create_time DESC limit ?,? 
2021-10-18 08:34:58,619 DEBUG (BaseJdbcLogger.java:159)- ==> Parameters: 0(Integer), 10(Integer)
2021-10-18 08:34:58,621 DEBUG (BaseJdbcLogger.java:159)- <==      Total: 10
2021-10-18 08:35:02,537 DEBUG (BaseJdbcLogger.java:159)- ==>  Preparing: select count(1) from `general_account_daily` where 1=1 
2021-10-18 08:35:02,538 DEBUG (BaseJdbcLogger.java:159)- ==> Parameters: 
2021-10-18 08:35:02,539 DEBUG (BaseJdbcLogger.java:159)- <==      Total: 1
2021-10-18 08:35:02,540 DEBUG (BaseJdbcLogger.java:159)- ==>  Preparing: select id_general_account_daily, collection_amount, pay_amount, service_charge, remaining_sum, state, create_time from `general_account_daily` where 1=1 ORDER BY create_time DESC limit ?,? 
2021-10-18 08:35:02,540 DEBUG (BaseJdbcLogger.java:159)- ==> Parameters: 0(Integer), 10(Integer)
2021-10-18 08:35:02,541 DEBUG (BaseJdbcLogger.java:159)- <==      Total: 1
2021-10-18 08:35:03,153 DEBUG (BaseJdbcLogger.java:159)- ==>  Preparing: select count(1) from `second_general_account_daily` where 1=1 
2021-10-18 08:35:03,154 DEBUG (BaseJdbcLogger.java:159)- ==> Parameters: 
2021-10-18 08:35:03,155 DEBUG (BaseJdbcLogger.java:159)- <==      Total: 1
2021-10-18 08:35:03,156 DEBUG (BaseJdbcLogger.java:159)- ==>  Preparing: select id_second_general_account_daily, collection_amount, pay_amount, service_charge, remaining_sum, state, create_time from `second_general_account_daily` where 1=1 ORDER BY create_time DESC limit ?,? 
2021-10-18 08:35:03,157 DEBUG (BaseJdbcLogger.java:159)- ==> Parameters: 0(Integer), 10(Integer)
2021-10-18 08:35:03,158 DEBUG (BaseJdbcLogger.java:159)- <==      Total: 1
2021-10-18 08:35:04,223 DEBUG (BaseJdbcLogger.java:159)- ==>  Preparing: SELECT SUM(pr.amount) as 'amount', SUM(pr.service_charge) as 'serviceCharge' FROM `payment_remittance` pr LEFT JOIN payment_form pf ON pf.`id_payment_form` = pr.`id_payment_form` WHERE pr.id_card_type = ? AND YEAR(pr.remittance_date) = ? 
2021-10-18 08:35:04,223 DEBUG (BaseJdbcLogger.java:159)- ==>  Preparing: select id_department, `department_name`, `sort` from `department` 
2021-10-18 08:35:04,225 DEBUG (BaseJdbcLogger.java:159)- ==>  Preparing: SELECT id_collection_record, id_card_type, amount, collection_date, id_user, remark, create_time FROM `collection_record` WHERE id_card_type = ? AND YEAR(collection_date) = ? 
2021-10-18 08:35:04,224 DEBUG (BaseJdbcLogger.java:159)- ==>  Preparing: select id_department, `department_name`, `sort` from `department` 
2021-10-18 08:35:04,225 DEBUG (BaseJdbcLogger.java:159)- ==> Parameters: 1(Integer), 2021(Integer)
2021-10-18 08:35:04,225 DEBUG (BaseJdbcLogger.java:159)- ==> Parameters: 
2021-10-18 08:35:04,225 DEBUG (BaseJdbcLogger.java:159)- ==> Parameters: 1(Integer), 2021(Integer)
2021-10-18 08:35:04,225 DEBUG (BaseJdbcLogger.java:159)- ==> Parameters: 
2021-10-18 08:35:04,227 DEBUG (BaseJdbcLogger.java:159)- <==      Total: 8
2021-10-18 08:35:04,227 DEBUG (BaseJdbcLogger.java:159)- <==      Total: 1
2021-10-18 08:35:04,228 DEBUG (BaseJdbcLogger.java:159)- ==>  Preparing: SELECT d.`id_department` AS 'idDepartment', d.`department_name` AS 'departmentName', SUM(pr.`amount`) AS 'amount', SUM(pr.`service_charge`) AS 'serviceCharge' FROM payment_remittance pr LEFT JOIN payment_form pf ON pf.`id_payment_form` = pr.`id_payment_form` LEFT JOIN payment_approval pa ON pa.`id_payment_form` = pf.`id_payment_form` LEFT JOIN `user` u ON u.`id_user` = pf.`id_user` LEFT JOIN department d ON d.`id_department` = u.`id_department` WHERE pf.`id_card_type` = ? AND YEAR(pr.`remittance_date`) = ? GROUP BY u.`id_department` 
2021-10-18 08:35:04,227 DEBUG (BaseJdbcLogger.java:159)- <==      Total: 8
2021-10-18 08:35:04,228 DEBUG (BaseJdbcLogger.java:159)- ==> Parameters: 1(Integer), 2021(Integer)
2021-10-18 08:35:04,228 DEBUG (BaseJdbcLogger.java:159)- ==>  Preparing: SELECT SUM(amount) FROM `collection_record` WHERE id_card_type = ? AND YEAR(collection_date) = ? 
2021-10-18 08:35:04,228 DEBUG (BaseJdbcLogger.java:159)- ==>  Preparing: SELECT u.`id_department` AS 'idDepartment', d.`department_name` AS 'departmentName', pr.`amount` AS 'remittanceAmount', pr.`service_charge` AS 'serviceCharge', pr.`remittance_date` AS 'remittanceDate' FROM payment_remittance pr LEFT JOIN payment_form pf ON pf.`id_payment_form` = pr.`id_payment_form` LEFT JOIN payment_approval pa ON pa.`id_payment_form` = pf.`id_payment_form` LEFT JOIN `user` u ON u.`id_user` = pf.`id_user` LEFT JOIN department d ON d.`id_department` = u.`id_department` WHERE pr.`id_card_type` = ? AND YEAR(pr.`remittance_date`) = ? 
2021-10-18 08:35:04,228 DEBUG (BaseJdbcLogger.java:159)- ==> Parameters: 1(Integer), 2021(Integer)
2021-10-18 08:35:04,229 DEBUG (BaseJdbcLogger.java:159)- ==> Parameters: 1(Integer), 2021(Integer)
2021-10-18 08:35:04,229 DEBUG (BaseJdbcLogger.java:159)- <==      Total: 13
2021-10-18 08:35:04,230 DEBUG (BaseJdbcLogger.java:159)- <==      Total: 1
2021-10-18 08:35:04,231 DEBUG (BaseJdbcLogger.java:159)- <==      Total: 5
2021-10-18 08:35:04,234 DEBUG (BaseJdbcLogger.java:159)- <==      Total: 33
2021-10-18 08:35:44,387 DEBUG (BaseJdbcLogger.java:159)- ==>  Preparing: SELECT SUM(pr.amount) as 'amount', SUM(pr.service_charge) as 'serviceCharge' FROM `payment_remittance` pr LEFT JOIN payment_form pf ON pf.`id_payment_form` = pr.`id_payment_form` WHERE pr.id_card_type = ? AND YEAR(pr.remittance_date) = ? 
2021-10-18 08:35:44,388 DEBUG (BaseJdbcLogger.java:159)- ==> Parameters: 2(Integer), 2021(Integer)
2021-10-18 08:35:44,389 DEBUG (BaseJdbcLogger.java:159)- <==      Total: 1
2021-10-18 08:35:44,390 DEBUG (BaseJdbcLogger.java:159)- ==>  Preparing: SELECT SUM(amount) FROM `collection_record` WHERE id_card_type = ? AND YEAR(collection_date) = ? 
2021-10-18 08:35:44,391 DEBUG (BaseJdbcLogger.java:159)- ==> Parameters: 2(Integer), 2021(Integer)
2021-10-18 08:35:44,392 DEBUG (BaseJdbcLogger.java:159)- <==      Total: 1
2021-10-18 08:35:44,706 DEBUG (BaseJdbcLogger.java:159)- ==>  Preparing: select id_department, `department_name`, `sort` from `department` 
2021-10-18 08:35:44,706 DEBUG (BaseJdbcLogger.java:159)- ==>  Preparing: SELECT id_collection_record, id_card_type, amount, collection_date, id_user, remark, create_time FROM `collection_record` WHERE id_card_type = ? AND YEAR(collection_date) = ? 
2021-10-18 08:35:44,706 DEBUG (BaseJdbcLogger.java:159)- ==>  Preparing: select id_department, `department_name`, `sort` from `department` 
2021-10-18 08:35:44,707 DEBUG (BaseJdbcLogger.java:159)- ==> Parameters: 
2021-10-18 08:35:44,707 DEBUG (BaseJdbcLogger.java:159)- ==> Parameters: 2(Integer), 2021(Integer)
2021-10-18 08:35:44,707 DEBUG (BaseJdbcLogger.java:159)- ==> Parameters: 
2021-10-18 08:35:44,708 DEBUG (BaseJdbcLogger.java:159)- <==      Total: 8
2021-10-18 08:35:44,708 DEBUG (BaseJdbcLogger.java:159)- <==      Total: 8
2021-10-18 08:35:44,708 DEBUG (BaseJdbcLogger.java:159)- <==      Total: 8
2021-10-18 08:35:44,709 DEBUG (BaseJdbcLogger.java:159)- ==>  Preparing: SELECT u.`id_department` AS 'idDepartment', d.`department_name` AS 'departmentName', pr.`amount` AS 'remittanceAmount', pr.`service_charge` AS 'serviceCharge', pr.`remittance_date` AS 'remittanceDate' FROM payment_remittance pr LEFT JOIN payment_form pf ON pf.`id_payment_form` = pr.`id_payment_form` LEFT JOIN payment_approval pa ON pa.`id_payment_form` = pf.`id_payment_form` LEFT JOIN `user` u ON u.`id_user` = pf.`id_user` LEFT JOIN department d ON d.`id_department` = u.`id_department` WHERE pr.`id_card_type` = ? AND YEAR(pr.`remittance_date`) = ? 
2021-10-18 08:35:44,709 DEBUG (BaseJdbcLogger.java:159)- ==>  Preparing: SELECT d.`id_department` AS 'idDepartment', d.`department_name` AS 'departmentName', SUM(pr.`amount`) AS 'amount', SUM(pr.`service_charge`) AS 'serviceCharge' FROM payment_remittance pr LEFT JOIN payment_form pf ON pf.`id_payment_form` = pr.`id_payment_form` LEFT JOIN payment_approval pa ON pa.`id_payment_form` = pf.`id_payment_form` LEFT JOIN `user` u ON u.`id_user` = pf.`id_user` LEFT JOIN department d ON d.`id_department` = u.`id_department` WHERE pf.`id_card_type` = ? AND YEAR(pr.`remittance_date`) = ? GROUP BY u.`id_department` 
2021-10-18 08:35:44,709 DEBUG (BaseJdbcLogger.java:159)- ==> Parameters: 2(Integer), 2021(Integer)
2021-10-18 08:35:44,709 DEBUG (BaseJdbcLogger.java:159)- ==> Parameters: 2(Integer), 2021(Integer)
2021-10-18 08:35:44,711 DEBUG (BaseJdbcLogger.java:159)- <==      Total: 3
2021-10-18 08:35:44,714 DEBUG (BaseJdbcLogger.java:159)- <==      Total: 17
2021-10-18 08:35:47,499 DEBUG (BaseJdbcLogger.java:159)- ==>  Preparing: SELECT SUM(pr.amount) as 'amount', SUM(pr.service_charge) as 'serviceCharge' FROM `payment_remittance` pr LEFT JOIN payment_form pf ON pf.`id_payment_form` = pr.`id_payment_form` WHERE pr.id_card_type = ? AND YEAR(pr.remittance_date) = ? 
2021-10-18 08:35:47,499 DEBUG (BaseJdbcLogger.java:159)- ==>  Preparing: SELECT id_collection_record, id_card_type, amount, collection_date, id_user, remark, create_time FROM `collection_record` WHERE id_card_type = ? AND YEAR(collection_date) = ? 
2021-10-18 08:35:47,499 DEBUG (BaseJdbcLogger.java:159)- ==>  Preparing: select id_department, `department_name`, `sort` from `department` 
2021-10-18 08:35:47,499 DEBUG (BaseJdbcLogger.java:159)- ==>  Preparing: select id_department, `department_name`, `sort` from `department` 
2021-10-18 08:35:47,500 DEBUG (BaseJdbcLogger.java:159)- ==> Parameters: 
2021-10-18 08:35:47,500 DEBUG (BaseJdbcLogger.java:159)- ==> Parameters: 
2021-10-18 08:35:47,500 DEBUG (BaseJdbcLogger.java:159)- ==> Parameters: 1(Integer), 2021(Integer)
2021-10-18 08:35:47,500 DEBUG (BaseJdbcLogger.java:159)- ==> Parameters: 1(Integer), 2021(Integer)
2021-10-18 08:35:47,502 DEBUG (BaseJdbcLogger.java:159)- <==      Total: 1
2021-10-18 08:35:47,502 DEBUG (BaseJdbcLogger.java:159)- <==      Total: 8
2021-10-18 08:35:47,502 DEBUG (BaseJdbcLogger.java:159)- <==      Total: 13
2021-10-18 08:35:47,502 DEBUG (BaseJdbcLogger.java:159)- <==      Total: 8
2021-10-18 08:35:47,503 DEBUG (BaseJdbcLogger.java:159)- ==>  Preparing: SELECT SUM(amount) FROM `collection_record` WHERE id_card_type = ? AND YEAR(collection_date) = ? 
2021-10-18 08:35:47,503 DEBUG (BaseJdbcLogger.java:159)- ==>  Preparing: SELECT d.`id_department` AS 'idDepartment', d.`department_name` AS 'departmentName', SUM(pr.`amount`) AS 'amount', SUM(pr.`service_charge`) AS 'serviceCharge' FROM payment_remittance pr LEFT JOIN payment_form pf ON pf.`id_payment_form` = pr.`id_payment_form` LEFT JOIN payment_approval pa ON pa.`id_payment_form` = pf.`id_payment_form` LEFT JOIN `user` u ON u.`id_user` = pf.`id_user` LEFT JOIN department d ON d.`id_department` = u.`id_department` WHERE pf.`id_card_type` = ? AND YEAR(pr.`remittance_date`) = ? GROUP BY u.`id_department` 
2021-10-18 08:35:47,503 DEBUG (BaseJdbcLogger.java:159)- ==>  Preparing: SELECT u.`id_department` AS 'idDepartment', d.`department_name` AS 'departmentName', pr.`amount` AS 'remittanceAmount', pr.`service_charge` AS 'serviceCharge', pr.`remittance_date` AS 'remittanceDate' FROM payment_remittance pr LEFT JOIN payment_form pf ON pf.`id_payment_form` = pr.`id_payment_form` LEFT JOIN payment_approval pa ON pa.`id_payment_form` = pf.`id_payment_form` LEFT JOIN `user` u ON u.`id_user` = pf.`id_user` LEFT JOIN department d ON d.`id_department` = u.`id_department` WHERE pr.`id_card_type` = ? AND YEAR(pr.`remittance_date`) = ? 
2021-10-18 08:35:47,503 DEBUG (BaseJdbcLogger.java:159)- ==> Parameters: 1(Integer), 2021(Integer)
2021-10-18 08:35:47,504 DEBUG (BaseJdbcLogger.java:159)- ==> Parameters: 1(Integer), 2021(Integer)
2021-10-18 08:35:47,504 DEBUG (BaseJdbcLogger.java:159)- ==> Parameters: 1(Integer), 2021(Integer)
2021-10-18 08:35:47,505 DEBUG (BaseJdbcLogger.java:159)- <==      Total: 1
2021-10-18 08:35:47,507 DEBUG (BaseJdbcLogger.java:159)- <==      Total: 5
2021-10-18 08:35:47,509 DEBUG (BaseJdbcLogger.java:159)- <==      Total: 33
2021-10-18 08:35:51,967 DEBUG (BaseJdbcLogger.java:159)- ==>  Preparing: select count(1) from `public_daily` where 1=1 
2021-10-18 08:35:51,969 DEBUG (BaseJdbcLogger.java:159)- ==> Parameters: 
2021-10-18 08:35:51,970 DEBUG (BaseJdbcLogger.java:159)- <==      Total: 1
2021-10-18 08:35:51,971 DEBUG (BaseJdbcLogger.java:159)- ==>  Preparing: select id_public_daily, collection_amount, pay_amount, service_charge, remaining_sum, state, create_time from `public_daily` where 1=1 ORDER BY create_time DESC limit ?,? 
2021-10-18 08:35:51,972 DEBUG (BaseJdbcLogger.java:159)- ==> Parameters: 0(Integer), 10(Integer)
2021-10-18 08:35:51,974 DEBUG (BaseJdbcLogger.java:159)- <==      Total: 10
2021-10-18 08:35:52,977 DEBUG (BaseJdbcLogger.java:159)- ==>  Preparing: select count(1) from `public_report` where 1=1 
2021-10-18 08:35:52,978 DEBUG (BaseJdbcLogger.java:159)- ==> Parameters: 
2021-10-18 08:35:52,979 DEBUG (BaseJdbcLogger.java:159)- <==      Total: 1
2021-10-18 08:35:52,979 DEBUG (BaseJdbcLogger.java:159)- ==>  Preparing: select id_public_report, `year`, `month`, collection_amount, pay_amount, service_charge, create_time from `public_report` where 1=1 order by create_time desc limit ?,? 
2021-10-18 08:35:52,980 DEBUG (BaseJdbcLogger.java:159)- ==> Parameters: 0(Integer), 10(Integer)
2021-10-18 08:35:52,981 DEBUG (BaseJdbcLogger.java:159)- <==      Total: 1
2021-10-18 08:35:53,657 DEBUG (BaseJdbcLogger.java:159)- ==>  Preparing: SELECT pf.`reason_application` AS 'reasonApplication', pf.`amount`, pf.`payment_name` AS 'paymentName', pf.`payment_account` AS 'paymentAccount', pf.`code`, pr.`id_card_type` as 'idCardType', pa.`amount` AS 'approvalAmount', pr.`amount` AS 'remittanceAmount', pr.`service_charge` AS 'serviceCharge', pfr.`remaining_sum` AS 'remainingSum', pfr.`id_flow_type` AS 'idFlowType', pfr.`id_pay_flow_record` AS 'idPayFlowRecord', pr.`remark` AS 'remark', pr.`remittance_date` as 'remittanceDate', pr.`create_time` AS 'createTime' FROM pay_flow_record pfr LEFT JOIN payment_remittance pr ON pr.`id_payment_remittance` = pfr.`id_payment_remittance` LEFT JOIN payment_approval pa ON pa.`id_payment_form` = pr.`id_payment_form` LEFT JOIN payment_form pf ON pf.`id_payment_form` = pa.`id_payment_form` WHERE 1=1 ORDER BY pr.`remittance_date` DESC, pr.`id_payment_remittance` DESC 
2021-10-18 08:35:53,658 DEBUG (BaseJdbcLogger.java:159)- ==> Parameters: 
2021-10-18 08:35:53,685 DEBUG (BaseJdbcLogger.java:159)- <==      Total: 54
2021-10-18 08:35:53,686 DEBUG (BaseJdbcLogger.java:159)- ==>  Preparing: SELECT cr.`amount` as 'collectionAmount', cr.`id_card_type` as 'idCardType', ifr.`remaining_sum` AS 'remainingSum', ifr.`id_flow_type` AS 'idFlowType', ifr.`id_income_flow_record` AS 'idIncomeFlowRecord', cr.`remark` as 'remark', cr.`collection_date` as 'collectionDate', cr.`create_time` AS 'createTime' FROM income_flow_record ifr LEFT JOIN collection_record cr ON cr.`id_collection_record` = ifr.`id_collection_record` WHERE 1=1 ORDER BY cr.`collection_date` DESC, cr.`id_collection_record` DESC 
2021-10-18 08:35:53,687 DEBUG (BaseJdbcLogger.java:159)- ==> Parameters: 
2021-10-18 08:35:53,697 DEBUG (BaseJdbcLogger.java:159)- <==      Total: 25
2021-10-18 08:35:55,659 DEBUG (BaseJdbcLogger.java:159)- ==>  Preparing: SELECT pf.`reason_application` AS 'reasonApplication', pf.`amount`, pf.`payment_name` AS 'paymentName', pf.`payment_account` AS 'paymentAccount', pf.`code`, pr.`id_card_type` as 'idCardType', pa.`amount` AS 'approvalAmount', pr.`amount` AS 'remittanceAmount', pr.`service_charge` AS 'serviceCharge', pfr.`remaining_sum` AS 'remainingSum', pfr.`id_flow_type` AS 'idFlowType', pfr.`id_pay_flow_record` AS 'idPayFlowRecord', pr.`remark` AS 'remark', pr.`remittance_date` as 'remittanceDate', pr.`create_time` AS 'createTime' FROM pay_flow_record pfr LEFT JOIN payment_remittance pr ON pr.`id_payment_remittance` = pfr.`id_payment_remittance` LEFT JOIN payment_approval pa ON pa.`id_payment_form` = pr.`id_payment_form` LEFT JOIN payment_form pf ON pf.`id_payment_form` = pa.`id_payment_form` WHERE 1=1 ORDER BY pr.`remittance_date` DESC, pr.`id_payment_remittance` DESC 
2021-10-18 08:35:55,660 DEBUG (BaseJdbcLogger.java:159)- ==> Parameters: 
2021-10-18 08:35:55,675 DEBUG (BaseJdbcLogger.java:159)- <==      Total: 54
2021-10-18 08:35:55,676 DEBUG (BaseJdbcLogger.java:159)- ==>  Preparing: SELECT cr.`amount` as 'collectionAmount', cr.`id_card_type` as 'idCardType', ifr.`remaining_sum` AS 'remainingSum', ifr.`id_flow_type` AS 'idFlowType', ifr.`id_income_flow_record` AS 'idIncomeFlowRecord', cr.`remark` as 'remark', cr.`collection_date` as 'collectionDate', cr.`create_time` AS 'createTime' FROM income_flow_record ifr LEFT JOIN collection_record cr ON cr.`id_collection_record` = ifr.`id_collection_record` WHERE 1=1 ORDER BY cr.`collection_date` DESC, cr.`id_collection_record` DESC 
2021-10-18 08:35:55,677 DEBUG (BaseJdbcLogger.java:159)- ==> Parameters: 
2021-10-18 08:35:55,686 DEBUG (BaseJdbcLogger.java:159)- <==      Total: 25
2021-10-18 08:35:56,248 DEBUG (BaseJdbcLogger.java:159)- ==>  Preparing: SELECT pf.`reason_application` AS 'reasonApplication', pf.`amount`, pf.`payment_name` AS 'paymentName', pf.`payment_account` AS 'paymentAccount', pf.`code`, pr.`id_card_type` as 'idCardType', pa.`amount` AS 'approvalAmount', pr.`amount` AS 'remittanceAmount', pr.`service_charge` AS 'serviceCharge', pfr.`remaining_sum` AS 'remainingSum', pfr.`id_flow_type` AS 'idFlowType', pfr.`id_pay_flow_record` AS 'idPayFlowRecord', pr.`remark` AS 'remark', pr.`remittance_date` as 'remittanceDate', pr.`create_time` AS 'createTime' FROM pay_flow_record pfr LEFT JOIN payment_remittance pr ON pr.`id_payment_remittance` = pfr.`id_payment_remittance` LEFT JOIN payment_approval pa ON pa.`id_payment_form` = pr.`id_payment_form` LEFT JOIN payment_form pf ON pf.`id_payment_form` = pa.`id_payment_form` WHERE 1=1 ORDER BY pr.`remittance_date` DESC, pr.`id_payment_remittance` DESC 
2021-10-18 08:35:56,249 DEBUG (BaseJdbcLogger.java:159)- ==> Parameters: 
2021-10-18 08:35:56,267 DEBUG (BaseJdbcLogger.java:159)- <==      Total: 54
2021-10-18 08:35:56,268 DEBUG (BaseJdbcLogger.java:159)- ==>  Preparing: SELECT cr.`amount` as 'collectionAmount', cr.`id_card_type` as 'idCardType', ifr.`remaining_sum` AS 'remainingSum', ifr.`id_flow_type` AS 'idFlowType', ifr.`id_income_flow_record` AS 'idIncomeFlowRecord', cr.`remark` as 'remark', cr.`collection_date` as 'collectionDate', cr.`create_time` AS 'createTime' FROM income_flow_record ifr LEFT JOIN collection_record cr ON cr.`id_collection_record` = ifr.`id_collection_record` WHERE 1=1 ORDER BY cr.`collection_date` DESC, cr.`id_collection_record` DESC 
2021-10-18 08:35:56,268 DEBUG (BaseJdbcLogger.java:159)- ==> Parameters: 
2021-10-18 08:35:56,278 DEBUG (BaseJdbcLogger.java:159)- <==      Total: 25
2021-10-18 08:35:57,405 DEBUG (BaseJdbcLogger.java:159)- ==>  Preparing: SELECT pf.`reason_application` AS 'reasonApplication', pf.`amount`, pf.`payment_name` AS 'paymentName', pf.`payment_account` AS 'paymentAccount', pf.`code`, pr.`id_card_type` as 'idCardType', pa.`amount` AS 'approvalAmount', pr.`amount` AS 'remittanceAmount', pr.`service_charge` AS 'serviceCharge', pfr.`remaining_sum` AS 'remainingSum', pfr.`id_flow_type` AS 'idFlowType', pfr.`id_pay_flow_record` AS 'idPayFlowRecord', pr.`remark` AS 'remark', pr.`remittance_date` as 'remittanceDate', pr.`create_time` AS 'createTime' FROM pay_flow_record pfr LEFT JOIN payment_remittance pr ON pr.`id_payment_remittance` = pfr.`id_payment_remittance` LEFT JOIN payment_approval pa ON pa.`id_payment_form` = pr.`id_payment_form` LEFT JOIN payment_form pf ON pf.`id_payment_form` = pa.`id_payment_form` WHERE 1=1 ORDER BY pr.`remittance_date` DESC, pr.`id_payment_remittance` DESC 
2021-10-18 08:35:57,406 DEBUG (BaseJdbcLogger.java:159)- ==> Parameters: 
2021-10-18 08:35:57,430 DEBUG (BaseJdbcLogger.java:159)- <==      Total: 54
2021-10-18 08:35:57,431 DEBUG (BaseJdbcLogger.java:159)- ==>  Preparing: SELECT cr.`amount` as 'collectionAmount', cr.`id_card_type` as 'idCardType', ifr.`remaining_sum` AS 'remainingSum', ifr.`id_flow_type` AS 'idFlowType', ifr.`id_income_flow_record` AS 'idIncomeFlowRecord', cr.`remark` as 'remark', cr.`collection_date` as 'collectionDate', cr.`create_time` AS 'createTime' FROM income_flow_record ifr LEFT JOIN collection_record cr ON cr.`id_collection_record` = ifr.`id_collection_record` WHERE 1=1 ORDER BY cr.`collection_date` DESC, cr.`id_collection_record` DESC 
2021-10-18 08:35:57,432 DEBUG (BaseJdbcLogger.java:159)- ==> Parameters: 
2021-10-18 08:35:57,442 DEBUG (BaseJdbcLogger.java:159)- <==      Total: 25
2021-10-18 08:35:57,812 DEBUG (BaseJdbcLogger.java:159)- ==>  Preparing: select id_card_type, `name` from `card_type` 
2021-10-18 08:35:57,813 DEBUG (BaseJdbcLogger.java:159)- ==> Parameters: 
2021-10-18 08:35:57,815 DEBUG (BaseJdbcLogger.java:159)- <==      Total: 4
2021-10-18 08:35:58,135 DEBUG (BaseJdbcLogger.java:159)- ==>  Preparing: SELECT count(1) FROM payment_form pf LEFT JOIN `user` u ON u.`id_user` = pf.`id_user` WHERE pf.id_user = ? 
2021-10-18 08:35:58,136 DEBUG (BaseJdbcLogger.java:159)- ==> Parameters: 2(Integer)
2021-10-18 08:35:58,137 DEBUG (BaseJdbcLogger.java:159)- <==      Total: 1
2021-10-18 08:35:58,139 DEBUG (BaseJdbcLogger.java:159)- ==>  Preparing: SELECT pf.`id_payment_form` AS 'idPaymentForm', pf.`id_approval` as 'idApproval', pf.`code`, pf.`id_card_type` as 'idCardType', pf.`reason_application` AS 'reasonApplication', pf.`amount`, pf.`payment_name` AS 'paymentName', pf.`payment_account` AS 'paymentAccount', pf.`id_payment_form_state` as 'idPaymentFormState', pf.`create_time` AS 'createTime', pf.`id_user` AS 'idUser', pf.`state`, pf.`files`, u.`real_name` AS 'userName' FROM payment_form pf LEFT JOIN `user` u ON u.`id_user` = pf.`id_user` WHERE pf.id_user = ? ORDER BY pf.`create_time` DESC LIMIT ?,? 
2021-10-18 08:35:58,139 DEBUG (BaseJdbcLogger.java:159)- ==> Parameters: 2(Integer), 0(Integer), 10(Integer)
2021-10-18 08:35:58,140 DEBUG (BaseJdbcLogger.java:159)- <==      Total: 0
2021-10-18 08:36:01,447 DEBUG (BaseJdbcLogger.java:159)- ==>  Preparing: SELECT pf.`reason_application` AS 'reasonApplication', pf.`amount`, pf.`payment_name` AS 'paymentName', pf.`payment_account` AS 'paymentAccount', pf.`code`, pr.`id_card_type` as 'idCardType', pa.`amount` AS 'approvalAmount', pr.`amount` AS 'remittanceAmount', pr.`service_charge` AS 'serviceCharge', pfr.`remaining_sum` AS 'remainingSum', pfr.`id_flow_type` AS 'idFlowType', pfr.`id_pay_flow_record` AS 'idPayFlowRecord', pr.`remark` AS 'remark', pr.`remittance_date` as 'remittanceDate', pr.`create_time` AS 'createTime' FROM pay_flow_record pfr LEFT JOIN payment_remittance pr ON pr.`id_payment_remittance` = pfr.`id_payment_remittance` LEFT JOIN payment_approval pa ON pa.`id_payment_form` = pr.`id_payment_form` LEFT JOIN payment_form pf ON pf.`id_payment_form` = pa.`id_payment_form` WHERE 1=1 ORDER BY pr.`remittance_date` DESC, pr.`id_payment_remittance` DESC 
2021-10-18 08:36:01,448 DEBUG (BaseJdbcLogger.java:159)- ==> Parameters: 
2021-10-18 08:36:01,475 DEBUG (BaseJdbcLogger.java:159)- <==      Total: 54
2021-10-18 08:36:01,476 DEBUG (BaseJdbcLogger.java:159)- ==>  Preparing: SELECT cr.`amount` as 'collectionAmount', cr.`id_card_type` as 'idCardType', ifr.`remaining_sum` AS 'remainingSum', ifr.`id_flow_type` AS 'idFlowType', ifr.`id_income_flow_record` AS 'idIncomeFlowRecord', cr.`remark` as 'remark', cr.`collection_date` as 'collectionDate', cr.`create_time` AS 'createTime' FROM income_flow_record ifr LEFT JOIN collection_record cr ON cr.`id_collection_record` = ifr.`id_collection_record` WHERE 1=1 ORDER BY cr.`collection_date` DESC, cr.`id_collection_record` DESC 
2021-10-18 08:36:01,477 DEBUG (BaseJdbcLogger.java:159)- ==> Parameters: 
2021-10-18 08:36:01,487 DEBUG (BaseJdbcLogger.java:159)- <==      Total: 25
2021-10-18 08:36:03,104 DEBUG (BaseJdbcLogger.java:159)- ==>  Preparing: select count(1) from `public_report` where 1=1 
2021-10-18 08:36:03,105 DEBUG (BaseJdbcLogger.java:159)- ==> Parameters: 
2021-10-18 08:36:03,107 DEBUG (BaseJdbcLogger.java:159)- <==      Total: 1
2021-10-18 08:36:03,108 DEBUG (BaseJdbcLogger.java:159)- ==>  Preparing: select id_public_report, `year`, `month`, collection_amount, pay_amount, service_charge, create_time from `public_report` where 1=1 order by create_time desc limit ?,? 
2021-10-18 08:36:03,109 DEBUG (BaseJdbcLogger.java:159)- ==> Parameters: 0(Integer), 10(Integer)
2021-10-18 08:36:03,111 DEBUG (BaseJdbcLogger.java:159)- <==      Total: 1
2021-10-18 08:36:07,562 DEBUG (BaseJdbcLogger.java:159)- ==>  Preparing: select count(1) from `public_daily` where 1=1 
2021-10-18 08:36:07,563 DEBUG (BaseJdbcLogger.java:159)- ==> Parameters: 
2021-10-18 08:36:07,564 DEBUG (BaseJdbcLogger.java:159)- <==      Total: 1
2021-10-18 08:36:07,565 DEBUG (BaseJdbcLogger.java:159)- ==>  Preparing: select id_public_daily, collection_amount, pay_amount, service_charge, remaining_sum, state, create_time from `public_daily` where 1=1 ORDER BY create_time DESC limit ?,? 
2021-10-18 08:36:07,566 DEBUG (BaseJdbcLogger.java:159)- ==> Parameters: 0(Integer), 10(Integer)
2021-10-18 08:36:07,568 DEBUG (BaseJdbcLogger.java:159)- <==      Total: 10
2021-10-18 08:36:09,059 DEBUG (BaseJdbcLogger.java:159)- ==>  Preparing: SELECT pf.`reason_application` AS 'reasonApplication', pf.`amount`, pf.`payment_name` AS 'paymentName', pf.`payment_account` AS 'paymentAccount', pf.`code`, pr.`id_card_type` as 'idCardType', pa.`amount` AS 'approvalAmount', pr.`amount` AS 'remittanceAmount', pr.`service_charge` AS 'serviceCharge', pfr.`remaining_sum` AS 'remainingSum', pfr.`id_flow_type` AS 'idFlowType', pfr.`id_pay_flow_record` AS 'idPayFlowRecord', pr.`remark` AS 'remark', pr.`remittance_date` as 'remittanceDate', pr.`create_time` AS 'createTime' FROM pay_flow_record pfr LEFT JOIN payment_remittance pr ON pr.`id_payment_remittance` = pfr.`id_payment_remittance` LEFT JOIN payment_approval pa ON pa.`id_payment_form` = pr.`id_payment_form` LEFT JOIN payment_form pf ON pf.`id_payment_form` = pa.`id_payment_form` WHERE 1=1 ORDER BY pr.`remittance_date` DESC, pr.`id_payment_remittance` DESC 
2021-10-18 08:36:09,060 DEBUG (BaseJdbcLogger.java:159)- ==> Parameters: 
2021-10-18 08:36:09,091 DEBUG (BaseJdbcLogger.java:159)- <==      Total: 54
2021-10-18 08:36:09,092 DEBUG (BaseJdbcLogger.java:159)- ==>  Preparing: SELECT cr.`amount` as 'collectionAmount', cr.`id_card_type` as 'idCardType', ifr.`remaining_sum` AS 'remainingSum', ifr.`id_flow_type` AS 'idFlowType', ifr.`id_income_flow_record` AS 'idIncomeFlowRecord', cr.`remark` as 'remark', cr.`collection_date` as 'collectionDate', cr.`create_time` AS 'createTime' FROM income_flow_record ifr LEFT JOIN collection_record cr ON cr.`id_collection_record` = ifr.`id_collection_record` WHERE 1=1 ORDER BY cr.`collection_date` DESC, cr.`id_collection_record` DESC 
2021-10-18 08:36:09,092 DEBUG (BaseJdbcLogger.java:159)- ==> Parameters: 
2021-10-18 08:36:09,102 DEBUG (BaseJdbcLogger.java:159)- <==      Total: 25
2021-10-18 08:36:11,969 DEBUG (BaseJdbcLogger.java:159)- ==>  Preparing: select count(1) from `public_report` where 1=1 
2021-10-18 08:36:11,970 DEBUG (BaseJdbcLogger.java:159)- ==> Parameters: 
2021-10-18 08:36:11,971 DEBUG (BaseJdbcLogger.java:159)- <==      Total: 1
2021-10-18 08:36:11,972 DEBUG (BaseJdbcLogger.java:159)- ==>  Preparing: select id_public_report, `year`, `month`, collection_amount, pay_amount, service_charge, create_time from `public_report` where 1=1 order by create_time desc limit ?,? 
2021-10-18 08:36:11,972 DEBUG (BaseJdbcLogger.java:159)- ==> Parameters: 0(Integer), 10(Integer)
2021-10-18 08:36:11,973 DEBUG (BaseJdbcLogger.java:159)- <==      Total: 1
2021-10-18 08:36:20,381 DEBUG (BaseJdbcLogger.java:159)- ==>  Preparing: select count(1) from `private_report` where 1=1 
2021-10-18 08:36:20,382 DEBUG (BaseJdbcLogger.java:159)- ==> Parameters: 
2021-10-18 08:36:20,384 DEBUG (BaseJdbcLogger.java:159)- <==      Total: 1
2021-10-18 08:36:20,385 DEBUG (BaseJdbcLogger.java:159)- ==>  Preparing: select id_private_report, `year`, `month`, collection_amount, pay_amount, service_charge, create_time from `private_report` where 1=1 order by create_time desc limit ?,? 
2021-10-18 08:36:20,386 DEBUG (BaseJdbcLogger.java:159)- ==> Parameters: 0(Integer), 10(Integer)
2021-10-18 08:36:20,387 DEBUG (BaseJdbcLogger.java:159)- <==      Total: 1
2021-10-18 08:36:21,441 DEBUG (BaseJdbcLogger.java:159)- ==>  Preparing: select count(1) from `public_report` where 1=1 
2021-10-18 08:36:21,442 DEBUG (BaseJdbcLogger.java:159)- ==> Parameters: 
2021-10-18 08:36:21,443 DEBUG (BaseJdbcLogger.java:159)- <==      Total: 1
2021-10-18 08:36:21,444 DEBUG (BaseJdbcLogger.java:159)- ==>  Preparing: select id_public_report, `year`, `month`, collection_amount, pay_amount, service_charge, create_time from `public_report` where 1=1 order by create_time desc limit ?,? 
2021-10-18 08:36:21,444 DEBUG (BaseJdbcLogger.java:159)- ==> Parameters: 0(Integer), 10(Integer)
2021-10-18 08:36:21,446 DEBUG (BaseJdbcLogger.java:159)- <==      Total: 1
2021-10-18 08:36:21,796 DEBUG (BaseJdbcLogger.java:159)- ==>  Preparing: select count(1) from `private_report` where 1=1 
2021-10-18 08:36:21,797 DEBUG (BaseJdbcLogger.java:159)- ==> Parameters: 
2021-10-18 08:36:21,798 DEBUG (BaseJdbcLogger.java:159)- <==      Total: 1
2021-10-18 08:36:21,799 DEBUG (BaseJdbcLogger.java:159)- ==>  Preparing: select id_private_report, `year`, `month`, collection_amount, pay_amount, service_charge, create_time from `private_report` where 1=1 order by create_time desc limit ?,? 
2021-10-18 08:36:21,800 DEBUG (BaseJdbcLogger.java:159)- ==> Parameters: 0(Integer), 10(Integer)
2021-10-18 08:36:21,801 DEBUG (BaseJdbcLogger.java:159)- <==      Total: 1
2021-10-18 08:36:23,411 DEBUG (BaseJdbcLogger.java:159)- ==>  Preparing: select count(1) from `public_report` where 1=1 
2021-10-18 08:36:23,412 DEBUG (BaseJdbcLogger.java:159)- ==> Parameters: 
2021-10-18 08:36:23,413 DEBUG (BaseJdbcLogger.java:159)- <==      Total: 1
2021-10-18 08:36:23,414 DEBUG (BaseJdbcLogger.java:159)- ==>  Preparing: select id_public_report, `year`, `month`, collection_amount, pay_amount, service_charge, create_time from `public_report` where 1=1 order by create_time desc limit ?,? 
2021-10-18 08:36:23,414 DEBUG (BaseJdbcLogger.java:159)- ==> Parameters: 0(Integer), 10(Integer)
2021-10-18 08:36:23,415 DEBUG (BaseJdbcLogger.java:159)- <==      Total: 1
2021-10-18 08:36:23,892 DEBUG (BaseJdbcLogger.java:159)- ==>  Preparing: select count(1) from `private_report` where 1=1 
2021-10-18 08:36:23,892 DEBUG (BaseJdbcLogger.java:159)- ==> Parameters: 
2021-10-18 08:36:23,893 DEBUG (BaseJdbcLogger.java:159)- <==      Total: 1
2021-10-18 08:36:23,895 DEBUG (BaseJdbcLogger.java:159)- ==>  Preparing: select id_private_report, `year`, `month`, collection_amount, pay_amount, service_charge, create_time from `private_report` where 1=1 order by create_time desc limit ?,? 
2021-10-18 08:36:23,896 DEBUG (BaseJdbcLogger.java:159)- ==> Parameters: 0(Integer), 10(Integer)
2021-10-18 08:36:23,897 DEBUG (BaseJdbcLogger.java:159)- <==      Total: 1
2021-10-18 08:36:27,230 DEBUG (BaseJdbcLogger.java:159)- ==>  Preparing: select count(1) from `public_daily` where 1=1 
2021-10-18 08:36:27,231 DEBUG (BaseJdbcLogger.java:159)- ==> Parameters: 
2021-10-18 08:36:27,232 DEBUG (BaseJdbcLogger.java:159)- <==      Total: 1
2021-10-18 08:36:27,233 DEBUG (BaseJdbcLogger.java:159)- ==>  Preparing: select id_public_daily, collection_amount, pay_amount, service_charge, remaining_sum, state, create_time from `public_daily` where 1=1 ORDER BY create_time DESC limit ?,? 
2021-10-18 08:36:27,234 DEBUG (BaseJdbcLogger.java:159)- ==> Parameters: 0(Integer), 10(Integer)
2021-10-18 08:36:27,235 DEBUG (BaseJdbcLogger.java:159)- <==      Total: 10
2021-10-18 08:36:29,283 DEBUG (BaseJdbcLogger.java:159)- ==>  Preparing: select count(1) from `general_account_daily` where 1=1 
2021-10-18 08:36:29,284 DEBUG (BaseJdbcLogger.java:159)- ==> Parameters: 
2021-10-18 08:36:29,285 DEBUG (BaseJdbcLogger.java:159)- <==      Total: 1
2021-10-18 08:36:29,286 DEBUG (BaseJdbcLogger.java:159)- ==>  Preparing: select id_general_account_daily, collection_amount, pay_amount, service_charge, remaining_sum, state, create_time from `general_account_daily` where 1=1 ORDER BY create_time DESC limit ?,? 
2021-10-18 08:36:29,286 DEBUG (BaseJdbcLogger.java:159)- ==> Parameters: 0(Integer), 10(Integer)
2021-10-18 08:36:29,288 DEBUG (BaseJdbcLogger.java:159)- <==      Total: 1
2021-10-18 08:36:30,497 DEBUG (BaseJdbcLogger.java:159)- ==>  Preparing: select count(1) from `public_daily` where 1=1 
2021-10-18 08:36:30,498 DEBUG (BaseJdbcLogger.java:159)- ==> Parameters: 
2021-10-18 08:36:30,498 DEBUG (BaseJdbcLogger.java:159)- <==      Total: 1
2021-10-18 08:36:30,499 DEBUG (BaseJdbcLogger.java:159)- ==>  Preparing: select id_public_daily, collection_amount, pay_amount, service_charge, remaining_sum, state, create_time from `public_daily` where 1=1 ORDER BY create_time DESC limit ?,? 
2021-10-18 08:36:30,500 DEBUG (BaseJdbcLogger.java:159)- ==> Parameters: 0(Integer), 10(Integer)
2021-10-18 08:36:30,501 DEBUG (BaseJdbcLogger.java:159)- <==      Total: 10
2021-10-18 08:36:30,994 DEBUG (BaseJdbcLogger.java:159)- ==>  Preparing: select count(1) from `public_report` where 1=1 
2021-10-18 08:36:30,995 DEBUG (BaseJdbcLogger.java:159)- ==> Parameters: 
2021-10-18 08:36:30,996 DEBUG (BaseJdbcLogger.java:159)- <==      Total: 1
2021-10-18 08:36:30,998 DEBUG (BaseJdbcLogger.java:159)- ==>  Preparing: select id_public_report, `year`, `month`, collection_amount, pay_amount, service_charge, create_time from `public_report` where 1=1 order by create_time desc limit ?,? 
2021-10-18 08:36:30,998 DEBUG (BaseJdbcLogger.java:159)- ==> Parameters: 0(Integer), 10(Integer)
2021-10-18 08:36:31,000 DEBUG (BaseJdbcLogger.java:159)- <==      Total: 1
2021-10-18 08:36:32,713 DEBUG (BaseJdbcLogger.java:159)- ==>  Preparing: select count(1) from `public_daily` where 1=1 
2021-10-18 08:36:32,714 DEBUG (BaseJdbcLogger.java:159)- ==> Parameters: 
2021-10-18 08:36:32,716 DEBUG (BaseJdbcLogger.java:159)- <==      Total: 1
2021-10-18 08:36:32,717 DEBUG (BaseJdbcLogger.java:159)- ==>  Preparing: select id_public_daily, collection_amount, pay_amount, service_charge, remaining_sum, state, create_time from `public_daily` where 1=1 ORDER BY create_time DESC limit ?,? 
2021-10-18 08:36:32,718 DEBUG (BaseJdbcLogger.java:159)- ==> Parameters: 0(Integer), 10(Integer)
2021-10-18 08:36:32,720 DEBUG (BaseJdbcLogger.java:159)- <==      Total: 10
2021-10-18 08:37:01,066 DEBUG (BaseJdbcLogger.java:159)- ==>  Preparing: select count(1) from `general_account_daily` where 1=1 
2021-10-18 08:37:01,067 DEBUG (BaseJdbcLogger.java:159)- ==> Parameters: 
2021-10-18 08:37:01,068 DEBUG (BaseJdbcLogger.java:159)- <==      Total: 1
2021-10-18 08:37:01,069 DEBUG (BaseJdbcLogger.java:159)- ==>  Preparing: select id_general_account_daily, collection_amount, pay_amount, service_charge, remaining_sum, state, create_time from `general_account_daily` where 1=1 ORDER BY create_time DESC limit ?,? 
2021-10-18 08:37:01,070 DEBUG (BaseJdbcLogger.java:159)- ==> Parameters: 0(Integer), 10(Integer)
2021-10-18 08:37:01,071 DEBUG (BaseJdbcLogger.java:159)- <==      Total: 1
2021-10-18 08:37:04,136 DEBUG (BaseJdbcLogger.java:159)- ==>  Preparing: select count(1) from `second_general_account_daily` where 1=1 
2021-10-18 08:37:04,137 DEBUG (BaseJdbcLogger.java:159)- ==> Parameters: 
2021-10-18 08:37:04,138 DEBUG (BaseJdbcLogger.java:159)- <==      Total: 1
2021-10-18 08:37:04,139 DEBUG (BaseJdbcLogger.java:159)- ==>  Preparing: select id_second_general_account_daily, collection_amount, pay_amount, service_charge, remaining_sum, state, create_time from `second_general_account_daily` where 1=1 ORDER BY create_time DESC limit ?,? 
2021-10-18 08:37:04,139 DEBUG (BaseJdbcLogger.java:159)- ==> Parameters: 0(Integer), 10(Integer)
2021-10-18 08:37:04,141 DEBUG (BaseJdbcLogger.java:159)- <==      Total: 1
2021-10-18 08:37:10,723 DEBUG (BaseJdbcLogger.java:159)- ==>  Preparing: select count(1) from `public_report` where 1=1 
2021-10-18 08:37:10,724 DEBUG (BaseJdbcLogger.java:159)- ==> Parameters: 
2021-10-18 08:37:10,725 DEBUG (BaseJdbcLogger.java:159)- <==      Total: 1
2021-10-18 08:37:10,726 DEBUG (BaseJdbcLogger.java:159)- ==>  Preparing: select id_public_report, `year`, `month`, collection_amount, pay_amount, service_charge, create_time from `public_report` where 1=1 order by create_time desc limit ?,? 
2021-10-18 08:37:10,727 DEBUG (BaseJdbcLogger.java:159)- ==> Parameters: 0(Integer), 10(Integer)
2021-10-18 08:37:10,729 DEBUG (BaseJdbcLogger.java:159)- <==      Total: 1
2021-10-18 08:37:14,358 DEBUG (BaseJdbcLogger.java:159)- ==>  Preparing: SELECT pf.`reason_application` AS 'reasonApplication', pf.`amount`, pf.`payment_name` AS 'paymentName', pf.`payment_account` AS 'paymentAccount', pf.`code`, pr.`id_card_type` as 'idCardType', pa.`amount` AS 'approvalAmount', pr.`amount` AS 'remittanceAmount', pr.`service_charge` AS 'serviceCharge', pfr.`remaining_sum` AS 'remainingSum', pfr.`id_flow_type` AS 'idFlowType', pfr.`id_pay_flow_record` AS 'idPayFlowRecord', pr.`remark` AS 'remark', pr.`remittance_date` as 'remittanceDate', pr.`create_time` AS 'createTime' FROM pay_flow_record pfr LEFT JOIN payment_remittance pr ON pr.`id_payment_remittance` = pfr.`id_payment_remittance` LEFT JOIN payment_approval pa ON pa.`id_payment_form` = pr.`id_payment_form` LEFT JOIN payment_form pf ON pf.`id_payment_form` = pa.`id_payment_form` WHERE 1=1 AND DATE_FORMAT(pr.`remittance_date`, '%Y-%m-%d') between ? and ? ORDER BY pr.`remittance_date` DESC, pr.`id_payment_remittance` DESC 
2021-10-18 08:37:14,359 DEBUG (BaseJdbcLogger.java:159)- ==> Parameters: 2021-08-01(String), 2021-08-31(String)
2021-10-18 08:37:14,379 DEBUG (BaseJdbcLogger.java:159)- <==      Total: 14
2021-10-18 08:37:14,381 DEBUG (BaseJdbcLogger.java:159)- ==>  Preparing: SELECT cr.`amount` as 'collectionAmount', cr.`id_card_type` as 'idCardType', ifr.`remaining_sum` AS 'remainingSum', ifr.`id_flow_type` AS 'idFlowType', ifr.`id_income_flow_record` AS 'idIncomeFlowRecord', cr.`remark` as 'remark', cr.`collection_date` as 'collectionDate', cr.`create_time` AS 'createTime' FROM income_flow_record ifr LEFT JOIN collection_record cr ON cr.`id_collection_record` = ifr.`id_collection_record` WHERE 1=1 AND DATE_FORMAT(cr.`collection_date`, '%Y-%m-%d') between ? and ? ORDER BY cr.`collection_date` DESC, cr.`id_collection_record` DESC 
2021-10-18 08:37:14,381 DEBUG (BaseJdbcLogger.java:159)- ==> Parameters: 2021-08-01(String), 2021-08-31(String)
2021-10-18 08:37:14,390 DEBUG (BaseJdbcLogger.java:159)- <==      Total: 8
2021-10-18 08:37:14,392 DEBUG (BaseJdbcLogger.java:159)- ==>  Preparing: SELECT id_remaining_sum_record, id_card_type, last_remaining_sum, create_time FROM `remaining_sum_record` WHERE DATE_FORMAT(create_time, '%Y%m') = DATE_FORMAT(?, '%Y%m') 
2021-10-18 08:37:14,392 DEBUG (BaseJdbcLogger.java:159)- ==> Parameters: 2021-08-01(String)
2021-10-18 08:37:14,394 DEBUG (BaseJdbcLogger.java:159)- <==      Total: 8
2021-10-18 08:37:28,536 DEBUG (BaseJdbcLogger.java:159)- ==>  Preparing: select count(1) from `public_report` where 1=1 
2021-10-18 08:37:28,537 DEBUG (BaseJdbcLogger.java:159)- ==> Parameters: 
2021-10-18 08:37:28,538 DEBUG (BaseJdbcLogger.java:159)- <==      Total: 1
2021-10-18 08:37:28,539 DEBUG (BaseJdbcLogger.java:159)- ==>  Preparing: select id_public_report, `year`, `month`, collection_amount, pay_amount, service_charge, create_time from `public_report` where 1=1 order by create_time desc limit ?,? 
2021-10-18 08:37:28,540 DEBUG (BaseJdbcLogger.java:159)- ==> Parameters: 0(Integer), 10(Integer)
2021-10-18 08:37:28,542 DEBUG (BaseJdbcLogger.java:159)- <==      Total: 1
2021-10-18 08:37:29,895 DEBUG (BaseJdbcLogger.java:159)- ==>  Preparing: select count(1) from `private_report` where 1=1 
2021-10-18 08:37:29,896 DEBUG (BaseJdbcLogger.java:159)- ==> Parameters: 
2021-10-18 08:37:29,897 DEBUG (BaseJdbcLogger.java:159)- <==      Total: 1
2021-10-18 08:37:29,898 DEBUG (BaseJdbcLogger.java:159)- ==>  Preparing: select id_private_report, `year`, `month`, collection_amount, pay_amount, service_charge, create_time from `private_report` where 1=1 order by create_time desc limit ?,? 
2021-10-18 08:37:29,898 DEBUG (BaseJdbcLogger.java:159)- ==> Parameters: 0(Integer), 10(Integer)
2021-10-18 08:37:29,899 DEBUG (BaseJdbcLogger.java:159)- <==      Total: 1
2021-10-18 08:37:30,219 DEBUG (BaseJdbcLogger.java:159)- ==>  Preparing: select count(1) from `public_report` where 1=1 
2021-10-18 08:37:30,220 DEBUG (BaseJdbcLogger.java:159)- ==> Parameters: 
2021-10-18 08:37:30,221 DEBUG (BaseJdbcLogger.java:159)- <==      Total: 1
2021-10-18 08:37:30,222 DEBUG (BaseJdbcLogger.java:159)- ==>  Preparing: select id_public_report, `year`, `month`, collection_amount, pay_amount, service_charge, create_time from `public_report` where 1=1 order by create_time desc limit ?,? 
2021-10-18 08:37:30,223 DEBUG (BaseJdbcLogger.java:159)- ==> Parameters: 0(Integer), 10(Integer)
2021-10-18 08:37:30,224 DEBUG (BaseJdbcLogger.java:159)- <==      Total: 1
2021-10-18 08:37:31,294 DEBUG (BaseJdbcLogger.java:159)- ==>  Preparing: select count(1) from `private_report` where 1=1 
2021-10-18 08:37:31,295 DEBUG (BaseJdbcLogger.java:159)- ==> Parameters: 
2021-10-18 08:37:31,296 DEBUG (BaseJdbcLogger.java:159)- <==      Total: 1
2021-10-18 08:37:31,297 DEBUG (BaseJdbcLogger.java:159)- ==>  Preparing: select id_private_report, `year`, `month`, collection_amount, pay_amount, service_charge, create_time from `private_report` where 1=1 order by create_time desc limit ?,? 
2021-10-18 08:37:31,298 DEBUG (BaseJdbcLogger.java:159)- ==> Parameters: 0(Integer), 10(Integer)
2021-10-18 08:37:31,299 DEBUG (BaseJdbcLogger.java:159)- <==      Total: 1
2021-10-18 10:03:08,726 DEBUG (BaseJdbcLogger.java:159)- ==>  Preparing: SELECT pf.`reason_application` AS 'reasonApplication', pf.`amount`, pf.`payment_name` AS 'paymentName', pf.`payment_account` AS 'paymentAccount', pf.`code`, pr.`id_card_type` as 'idCardType', pa.`amount` AS 'approvalAmount', pr.`amount` AS 'remittanceAmount', pr.`service_charge` AS 'serviceCharge', pfr.`remaining_sum` AS 'remainingSum', pfr.`id_flow_type` AS 'idFlowType', pfr.`id_pay_flow_record` AS 'idPayFlowRecord', pr.`remark` AS 'remark', pr.`remittance_date` as 'remittanceDate', pr.`create_time` AS 'createTime' FROM pay_flow_record pfr LEFT JOIN payment_remittance pr ON pr.`id_payment_remittance` = pfr.`id_payment_remittance` LEFT JOIN payment_approval pa ON pa.`id_payment_form` = pr.`id_payment_form` LEFT JOIN payment_form pf ON pf.`id_payment_form` = pa.`id_payment_form` WHERE 1=1 AND DATE_FORMAT(pr.`remittance_date`, '%Y-%m-%d') between ? and ? ORDER BY pr.`remittance_date` DESC, pr.`id_payment_remittance` DESC 
2021-10-18 10:03:08,727 DEBUG (BaseJdbcLogger.java:159)- ==> Parameters: 2021-08-01(String), 2021-08-31(String)
2021-10-18 10:03:08,739 DEBUG (BaseJdbcLogger.java:159)- <==      Total: 14
2021-10-18 10:03:08,740 DEBUG (BaseJdbcLogger.java:159)- ==>  Preparing: SELECT cr.`amount` as 'collectionAmount', cr.`id_card_type` as 'idCardType', ifr.`remaining_sum` AS 'remainingSum', ifr.`id_flow_type` AS 'idFlowType', ifr.`id_income_flow_record` AS 'idIncomeFlowRecord', cr.`remark` as 'remark', cr.`collection_date` as 'collectionDate', cr.`create_time` AS 'createTime' FROM income_flow_record ifr LEFT JOIN collection_record cr ON cr.`id_collection_record` = ifr.`id_collection_record` WHERE 1=1 AND DATE_FORMAT(cr.`collection_date`, '%Y-%m-%d') between ? and ? ORDER BY cr.`collection_date` DESC, cr.`id_collection_record` DESC 
2021-10-18 10:03:08,741 DEBUG (BaseJdbcLogger.java:159)- ==> Parameters: 2021-08-01(String), 2021-08-31(String)
2021-10-18 10:03:08,751 DEBUG (BaseJdbcLogger.java:159)- <==      Total: 8
2021-10-18 10:03:08,752 DEBUG (BaseJdbcLogger.java:159)- ==>  Preparing: SELECT id_remaining_sum_record, id_card_type, last_remaining_sum, create_time FROM `remaining_sum_record` WHERE DATE_FORMAT(create_time, '%Y%m') = DATE_FORMAT(?, '%Y%m') 
2021-10-18 10:03:08,753 DEBUG (BaseJdbcLogger.java:159)- ==> Parameters: 2021-08-01(String)
2021-10-18 10:03:08,771 DEBUG (BaseJdbcLogger.java:159)- <==      Total: 8
